<?xml version="1.0" encoding="UTF-8"?>
<!-- Generated by org.testng.reporters.JUnitXMLReporter -->
<testsuite hostname="evansm-hp-pavilion-15-notebook-pc" ignored="0" name="Surefire test" tests="5" failures="0" timestamp="2019-09-12T11:24:35 EAT" time="4.872" errors="0">
  <testcase name="testCreateTables on testCreateTables(com.evens.great.greatTest)" time="0.731" classname="com.evens.great.greatTest"/>
  <testcase name="testUrl on testUrl(com.evens.great.greatTest)" time="2.755" classname="com.evens.great.greatTest"/>
  <testcase name="testInsertMoviesGenres on testInsertMoviesGenres(com.evens.great.greatTest)" time="3.089" classname="com.evens.great.greatTest"/>
  <testcase name="testInsertGenres on testInsertGenres(com.evens.great.greatTest)" time="4.077" classname="com.evens.great.greatTest"/>
  <testcase name="testInsertMovies on testInsertMovies(com.evens.great.greatTest)" time="4.803" classname="com.evens.great.greatTest"/>
</testsuite> <!-- Surefire test -->
