<?xml version="1.0" encoding="UTF-8"?>
<!-- Generated by org.testng.reporters.JUnitXMLReporter -->
<testsuite hostname="evansm-hp-pavilion-15-notebook-pc" ignored="0" name="Surefire test" tests="6" failures="0" timestamp="2019-09-12T13:09:16 EAT" time="7.444" errors="0">
  <testcase name="testCreateTables on testCreateTables(com.evens.great.greatTest)" time="1.432" classname="com.evens.great.greatTest"/>
  <testcase name="testUrl on testUrl(com.evens.great.greatTest)" time="4.142" classname="com.evens.great.greatTest"/>
  <testcase name="testInsertMoviesGenres on testInsertMoviesGenres(com.evens.great.greatTest)" time="4.896" classname="com.evens.great.greatTest"/>
  <testcase name="testInsertGenres on testInsertGenres(com.evens.great.greatTest)" time="6.359" classname="com.evens.great.greatTest"/>
  <testcase name="testInsertMovies on testInsertMovies(com.evens.great.greatTest)" time="7.182" classname="com.evens.great.greatTest"/>
  <testcase name="testMysql on testMysql(com.evens.great.DBTest)" time="0.089" classname="com.evens.great.DBTest"/>
</testsuite> <!-- Surefire test -->
