-------------------------------------------------------------------------------
Test set: greatTest
-------------------------------------------------------------------------------
Tests run: 6, Failures: 1, Errors: 0, Skipped: 0, Time elapsed: 201.142 sec <<< FAILURE! - in greatTest
testUrl on testUrl(greatTest)(greatTest)  Time elapsed: 2.685 sec  <<< FAILURE!
java.lang.AssertionError: expected:<null> but was:<[{"genre":"Crime|Drama","movieID":1,"title":"Alpha Dog"},{"genre":"Comedy|Drama|Horror","movieID":2,"title":"Taxidermia"},{"genre":"Comedy|Crime|Drama","movieID":3,"title":"Double Dhamaal"},{"genre":"Adventure|Drama|Romance","movieID":4,"title":"Mutiny on the Bounty"},{"genre":"Action|Thriller","movieID":5,"title":"Extreme Justice"},{"genre":"Documentary","movieID":6,"title":"Man on Wire"},{"genre":"Action|Adventure|Sci-Fi","movieID":7,"title":"Journey to the Center of the Earth"},{"genre":"Comedy|Drama|Romance","movieID":8,"title":"Chaos Theory"},{"genre":"Drama|Musical","movieID":9,"title":"Cremaster 5"},{"genre":"Action|Comedy|Drama","movieID":10,"title":"Cannonball"},{"genre":"Drama|Thriller","movieID":11,"title":"Restraint"},{"genre":"Comedy","movieID":12,"title":"Wheelmen"},{"genre":"Comedy","movieID":13,"title":"I Got the Hook Up"},{"genre":"Horror","movieID":14,"title":"Smiley"},{"genre":"Action|Adventure|Thriller","movieID":15,"title":"Shadow Warriors 2 (Assault on Devil's Island)"},{"genre":"Drama","movieID":16,"title":"Miral"},{"genre":"Comedy|Drama|Romance","movieID":17,"title":"Agata and the Storm (Agata e la tempesta)"},{"genre":"Crime|Romance|Thriller","movieID":18,"title":"Jagged Edge"},{"genre":"Drama|Romance","movieID":19,"title":"Enchanted April"},{"genre":"Horror|Mystery|Thriller","movieID":20,"title":"Lizard in a Woman's Skin, A (Lucertola con la pelle di donna, Una)"},{"genre":"Drama|Thriller","movieID":21,"title":"Michael"},{"genre":"Drama","movieID":22,"title":"On the Beach"},{"genre":"Drama|War","movieID":23,"title":"Generation War"},{"genre":"Action|Adventure","movieID":24,"title":"Long John Silver"},{"genre":"Documentary","movieID":25,"title":"Girl Next Door, The"},{"genre":"Action|Drama","movieID":26,"title":"Rocky Balboa"},{"genre":"Action|Adventure|Sci-Fi","movieID":27,"title":"Road Warrior, The (Mad Max 2)"},{"genre":"Comedy","movieID":28,"title":"Mille bolle blu"},{"genre":"Drama","movieID":29,"title":"Alice"},{"genre":"Horror|Sci-Fi|Thriller","movieID":30,"title":"Night of the Lepus"},{"genre":"Drama","movieID":31,"title":"If...."},{"genre":"Drama|War","movieID":32,"title":"Battle of the Rails, The (La bataille du rail)"},{"genre":"Horror|Thriller","movieID":33,"title":"Believers, The"},{"genre":"Documentary","movieID":34,"title":"Soviet Story, The"},{"genre":"Action|Sci-Fi","movieID":35,"title":"Thunderbird Six"},{"genre":"Animation|Children|Fantasy|Musical","movieID":36,"title":"Beauty and the Beast: The Enchanted Christmas"},{"genre":"Drama","movieID":37,"title":"Life of Oharu, The (Saikaku ichidai onna)"},{"genre":"Comedy|Drama","movieID":38,"title":"12:08 East of Bucharest (A fost sau n-a fost?)"},{"genre":"Sci-Fi","movieID":39,"title":"Things to Come"},{"genre":"Drama","movieID":40,"title":"Attack, The"},{"genre":"Documentary","movieID":41,"title":"Bastards"},{"genre":"Action","movieID":42,"title":"Bounty Hunters (Bail Enforcers)"},{"genre":"Documentary","movieID":43,"title":"Bully"},{"genre":"Crime|Drama|Film-Noir","movieID":44,"title":"The Amazing Dr. Clitterhouse"},{"genre":"Horror|Thriller","movieID":45,"title":"Train"},{"genre":"Drama","movieID":46,"title":"Holly"},{"genre":"Drama|Thriller","movieID":47,"title":"Ape, The (Apan)"},{"genre":"Comedy","movieID":48,"title":"Ninette"},{"genre":"Comedy|Drama|Romance","movieID":49,"title":"Last Time, The"},{"genre":"Drama","movieID":50,"title":"Hawaiians, The"},{"genre":"Comedy","movieID":51,"title":"Nickelodeon"},{"genre":"Drama|War","movieID":52,"title":"Gardens of Stone"},{"genre":"Crime|Horror|Mystery|Sci-Fi","movieID":53,"title":"Idle Mist (Vana Espuma)"},{"genre":"Drama","movieID":54,"title":"Guter Junge"},{"genre":"Crime|Romance|Thriller","movieID":55,"title":"Rx"},{"genre":"Children|Drama","movieID":56,"title":"Now and Then"},{"genre":"Comedy|Fantasy","movieID":57,"title":"Gods Must Be Crazy III, The (a.k.a. Crazy Safari) (Fei zhou he shang)"},{"genre":"Drama","movieID":58,"title":"Other Woman, The"},{"genre":"Sci-Fi","movieID":59,"title":"Parallels"},{"genre":"Drama|Mystery|Thriller","movieID":60,"title":"Stoker"},{"genre":"Drama|Thriller","movieID":61,"title":"Crave"},{"genre":"Crime|Drama|Film-Noir|Thriller","movieID":62,"title":"Murder by Contract"},{"genre":"Comedy","movieID":63,"title":"W.W. and the Dixie Dancekings"},{"genre":"Drama","movieID":64,"title":"LUV"},{"genre":"Drama","movieID":65,"title":"Preacher's Wife, The"},{"genre":"Drama|Romance","movieID":66,"title":"Theory of Everything, The"},{"genre":"Drama|Romance","movieID":67,"title":"Cruel Romance, A (Zhestokij Romans)"},{"genre":"Action|Thriller","movieID":68,"title":"Enemy of the State"},{"genre":"Drama","movieID":69,"title":"Levity"},{"genre":"Action|Children","movieID":70,"title":"Stormbreaker (Alex Rider: Operation Stormbreaker)"},{"genre":"Drama","movieID":71,"title":"Diving Bell and the Butterfly, The (Scaphandre et le papillon, Le)"},{"genre":"Comedy|Drama|Romance","movieID":72,"title":"Don Juan DeMarco"},{"genre":"Drama|Romance","movieID":73,"title":"W.E."},{"genre":"Documentary","movieID":74,"title":"Steal This Film"},{"genre":"Comedy|Crime","movieID":75,"title":"Stand Up Guys"},{"genre":"Comedy|Drama|Musical","movieID":76,"title":"Reefer Madness: The Movie Musical"},{"genre":"Drama","movieID":77,"title":"Woman's Tale, A"},{"genre":"Action|Crime|Drama","movieID":78,"title":"Harley Davidson and the Marlboro Man"},{"genre":"Action|Crime|Thriller","movieID":79,"title":"S.W.A.T.: Firefight"},{"genre":"Crime|Drama|Thriller|Western","movieID":80,"title":"Killer Inside Me, The"},{"genre":"Crime|Drama","movieID":81,"title":"St. Valentine's Day Massacre, The"},{"genre":"Action|Adventure|Thriller","movieID":82,"title":"12 Rounds 2: Reloaded"},{"genre":"Drama|Horror|Thriller","movieID":83,"title":"1408"},{"genre":"Crime|Drama|Romance","movieID":84,"title":"First Name: Carmen (Prénom Carmen)"},{"genre":"Drama|Romance|Sci-Fi","movieID":85,"title":"Eternal Sunshine of the Spotless Mind"},{"genre":"Animation|Comedy|Sci-Fi","movieID":86,"title":"Monsters vs Aliens: Mutant Pumpkins from Outer Space"},{"genre":"Drama","movieID":87,"title":"Hannah Arendt"},{"genre":"Drama","movieID":88,"title":"Ice Bound"},{"genre":"Drama","movieID":89,"title":"Feel the Noise"},{"genre":"Comedy|Western","movieID":90,"title":"There Was a Crooked Man..."},{"genre":"Action","movieID":91,"title":"Good Guys Wear Black"},{"genre":"Adventure","movieID":92,"title":"White Water Summer"},{"genre":"Comedy|Drama","movieID":93,"title":"Let it Rain (Parlez-moi de la pluie)"},{"genre":"Adventure|Children|Comedy|Fantasy|Mystery","movieID":94,"title":"Scooby-Doo"},{"genre":"Drama","movieID":95,"title":"Moment of Truth, The (Il momento della verità)"},{"genre":"Horror|Thriller","movieID":96,"title":"House at the End of the Street"},{"genre":"Documentary","movieID":97,"title":"Let the Fire Burn"},{"genre":"Documentary","movieID":98,"title":"Lightning in a Bottle"},{"genre":"Sci-Fi","movieID":99,"title":"Alien Nation: Body and Soul"},{"genre":"Comedy|Drama","movieID":100,"title":"Only When I Laugh"},{"genre":"Documentary","movieID":101,"title":"When the Levees Broke: A Requiem in Four Acts"},{"genre":"(no genres listed)","movieID":102,"title":"Lucrèce Borgia"},{"genre":"Comedy|Drama","movieID":103,"title":"Rules of the Game, The (La règle du jeu)"},{"genre":"Adventure|Drama|Fantasy","movieID":104,"title":"Valerie and Her Week of Wonders (Valerie a týden divu)"},{"genre":"Adventure|Children|Drama","movieID":105,"title":"Running Free"},{"genre":"Action|Crime|Drama|Thriller","movieID":106,"title":"Colt 38 Special Squad"},{"genre":"Action|Drama|War","movieID":107,"title":"Cockleshell Heroes, The"},{"genre":"Comedy","movieID":108,"title":"Cabin Boy"},{"genre":"Documentary","movieID":109,"title":"Conan O'Brien Can't Stop"},{"genre":"Comedy|Drama|Romance","movieID":110,"title":"Hobson's Choice"},{"genre":"Animation|Drama|Romance|War","movieID":111,"title":"Corto Maltese: Under the Sign of Capricorn (Sous le signe du capricorne)"},{"genre":"Drama","movieID":112,"title":"Diary of a Nymphomaniac (Diario de una Ninfómana)"},{"genre":"Drama","movieID":113,"title":"Chameleon, The "},{"genre":"Horror|Sci-Fi","movieID":114,"title":"X from Outer Space, The (Uchû daikaijû Girara)"},{"genre":"Adventure|Comedy|Fantasy|Horror","movieID":115,"title":"Night of the Living Dead 3D"},{"genre":"Action|Adventure|Children|Comedy|Crime","movieID":116,"title":"Catch That Kid"},{"genre":"Crime|Drama","movieID":117,"title":"G Men"},{"genre":"Children|Drama","movieID":118,"title":"The Encounter"},{"genre":"Drama","movieID":119,"title":"We Don't Live Here Anymore"},{"genre":"Crime|Documentary","movieID":120,"title":"Condemned, The"},{"genre":"Animation|Children|Fantasy","movieID":121,"title":"Momo"},{"genre":"Drama|Romance","movieID":122,"title":"Mustalaishurmaaja"},{"genre":"Comedy|Romance","movieID":123,"title":"Fitzwilly"},{"genre":"Western","movieID":124,"title":"Big Jake"},{"genre":"Drama","movieID":125,"title":"They Drive by Night"},{"genre":"Crime|Thriller","movieID":126,"title":"Hunters, The (Jägarna)"},{"genre":"Drama|Romance","movieID":127,"title":"All the Mornings of the World (Tous les matins du monde)"},{"genre":"Action|Adventure|Fantasy|Sci-Fi","movieID":128,"title":"Mysterious Island"},{"genre":"Action|Drama","movieID":129,"title":"Bending the Rules"},{"genre":"Horror","movieID":130,"title":"Kiss of the Vampire, The"},{"genre":"Comedy|Crime","movieID":131,"title":"School for Scoundrels"},{"genre":"Drama|Romance","movieID":132,"title":"Visitor, The"},{"genre":"Horror|Mystery","movieID":133,"title":"Toolbox Murders"},{"genre":"Comedy|Drama|Romance|War","movieID":134,"title":"Music Within"},{"genre":"Comedy|Fantasy","movieID":135,"title":"Witching and Bitching (Brujas de Zugarramurdi, Las)"},{"genre":"Comedy|Drama","movieID":136,"title":"Prick Up Your Ears"},{"genre":"Drama|Romance","movieID":137,"title":"Stay as You Are"},{"genre":"Adventure|Thriller|Western","movieID":138,"title":"Missing, The"},{"genre":"Comedy|Horror","movieID":139,"title":"Bloody Bloody Bible Camp"},{"genre":"Drama","movieID":140,"title":"Julien Donkey-Boy"},{"genre":"Action|Crime|Thriller","movieID":141,"title":"Likeable Mister R, The (Simpaticul domn R)"},{"genre":"Drama|Musical|Romance","movieID":142,"title":"Show Boat"},{"genre":"Action|Fantasy|Horror|Thriller","movieID":143,"title":"Underworld: Rise of the Lycans"},{"genre":"Thriller","movieID":144,"title":"The Mark of the Angels - Miserere"},{"genre":"Comedy","movieID":145,"title":"Tim and Eric's Billion Dollar Movie"},{"genre":"Comedy","movieID":146,"title":"Down and Out in Beverly Hills"},{"genre":"Crime|Horror|Mystery|Thriller","movieID":147,"title":"Tell Me Something (Telmisseomding)"},{"genre":"Fantasy|Horror|Mystery|Thriller","movieID":148,"title":"Dagon"},{"genre":"Documentary","movieID":149,"title":"Decline of Western Civilization Part II: The Metal Years, The"},{"genre":"Comedy","movieID":150,"title":"Day's Pleasure, A (Ford Story, A)"},{"genre":"Musical","movieID":151,"title":"High School Musical 3: Senior Year"},{"genre":"Drama","movieID":152,"title":"Love & Pop"},{"genre":"Comedy|Romance","movieID":153,"title":"Carnival in Flanders (La kermesse héroïque)"},{"genre":"Documentary","movieID":154,"title":"Triumph of the Will (Triumph des Willens)"},{"genre":"Adventure|Sci-Fi","movieID":155,"title":"At the Earth's Core"},{"genre":"Comedy|Romance","movieID":156,"title":"Steamboat Bill, Jr."},{"genre":"Documentary","movieID":157,"title":"Joan Rivers: A Piece of Work"},{"genre":"Comedy|Musical|Romance","movieID":158,"title":"Let's Make Love"},{"genre":"Drama","movieID":159,"title":"Story Written with Water, A (Mizu de kakareta monogatari)"},{"genre":"Animation|Fantasy","movieID":160,"title":"Snow Queen"},{"genre":"Comedy|Musical","movieID":161,"title":"Very Potter Sequel, A"},{"genre":"Drama","movieID":162,"title":"I, the Worst of All (Yo, la peor de todas)"},{"genre":"Comedy|Drama","movieID":163,"title":"Everybody's Fine (Stanno tutti bene)"},{"genre":"Drama|Romance","movieID":164,"title":"Children of Paradise (Les enfants du paradis)"},{"genre":"Action|Crime","movieID":165,"title":"Italian Job, The"},{"genre":"Drama","movieID":166,"title":"Lost Christmas"},{"genre":"Action|Sci-Fi","movieID":167,"title":"Conquest of the Planet of the Apes"},{"genre":"Comedy|Drama","movieID":168,"title":"Idiots, The (Idioterne)"},{"genre":"Horror","movieID":169,"title":"Vampire Lovers, The"},{"genre":"Drama|Thriller","movieID":170,"title":"Derailed"},{"genre":"Documentary","movieID":171,"title":"Benji "},{"genre":"Drama","movieID":172,"title":"This Sporting Life"},{"genre":"Action|Adventure|Fantasy","movieID":173,"title":"Conan the Barbarian"},{"genre":"Thriller","movieID":174,"title":"Escapist, The"},{"genre":"Drama|Fantasy|Romance","movieID":175,"title":"Matter of Life and Death, A (Stairway to Heaven)"},{"genre":"Comedy|Horror","movieID":176,"title":"Frankenhooker"},{"genre":"Drama","movieID":177,"title":"Like It Is"},{"genre":"Action|Adventure","movieID":178,"title":"Good Man in Africa, A"},{"genre":"Documentary","movieID":179,"title":"Recruiter, The"},{"genre":"Drama|Romance","movieID":180,"title":"Days of Being Wild (A Fei jingjyuhn)"},{"genre":"Documentary","movieID":181,"title":"Steam of Life (Miesten vuoro)"},{"genre":"Drama","movieID":182,"title":"On a Clear Day"},{"genre":"Drama","movieID":183,"title":"Ice Castles"},{"genre":"Comedy|Drama","movieID":184,"title":"Biloxi Blues"},{"genre":"Comedy","movieID":185,"title":"Jesus Henry Christ"},{"genre":"Drama","movieID":186,"title":"Bloodbrothers"},{"genre":"Comedy|Mystery","movieID":187,"title":"Manhattan Murder Mystery"},{"genre":"Drama|Thriller","movieID":188,"title":"Blindness"},{"genre":"Crime|Drama|War","movieID":189,"title":"Salvatore Giuliano"},{"genre":"Drama","movieID":190,"title":"Vitus"},{"genre":"Drama|War","movieID":191,"title":"Hangmen Also Die"},{"genre":"Drama","movieID":192,"title":"Zero"},{"genre":"Drama|Thriller","movieID":193,"title":"Cold Light of Day, The"},{"genre":"Action|Adventure|Comedy|Romance","movieID":194,"title":"Jewel of the Nile, The"},{"genre":"Comedy","movieID":195,"title":"Finger, The (Dedo, El)"},{"genre":"Comedy|Drama|Romance","movieID":196,"title":"No Rest for the Brave (Pas de repos pour les braves)"},{"genre":"Crime|Drama","movieID":197,"title":"Bells, The"},{"genre":"Documentary","movieID":198,"title":"Knuckle "},{"genre":"Comedy|Drama|Romance","movieID":199,"title":"Idiot Returns, The (Návrat idiota)"},{"genre":"Action|Comedy","movieID":200,"title":"Drunken Tai Chi (Siu taai gik)"},{"genre":"Adventure|Fantasy","movieID":201,"title":"Inkheart"},{"genre":"Comedy","movieID":202,"title":"Dinner Guest, The (L'invité)"},{"genre":"Drama|Thriller","movieID":203,"title":"Blackwoods"},{"genre":"Horror","movieID":204,"title":"Curse of Frankenstein, The"},{"genre":"Adventure|Comedy|Romance","movieID":205,"title":"Sullivan's Travels"},{"genre":"Fantasy|Horror","movieID":206,"title":"Company of Wolves, The"},{"genre":"Drama","movieID":207,"title":"Hell (L'enfer)"},{"genre":"Drama","movieID":208,"title":"Game of Their Lives, The"},{"genre":"Drama","movieID":209,"title":"One on One"},{"genre":"Comedy|Drama","movieID":210,"title":"Good Luck. And Take Care of Each Other"},{"genre":"Horror|Mystery|Thriller","movieID":211,"title":"People Under the Stairs, The"},{"genre":"Drama","movieID":212,"title":"One Night with the King"},{"genre":"Drama","movieID":213,"title":"Dirties, The"},{"genre":"Adventure|Romance","movieID":214,"title":"Medicine Man"},{"genre":"Action","movieID":215,"title":"Tournament, The"},{"genre":"Action|Comedy|Crime","movieID":216,"title":"Sunburn"},{"genre":"Crime|Drama","movieID":217,"title":"Wild Bill"},{"genre":"Drama|Romance|Thriller","movieID":218,"title":"Far North"},{"genre":"Action|Drama|Thriller|War","movieID":219,"title":"'71"},{"genre":"Mystery|Western","movieID":220,"title":"Five Card Stud (a.k.a. 5 Card Stud)"},{"genre":"Adventure|Comedy","movieID":221,"title":"Mystery on Monster Island"},{"genre":"Comedy","movieID":222,"title":"The Swedish Moment"},{"genre":"Documentary","movieID":223,"title":"Raw Deal: A Question of Consent"},{"genre":"Children|Comedy","movieID":224,"title":"Harriet the Spy"},{"genre":"Drama","movieID":225,"title":"That Day, on the Beach (Hai tan de yi tian)"},{"genre":"Comedy","movieID":226,"title":"How to Be a Player"},{"genre":"War","movieID":227,"title":"Lion of the Desert"},{"genre":"Documentary","movieID":228,"title":"WikiRebels: The Documentary"},{"genre":"Drama","movieID":229,"title":"Shadow of Angels (Schatten der Engel)"},{"genre":"Crime|Romance","movieID":230,"title":"You and Me"},{"genre":"Comedy|Romance","movieID":231,"title":"Sixteen Candles"},{"genre":"Comedy|Western","movieID":232,"title":"The Seven Males"},{"genre":"Drama","movieID":233,"title":"Running on Empty"},{"genre":"Comedy|Romance|Western","movieID":234,"title":"Many Rivers to Cross"},{"genre":"Drama|War","movieID":235,"title":"Red Badge of Courage, The"},{"genre":"Action|Drama|War","movieID":236,"title":"Into the White (Cross of Honour)"},{"genre":"Action|Adventure|Animation|Children|Sci-Fi","movieID":237,"title":"Kaena: The Prophecy (Kaena: La prophétie)"},{"genre":"Comedy|Fantasy|Horror|Sci-Fi|Thriller","movieID":238,"title":"Puppet Master vs. Demonic Toys (Puppet Master 9)"},{"genre":"Drama","movieID":239,"title":"Change of Habit"},{"genre":"Comedy","movieID":240,"title":"That's My Boy"},{"genre":"Action|Drama|Thriller","movieID":241,"title":"Bullies"},{"genre":"Thriller","movieID":242,"title":"Borgman"},{"genre":"Documentary","movieID":243,"title":"Hybrid"},{"genre":"Drama|Horror|Thriller","movieID":244,"title":"Backcountry"},{"genre":"Comedy|Drama","movieID":245,"title":"Some Kind of Hero"},{"genre":"Action|Fantasy|Horror|Thriller","movieID":246,"title":"Day Watch (Dnevnoy dozor)"},{"genre":"Crime|Drama","movieID":247,"title":"Storm Warning"},{"genre":"Documentary","movieID":248,"title":"Filth and the Fury, The"},{"genre":"Sci-Fi|Thriller","movieID":249,"title":"Return, The"},{"genre":"Documentary","movieID":250,"title":"Bobby Fischer Against the World"},{"genre":"Drama|Romance","movieID":251,"title":"Blue Swallow (Cheong yeon)"},{"genre":"Drama|Romance","movieID":252,"title":"Girl with a Pearl Earring"},{"genre":"Action|Adventure|Comedy|Romance","movieID":253,"title":"Three Musketeers, The"},{"genre":"Documentary|War","movieID":254,"title":"The Hornet's Nest"},{"genre":"(no genres listed)","movieID":255,"title":"Glitterbug"},{"genre":"Comedy|Drama|Romance","movieID":256,"title":"Meet Monica Velour"},{"genre":"Thriller","movieID":257,"title":"Aks"},{"genre":"Crime|Drama|Film-Noir|Thriller","movieID":258,"title":"Key Largo"},{"genre":"Action|Adventure|Sci-Fi","movieID":259,"title":"Hulk"},{"genre":"Action|Comedy|Crime","movieID":260,"title":"Cop Out"},{"genre":"Action|Comedy","movieID":261,"title":"Project A ('A' gai waak)"},{"genre":"Action|Drama|Romance","movieID":262,"title":"Bullfighter and the Lady"},{"genre":"Crime|Drama|Romance","movieID":263,"title":"Havoc"},{"genre":"Comedy","movieID":264,"title":"College"},{"genre":"Drama","movieID":265,"title":"Swades: We, the People (Our Country)"},{"genre":"Comedy|Drama|Romance","movieID":266,"title":"Elena and Her Men (Paris Does Strange Things) (Elena et les hommes)"},{"genre":"Comedy|Drama|Romance","movieID":267,"title":"God's Little Acre"},{"genre":"Action|Crime|Thriller","movieID":268,"title":"Hitman"},{"genre":"Drama","movieID":269,"title":"Hangtime - Kein leichtes Spiel"},{"genre":"Drama|Mystery","movieID":270,"title":"Girl with Hyacinths"},{"genre":"Action|Crime|Drama|Thriller","movieID":271,"title":"Memory of a Killer, The (Zaak Alzheimer, De)"},{"genre":"Drama","movieID":272,"title":"Butterfly"},{"genre":"Crime|Drama","movieID":273,"title":"Doorway to Hell, The"},{"genre":"Documentary","movieID":274,"title":"Confessions of a Superhero"},{"genre":"Horror|Thriller","movieID":275,"title":"Black Rock"},{"genre":"Children|Comedy|Drama","movieID":276,"title":"Tru Confessions"},{"genre":"Drama","movieID":277,"title":"Stoplight Society, The (La Sociedad del Semáforo)"},{"genre":"Action|Drama|Thriller","movieID":278,"title":"Wicked Blood"},{"genre":"Drama|War","movieID":279,"title":"Gung Ho! (Gung Ho!: The Story of Carlson's Makin Island Raiders)"},{"genre":"Action|Comedy|Crime|Fantasy|Thriller|IMAX","movieID":280,"title":"Green Hornet, The"},{"genre":"Drama","movieID":281,"title":"Cazuza - O Tempo Não Pára"},{"genre":"Drama","movieID":282,"title":"Pascali's Island"},{"genre":"Drama|Horror","movieID":283,"title":"Dorian Gray"},{"genre":"Comedy|Horror|Romance","movieID":284,"title":"Vampire in Brooklyn"},{"genre":"Drama|War","movieID":285,"title":"World War II: When Lions Roared"},{"genre":"Comedy|Romance","movieID":286,"title":"Date Movie"},{"genre":"Drama|Horror","movieID":287,"title":"Battery, The"},{"genre":"Comedy|Crime|Mystery|Thriller","movieID":288,"title":"Charlie Chan in The Chinese Cat"},{"genre":"Drama|Thriller","movieID":289,"title":"Jill the Ripper (Jill Rips)"},{"genre":"Animation|Comedy","movieID":290,"title":"Seven Brothers (Seitsemän veljestä)"},{"genre":"Drama","movieID":291,"title":"Margaret's Museum"},{"genre":"Documentary","movieID":292,"title":"Somm"},{"genre":"Comedy|Musical","movieID":293,"title":"Thank God It's Friday"},{"genre":"Comedy|Fantasy|Romance|Sci-Fi","movieID":294,"title":"Nutty Professor, The"},{"genre":"Drama|Musical","movieID":295,"title":"Stomp the Yard"},{"genre":"Crime|Drama","movieID":296,"title":"Busting"},{"genre":"Drama","movieID":297,"title":"Freedom"},{"genre":"Horror|Mystery|Sci-Fi|Thriller","movieID":298,"title":"The Whisperer in Darkness"},{"genre":"Drama","movieID":299,"title":"End of Love, The"},{"genre":"Horror|Sci-Fi","movieID":300,"title":"Shadowzone"},{"genre":"Sci-Fi","movieID":301,"title":"Alien from L.A."},{"genre":"Children|Comedy|Fantasy","movieID":302,"title":"Gordy"},{"genre":"Crime|Drama|Thriller","movieID":303,"title":"Poker Club, The"},{"genre":"Action|Adventure","movieID":304,"title":"Back in Business"},{"genre":"Drama","movieID":305,"title":"Susannah of the Mounties"},{"genre":"(no genres listed)","movieID":306,"title":"The Distance"},{"genre":"Musical","movieID":307,"title":"\"Great Performances\" Cats"},{"genre":"Romance|Western","movieID":308,"title":"Long Ride Home, The"},{"genre":"Comedy|Drama|Romance","movieID":309,"title":"Mermaids"},{"genre":"Children|Drama","movieID":310,"title":"Dolphin Tale"},{"genre":"Comedy","movieID":311,"title":"Vice Versa"},{"genre":"Comedy|Drama","movieID":312,"title":"Molly"},{"genre":"Comedy|Drama","movieID":313,"title":"Adam's Apples (Adams æbler)"},{"genre":"Adventure|Animation|Children|Comedy","movieID":314,"title":"Open Season 2"},{"genre":"Drama","movieID":315,"title":"So Evil, So Young"},{"genre":"Drama|Sci-Fi","movieID":316,"title":"Killings at Outpost Zeta, The"},{"genre":"Action|Romance|Western","movieID":317,"title":"Desperado"},{"genre":"Comedy|Drama|Romance","movieID":318,"title":"Raising Helen"},{"genre":"Drama","movieID":319,"title":"Time to Leave"},{"genre":"Adventure|Animation|Drama","movieID":320,"title":"Tokyo Godfathers"},{"genre":"Comedy|Horror|Sci-Fi|Thriller","movieID":321,"title":"Sand Sharks"},{"genre":"Drama","movieID":322,"title":"¡Qué hacer!"},{"genre":"Comedy|Drama","movieID":323,"title":"Vizontele"},{"genre":"Action|Adventure|Drama|War","movieID":324,"title":"Inglorious Bastards (Quel maledetto treno blindato)"},{"genre":"Comedy|Drama","movieID":325,"title":"Hotel Very Welcome"},{"genre":"Crime|Horror|Thriller","movieID":326,"title":"Hostel: Part II"},{"genre":"Romance","movieID":327,"title":"Once Upon a Time (Der var engang)"},{"genre":"Animation|Sci-Fi","movieID":328,"title":"Congress, The"},{"genre":"Horror|Mystery","movieID":329,"title":"Messengers 2: The Scarecrow"},{"genre":"Children|Comedy|Musical","movieID":330,"title":"Muppet Musicians of Bremen, The"},{"genre":"Action|Animation|Comedy","movieID":331,"title":"Killer Bean 2: The Party"},{"genre":"Comedy|Musical","movieID":332,"title":"Panama Hattie"},{"genre":"Drama","movieID":333,"title":"Summer in Berlin (Sommer vorm Balkon)"},{"genre":"Drama","movieID":334,"title":"Kid With a Bike, The (Le gamin au vélo)"},{"genre":"Action|Animation","movieID":335,"title":"G.I. Joe: A Real American Hero (G.I. Joe: The MASS Device)"},{"genre":"Drama","movieID":336,"title":"8 Mile"},{"genre":"Comedy|Sci-Fi","movieID":337,"title":"Space Milkshake"},{"genre":"Drama|Romance","movieID":338,"title":"Yves Saint Laurent"},{"genre":"Comedy|Mystery","movieID":339,"title":"Once Upon a Crime..."},{"genre":"Horror|Thriller","movieID":340,"title":"Eye 2, The (Gin gwai 2)"},{"genre":"Action|Adventure|Drama|Fantasy|Horror|Romance|Sci-Fi","movieID":341,"title":"She"},{"genre":"Crime","movieID":342,"title":"Across 110th Street"},{"genre":"Drama","movieID":343,"title":"Valley of the Dolls"},{"genre":"Drama","movieID":344,"title":"Deep, The (Djúpið)"},{"genre":"Drama","movieID":345,"title":"Dangerous Game"},{"genre":"Adventure|Romance","movieID":346,"title":"Boy on a Dolphin"},{"genre":"Drama","movieID":347,"title":"Spitfire Grill, The"},{"genre":"Documentary","movieID":348,"title":"Armstrong Lie, The"},{"genre":"Comedy","movieID":349,"title":"Impure Thoughts"},{"genre":"Action|Crime|Drama","movieID":350,"title":"Bad Ass"},{"genre":"Drama","movieID":351,"title":"Fitzgerald Family Christmas, The"},{"genre":"Crime|Thriller","movieID":352,"title":"Border Run (Mule, The)"},{"genre":"Drama|War","movieID":353,"title":"Four Sons"},{"genre":"Horror|Sci-Fi","movieID":354,"title":"Parasite"},{"genre":"Drama|Thriller","movieID":355,"title":"Dangerous Method, A"},{"genre":"Drama|Romance","movieID":356,"title":"Voices"},{"genre":"Drama|Film-Noir|Romance","movieID":357,"title":"Woman on the Beach, The"},{"genre":"Drama|Mystery","movieID":358,"title":"The Island"},{"genre":"Drama","movieID":359,"title":"Brave, The"},{"genre":"Documentary","movieID":360,"title":"Magnetic Man, The (Magneettimies)"},{"genre":"Comedy|Drama","movieID":361,"title":"In the Soup"},{"genre":"Drama|Romance","movieID":362,"title":"Jane Austen Book Club, The"},{"genre":"Comedy|Crime","movieID":363,"title":"Great Bank Hoax, The"},{"genre":"Comedy","movieID":364,"title":"Happy End"},{"genre":"Comedy","movieID":365,"title":"Siete minutos (Seven Minutes)"},{"genre":"Comedy|Drama","movieID":366,"title":"I Don't Want to Sleep Alone (Hei yan quan)"},{"genre":"Drama","movieID":367,"title":"Memories of Underdevelopment (Memorias del subdesarrollo)"},{"genre":"Documentary","movieID":368,"title":"Boy Interrupted"},{"genre":"Drama","movieID":369,"title":"Fill the Void (Lemale et ha'halal)"},{"genre":"Drama|Romance","movieID":370,"title":"Jane Eyre"},{"genre":"Comedy","movieID":371,"title":"If a Man Answers"},{"genre":"Comedy|Drama","movieID":372,"title":"Visions of Europe"},{"genre":"Documentary","movieID":373,"title":"Oath, The"},{"genre":"Crime|Drama|Thriller","movieID":374,"title":"Brothers: The Return"},{"genre":"Thriller","movieID":375,"title":"Police Python 357"},{"genre":"Comedy","movieID":376,"title":"Kariera Nikosia Dyzmy"},{"genre":"Crime|Drama","movieID":377,"title":"Good Thief, The"},{"genre":"Horror|Sci-Fi|Thriller","movieID":378,"title":"Hollow Man"},{"genre":"Crime|Drama|Fantasy","movieID":379,"title":"Pitfall (Otoshiana)"},{"genre":"Horror","movieID":380,"title":"Corruption (a.k.a. Carnage)"},{"genre":"Comedy|Musical|Western","movieID":381,"title":"Red Garters"},{"genre":"Musical|Western","movieID":382,"title":"Can't Help Singing"},{"genre":"Drama","movieID":383,"title":"Nobody Wants the Night"},{"genre":"Drama|Romance","movieID":384,"title":"Bounce"},{"genre":"Drama","movieID":385,"title":"Still Life"},{"genre":"Comedy|Crime|Drama","movieID":386,"title":"Drogówka"},{"genre":"Action|Drama|Romance","movieID":387,"title":"First Knight"},{"genre":"Crime|Drama|Thriller","movieID":388,"title":"Karla"},{"genre":"Horror","movieID":389,"title":"Jeepers Creepers"},{"genre":"Drama|Horror|Mystery","movieID":390,"title":"Other, The"},{"genre":"Comedy|Drama|Romance","movieID":391,"title":"Yes Or No"},{"genre":"Comedy|Romance","movieID":392,"title":"Shall We Dance?"},{"genre":"Drama|Thriller","movieID":393,"title":"Cat's Meow, The"},{"genre":"Action|Adventure|Drama","movieID":394,"title":"Back In Action"},{"genre":"Drama|War","movieID":395,"title":"Lancelot of the Lake (Lancelot du Lac)"},{"genre":"Comedy|Musical|Romance","movieID":396,"title":"Presenting Lily Mars"},{"genre":"Comedy|Musical|Romance","movieID":397,"title":"Royal Wedding"},{"genre":"Action|Fantasy","movieID":398,"title":"BloodRayne"},{"genre":"Documentary|Drama","movieID":399,"title":"Marihuana"},{"genre":"Comedy|Crime|Romance","movieID":400,"title":"Cure for Love, A (Lekarstwo na milosc)"},{"genre":"Comedy|Romance","movieID":401,"title":"Expecting Love (Mala wielka milosc)"},{"genre":"Action|Adventure|Comedy","movieID":402,"title":"Armour of God (Long xiong hu di)"},{"genre":"Drama|Romance","movieID":403,"title":"Vanity Fair"},{"genre":"Action|Adventure|Animation","movieID":404,"title":"Dragon Ball Z: Bio-Broly (Doragon bôru Z 11: Sûpâ senshi gekiha! Katsu no wa ore da)"},{"genre":"Crime|Drama|Film-Noir|Thriller","movieID":405,"title":"Hickey and Boggs"},{"genre":"(no genres listed)","movieID":406,"title":"The Shoe"},{"genre":"Action|Adventure|Fantasy|Sci-Fi","movieID":407,"title":"Trip to the Moon, A (Voyage dans la lune, Le)"},{"genre":"Documentary","movieID":408,"title":"For the Love of Movies"},{"genre":"Drama|Romance","movieID":409,"title":"Dog Tags"},{"genre":"Crime|Drama|Thriller","movieID":410,"title":"The Gambler"},{"genre":"Crime|Drama|Mystery|Thriller","movieID":411,"title":"After Alice (Eye of the Killer)"},{"genre":"Drama","movieID":412,"title":"Stalin"},{"genre":"Comedy","movieID":413,"title":"Lollilove"},{"genre":"Drama|Romance","movieID":414,"title":"Hoosiers (a.k.a. Best Shot)"},{"genre":"Drama|Romance","movieID":415,"title":"Makioka Sisters, The (Sasame-yuki)"},{"genre":"Crime|Drama|Romance","movieID":416,"title":"Death in Buenos Aires (Muerte en Buenos Aires)"},{"genre":"Drama|Romance","movieID":417,"title":"Our Daily Bread"},{"genre":"Drama","movieID":418,"title":"Black Butterflies"},{"genre":"Drama","movieID":419,"title":"Tales of Ordinary Madness (Storie di Ordinaria Follia)"},{"genre":"Horror|Mystery|Thriller","movieID":420,"title":"Rose Red"},{"genre":"Horror|Mystery|Sci-Fi|Thriller","movieID":421,"title":"The Whisperer in Darkness"},{"genre":"Comedy","movieID":422,"title":"Den enskilde medborgaren"},{"genre":"Thriller","movieID":423,"title":"Messenger of Death"},{"genre":"Documentary","movieID":424,"title":"Holy Wars"},{"genre":"Documentary","movieID":425,"title":"La Rabbia"},{"genre":"Drama","movieID":426,"title":"Daughter of the Nile (Ni luo he nu er)"},{"genre":"Horror|Mystery|Thriller","movieID":427,"title":"Breathing Room"},{"genre":"Drama|Musical|Romance","movieID":428,"title":"Goodbye, Mr. Chips"},{"genre":"Comedy","movieID":429,"title":"Wirey Spindell"},{"genre":"Drama","movieID":430,"title":"Elles"},{"genre":"Action|Drama|Sci-Fi|Thriller","movieID":431,"title":"Star Trek: Nemesis"},{"genre":"Drama|Film-Noir|Romance","movieID":432,"title":"Woman on the Beach, The"},{"genre":"Action|Drama","movieID":433,"title":"True Legend (Su Qi-Er)"},{"genre":"Drama","movieID":434,"title":"Jamaica Inn"},{"genre":"Action","movieID":435,"title":"First Target"},{"genre":"Comedy","movieID":436,"title":"Boeing, Boeing"},{"genre":"Horror","movieID":437,"title":"The Oblong Box"},{"genre":"Comedy|Horror","movieID":438,"title":"Sleeping Car, The"},{"genre":"Drama","movieID":439,"title":"Go Now"},{"genre":"Drama","movieID":440,"title":"Morgen"},{"genre":"Action|Adventure|Drama","movieID":441,"title":"Scott of the Antarctic"},{"genre":"Comedy|Romance","movieID":442,"title":"Vicky Donor"},{"genre":"Documentary","movieID":443,"title":"Vinyl"},{"genre":"Horror|Mystery|Thriller","movieID":444,"title":"Strange Circus (Kimyô na sâkasu)"},{"genre":"Horror","movieID":445,"title":"Greystone Park"},{"genre":"Adventure|Comedy|Horror|Romance","movieID":446,"title":"Dr. Phibes Rises Again"},{"genre":"Drama|Romance","movieID":447,"title":"Quiet Man, The"},{"genre":"Documentary","movieID":448,"title":"My First War"},{"genre":"Drama|Romance","movieID":449,"title":"Vivere"},{"genre":"Documentary","movieID":450,"title":"Cheshire Murders, The"},{"genre":"Drama|Romance","movieID":451,"title":"All Mine to Give"},{"genre":"Musical|Romance|Western","movieID":452,"title":"Girl of the Golden West"},{"genre":"Children|Comedy","movieID":453,"title":"I, Cesar (Moi César, 10 ans 1/2, 1m39)"},{"genre":"Crime|Drama|Thriller","movieID":454,"title":"Three Way"},{"genre":"Documentary","movieID":455,"title":"Man of Aran"},{"genre":"Drama","movieID":456,"title":"Childhood of Maxim Gorky, The (Detstvo Gorkogo)"},{"genre":"Drama","movieID":457,"title":"Mondays in the Sun (Lunes al sol, Los)"},{"genre":"Drama","movieID":458,"title":"Burnt by the Sun (Utomlyonnye solntsem)"},{"genre":"Adventure|Children|Fantasy|Western","movieID":459,"title":"Tall Tale"},{"genre":"Drama","movieID":460,"title":"Man There Was, A (Terje Vigen)"},{"genre":"Comedy|Crime|Drama|Romance","movieID":461,"title":"Green Butchers, The (Grønne slagtere, De)"},{"genre":"Fantasy|Horror|Thriller","movieID":462,"title":"Silent Hill"},{"genre":"Drama|Romance","movieID":463,"title":"Star for Two, A"},{"genre":"Comedy|Romance","movieID":464,"title":"Millionaire for Christy, A (Golden Goose) (No Room for the Groom)"},{"genre":"Action|Drama","movieID":465,"title":"Breed Apart, A"},{"genre":"Comedy|Drama","movieID":466,"title":"Intervista"},{"genre":"Comedy|Sci-Fi","movieID":467,"title":"Heartbeeps"},{"genre":"Drama","movieID":468,"title":"Pastoral Hide and Seek (Den-en ni shisu)"},{"genre":"Drama","movieID":469,"title":"From the Clouds to the Resistance (Dalla nube alla resistenza)"},{"genre":"Documentary","movieID":470,"title":"Double Dare"},{"genre":"Action|Horror|Thriller","movieID":471,"title":"Mulberry Street"},{"genre":"Horror|Mystery|Thriller","movieID":472,"title":"Ringu (Ring)"},{"genre":"Drama|Thriller","movieID":473,"title":"Beautiful"},{"genre":"Comedy|Horror|Sci-Fi","movieID":474,"title":"Top of the Food Chain (a.k.a. Invasion!)"},{"genre":"Documentary","movieID":475,"title":"Shanghai Ghetto"},{"genre":"Drama|Romance","movieID":476,"title":"Day He Arrives, The (Book chon bang hyang)"},{"genre":"Action|War","movieID":477,"title":"Dirty Dozen: Next Mission, The"},{"genre":"Drama|War","movieID":478,"title":"Hell to Eternity"},{"genre":"Drama|Romance","movieID":479,"title":"Pola X"},{"genre":"Drama","movieID":480,"title":"In Praise of Love (Éloge de l'amour)"},{"genre":"Drama","movieID":481,"title":"British Intelligence"},{"genre":"Comedy","movieID":482,"title":"AmeriQua"},{"genre":"Action|Adventure","movieID":483,"title":"Three Musketeers, The"},{"genre":"Drama|Fantasy|Mystery|Romance","movieID":484,"title":"Portrait of Jennie"},{"genre":"Drama","movieID":485,"title":"Month in the Country, A"},{"genre":"Action|Thriller","movieID":486,"title":"Daylight (Daglicht)"},{"genre":"Drama|Romance","movieID":487,"title":"Divorcee, The"},{"genre":"Comedy|Drama","movieID":488,"title":"Toughest Man in the World, The"},{"genre":"Children|Comedy","movieID":489,"title":"Mystery, Alaska"},{"genre":"Comedy|Drama|Fantasy|Musical","movieID":490,"title":"O Lucky Man!"},{"genre":"Action|Adventure|Animation|Comedy|Thriller","movieID":491,"title":"Teenage Mutant Ninja Turtles: Turtles Forever"},{"genre":"Drama","movieID":492,"title":"Don't Move (Non ti muovere)"},{"genre":"Crime|Drama|Romance","movieID":493,"title":"Petrified Forest, The"},{"genre":"Action|Adventure|Crime|Thriller","movieID":494,"title":"Hobo with a Shotgun"},{"genre":"Comedy|Drama|Romance","movieID":495,"title":"Wedding Banquet, The (Xi yan)"},{"genre":"Documentary|Drama","movieID":496,"title":"Is It Easy to be Young?"},{"genre":"Western","movieID":497,"title":"Return of Django (Son of Django) (Figlio di Django, Il)"},{"genre":"Comedy|Documentary","movieID":498,"title":"Exit Through the Gift Shop"},{"genre":"Documentary","movieID":499,"title":"Such Hawks Such Hounds"},{"genre":"Adventure","movieID":500,"title":"The Corsican Brothers"},{"genre":"Drama|War","movieID":501,"title":"Poll Diaries, The (Poll)"},{"genre":"Documentary","movieID":502,"title":"Erasing David"},{"genre":"Adventure|Comedy","movieID":503,"title":"Dumb & Dumber (Dumb and Dumber)"},{"genre":"Drama|Romance","movieID":504,"title":"Three Degrees Colder (3° kälter)"},{"genre":"Action|Crime|Drama|Romance|Thriller","movieID":505,"title":"Burnt Money (Plata Quemada)"},{"genre":"Drama|Thriller","movieID":506,"title":"Devil's Pond"},{"genre":"Comedy|Drama","movieID":507,"title":"August: Osage County"},{"genre":"Drama|Thriller","movieID":508,"title":"Coriolanus"},{"genre":"Drama|Romance","movieID":509,"title":"Honey"},{"genre":"Thriller","movieID":510,"title":"I as in Icarus (I... comme Icare)"},{"genre":"Drama","movieID":511,"title":"Sybil"},{"genre":"Comedy|Crime|Drama|Thriller","movieID":512,"title":"Body Count"},{"genre":"Drama|Romance","movieID":513,"title":"Mother Carey's Chickens"},{"genre":"Drama","movieID":514,"title":"Street Without End (Kagirinaki hodo)"},{"genre":"Thriller","movieID":515,"title":"Red Rock West"},{"genre":"Western","movieID":516,"title":"Hombre"},{"genre":"Comedy|Romance","movieID":517,"title":"Buying the Cow"},{"genre":"Action|Comedy|Sci-Fi|IMAX","movieID":518,"title":"Men in Black III (M.III.B.) (M.I.B.³)"},{"genre":"Action|Adventure","movieID":519,"title":"The Hunchback of Paris"},{"genre":"Adventure|Children|Comedy|Fantasy|Romance","movieID":520,"title":"Kid in King Arthur's Court, A"},{"genre":"Comedy|Drama","movieID":521,"title":"Schultze Gets the Blues"},{"genre":"Drama|Horror|Thriller","movieID":522,"title":"House"},{"genre":"Comedy","movieID":523,"title":"Bustin' Loose"},{"genre":"Drama","movieID":524,"title":"Fate Is the Hunter"},{"genre":"Drama|Mystery|Thriller","movieID":525,"title":"Cold Trail (Köld slóð)"},{"genre":"Drama","movieID":526,"title":"Eden"},{"genre":"Crime|Drama|Mystery","movieID":527,"title":"The Missing"},{"genre":"Drama","movieID":528,"title":"Miss Julie"},{"genre":"Animation|Children|Fantasy|Musical","movieID":529,"title":"Pinocchio"},{"genre":"Drama","movieID":530,"title":"Umberto D."},{"genre":"Drama|War","movieID":531,"title":"War Witch (Rebelle)"},{"genre":"Drama","movieID":532,"title":"Salo, or The 120 Days of Sodom (Salò o le 120 giornate di Sodoma)"},{"genre":"Drama","movieID":533,"title":"Quinceañera"},{"genre":"Documentary|Musical","movieID":534,"title":"Cosmic Psychos: Blokes You Can Trust"},{"genre":"Action","movieID":535,"title":"Tournament, The"},{"genre":"Drama","movieID":536,"title":"Sunshine"},{"genre":"Crime|Drama|Thriller","movieID":537,"title":"Karla"},{"genre":"Drama","movieID":538,"title":"The Horseplayer"},{"genre":"Western","movieID":539,"title":"Desert Trail, The"},{"genre":"Adventure|Sci-Fi|Thriller","movieID":540,"title":"The Hunger Games: Mockingjay - Part 1"},{"genre":"Comedy|Drama","movieID":541,"title":"Bonneville"},{"genre":"Documentary|Musical","movieID":542,"title":"Punk in London"},{"genre":"Action|Adventure|Comedy|Sci-Fi","movieID":543,"title":"Land of the Lost"},{"genre":"Adventure|Drama","movieID":544,"title":"1492: Conquest of Paradise"},{"genre":"Animation|Children|Comedy","movieID":545,"title":"Animals United"},{"genre":"Comedy","movieID":546,"title":"Associate, The"},{"genre":"Animation|Children|Comedy","movieID":547,"title":"Kung Fu Panda Holiday Special"},{"genre":"Comedy|Romance","movieID":548,"title":"Bed & Breakfast: Love is a Happy Accident (Bed & Breakfast)"},{"genre":"Comedy","movieID":549,"title":"Siegfried"},{"genre":"Action|Adventure|Comedy|Fantasy|Horror|Thriller","movieID":550,"title":"Mummy, The"},{"genre":"Documentary","movieID":551,"title":"Harvard Beats Yale 29-29"},{"genre":"Comedy","movieID":552,"title":"Flight of the Conchords: A Texan Odyssey"},{"genre":"Drama","movieID":553,"title":"Plenty"},{"genre":"Comedy","movieID":554,"title":"Diminished Capacity"},{"genre":"(no genres listed)","movieID":555,"title":"Slumber Party '57"},{"genre":"Comedy|Horror","movieID":556,"title":"WNUF Halloween Special"},{"genre":"Comedy|Fantasy","movieID":557,"title":"High Test Girls"},{"genre":"Horror","movieID":558,"title":"Survival of the Dead"},{"genre":"Action|Adventure|Sci-Fi|Thriller","movieID":559,"title":"Escape from L.A."},{"genre":"Comedy","movieID":560,"title":"Christmas Party, The (Joulubileet)"},{"genre":"Sci-Fi","movieID":561,"title":"Things to Come"},{"genre":"Drama","movieID":562,"title":"SherryBaby"},{"genre":"Crime|Film-Noir|Thriller","movieID":563,"title":"Night Court"},{"genre":"Drama|Musical","movieID":564,"title":"Million Dollar Mermaid"},{"genre":"Action|Drama","movieID":565,"title":"Mixed Blood"},{"genre":"Documentary","movieID":566,"title":"Lunch Break"},{"genre":"Drama|Romance","movieID":567,"title":"Weary River"},{"genre":"Comedy|Horror","movieID":568,"title":"Transylvania 6-5000"},{"genre":"Documentary","movieID":569,"title":"King Leopold's Ghost"},{"genre":"Comedy|Drama|Fantasy","movieID":570,"title":"Being John Malkovich"},{"genre":"Horror|Thriller","movieID":571,"title":"Dementia 13"},{"genre":"Documentary","movieID":572,"title":"Boogie Man: The Lee Atwater Story"},{"genre":"Drama","movieID":573,"title":"Pointe-Courte, La"},{"genre":"Crime|Drama|Film-Noir|Thriller","movieID":574,"title":"High Sierra"},{"genre":"Comedy","movieID":575,"title":"Delicate Art of Parking, The"},{"genre":"Drama|Film-Noir|Romance","movieID":576,"title":"Champion"},{"genre":"Comedy|Crime|Drama|Mystery","movieID":577,"title":"The Case of the Curious Bride"},{"genre":"Comedy|Drama","movieID":578,"title":"Perfect Family, The"},{"genre":"Drama|Romance|War","movieID":579,"title":"Pornography (Pornografia)"},{"genre":"Comedy","movieID":580,"title":"All in a Night's Work"},{"genre":"Action|Crime|Thriller","movieID":581,"title":"Judgment Night"},{"genre":"Mystery|Thriller","movieID":582,"title":"Bat, The"},{"genre":"Drama|Romance","movieID":583,"title":"Lady Chatterley's Lover"},{"genre":"Drama|War","movieID":584,"title":"As Far As My Feet Will Carry Me (So weit die Füße tragen)"},{"genre":"Comedy|Drama|Mystery","movieID":585,"title":"Frank"},{"genre":"Drama|Sci-Fi","movieID":586,"title":"Enigma"},{"genre":"Action|Comedy","movieID":587,"title":"Easy Wheels"},{"genre":"Comedy|Horror|Mystery","movieID":588,"title":"One Body Too Many"},{"genre":"Documentary","movieID":589,"title":"Vito"},{"genre":"Documentary","movieID":590,"title":"My Brother the Terrorist"},{"genre":"Crime|Drama|Romance","movieID":591,"title":"Brazilian Western (Faroeste Caboclo)"},{"genre":"Comedy|Musical","movieID":592,"title":"Happiest Millionaire, The"},{"genre":"Comedy|Drama","movieID":593,"title":"Change of Plans (Le code a changé)"},{"genre":"Drama","movieID":594,"title":"Written on the Wind"},{"genre":"Drama|Romance","movieID":595,"title":"Revolutionary Road"},{"genre":"Drama","movieID":596,"title":"Three Comrades"},{"genre":"Comedy","movieID":597,"title":"Bridesmaids"},{"genre":"Documentary","movieID":598,"title":"Sound City"},{"genre":"Comedy","movieID":599,"title":"Morsian yllättää"},{"genre":"Horror","movieID":600,"title":"13/13/13"},{"genre":"Documentary","movieID":601,"title":"Midnight Movies: From the Margin to the Mainstream"},{"genre":"Crime|Drama|Mystery","movieID":602,"title":"Suspect X (Yôgisha X no kenshin)"},{"genre":"Documentary","movieID":603,"title":"Four Seasons (Seasons, The) (Vremena goda)"},{"genre":"Crime|Drama|Mystery|Thriller","movieID":604,"title":"Interview, The"},{"genre":"Crime|Drama","movieID":605,"title":"Night of the Following Day, The"},{"genre":"Comedy|Drama","movieID":606,"title":"Lightnin'"},{"genre":"Comedy|Drama|Romance","movieID":607,"title":"Secretary"},{"genre":"Horror","movieID":608,"title":"Anatomy (Anatomie)"},{"genre":"Drama|Mystery","movieID":609,"title":"In the Heat of the Night"},{"genre":"Crime|Mystery","movieID":610,"title":"Appointment with Death"},{"genre":"Children|Drama","movieID":611,"title":"Kim"},{"genre":"Drama|Fantasy|Romance","movieID":612,"title":"Beastly"},{"genre":"Drama|Fantasy|Musical","movieID":613,"title":"Scrooge"},{"genre":"Comedy","movieID":614,"title":"Craig Ferguson: A Wee Bit o' Revolution"},{"genre":"Horror","movieID":615,"title":"Texas Chainsaw Massacre 2, The"},{"genre":"Thriller","movieID":616,"title":"Borgman"},{"genre":"Drama|Romance","movieID":617,"title":"Sound and the Fury, The"},{"genre":"Horror","movieID":618,"title":"Chillers"},{"genre":"Drama","movieID":619,"title":"Cold Weather"},{"genre":"Documentary","movieID":620,"title":"Human Experience, The"},{"genre":"Action|Crime|Drama","movieID":621,"title":"New Jack City"},{"genre":"Comedy|Drama|Fantasy","movieID":622,"title":"Odd Life of Timothy Green, The"},{"genre":"Comedy|Romance","movieID":623,"title":"When Harry Met Sally..."},{"genre":"Drama","movieID":624,"title":"We and the I, The"},{"genre":"Comedy|Musical","movieID":625,"title":"West Point Story, The"},{"genre":"Drama|Romance","movieID":626,"title":"Sea Gull, The"},{"genre":"Action|Adventure|War","movieID":627,"title":"Navy Seals"},{"genre":"Crime|Drama","movieID":628,"title":"Someone Like You (Unnaipol Oruvan)"},{"genre":"Drama|Thriller","movieID":629,"title":"Bottom of the Sea, The (El fondo del mar)"},{"genre":"Animation","movieID":630,"title":"Bleach: Fade to Black (Bur&#299;chi Fade to Black Kimi no Na o Yobu)"},{"genre":"Drama|Romance","movieID":631,"title":"Save the Last Dance 2"},{"genre":"Horror|Thriller","movieID":632,"title":"Incubus, The"},{"genre":"Children|Comedy","movieID":633,"title":"Home Alone 3"},{"genre":"Comedy|Crime","movieID":634,"title":"Seven Psychopaths"},{"genre":"Comedy|Drama","movieID":635,"title":"Little Nicholas (Le petit Nicolas)"},{"genre":"Documentary","movieID":636,"title":"Silent World, The (Le monde du silence)"},{"genre":"Drama","movieID":637,"title":"Putty Hill"},{"genre":"Action|Adventure|Animation|Children|Comedy","movieID":638,"title":"Bolt"},{"genre":"Thriller","movieID":639,"title":"Canyon, The"},{"genre":"Adventure|Children|Comedy|Fantasy","movieID":640,"title":"Shaggy Dog, The"},{"genre":"Drama|Thriller","movieID":641,"title":"Zandalee"},{"genre":"Comedy","movieID":642,"title":"Konopielka"},{"genre":"Drama","movieID":643,"title":"Babbitt"},{"genre":"Drama","movieID":644,"title":"Shop on Main Street, The (Obchod na korze)"},{"genre":"Drama|Mystery|Thriller","movieID":645,"title":"Kissed by Winter (Vinterkyss)"},{"genre":"Comedy|Drama","movieID":646,"title":"Deconstructing Harry"},{"genre":"Comedy|Crime|Romance","movieID":647,"title":"Gigli"},{"genre":"Romance","movieID":648,"title":"Hugo Pool"},{"genre":"Crime|Drama","movieID":649,"title":"Child I Never Was, The (Leben lang kurze Hosen Tragen, Ein)"},{"genre":"Children|Comedy|Sci-Fi","movieID":650,"title":"Honey, I Blew Up the Kid"},{"genre":"Drama","movieID":651,"title":"Music of Chance, The"},{"genre":"Action","movieID":652,"title":"T.N.T."},{"genre":"Comedy","movieID":653,"title":"Special Correspondents (Envoyés très spéciaux)"},{"genre":"Documentary","movieID":654,"title":"Sing Your Song"},{"genre":"Drama","movieID":655,"title":"Clown and the Kid, The"},{"genre":"Documentary","movieID":656,"title":"Great Communist Bank Robbery (Marele jaf comunist)"},{"genre":"Comedy|Sci-Fi","movieID":657,"title":"Repo Man"},{"genre":"Adventure|Comedy|Sci-Fi","movieID":658,"title":"Hitch Hikers Guide to the Galaxy, The"},{"genre":"Comedy|Romance|Thriller","movieID":659,"title":"Secret Life of Walter Mitty, The"},{"genre":"Drama","movieID":660,"title":"That Was Then... This Is Now"},{"genre":"Action|Comedy|Crime","movieID":661,"title":"V2: Dead Angel (Vares 2 - Jäätynyt Enkeli)"},{"genre":"Animation|Sci-Fi|IMAX","movieID":662,"title":"Monsters vs. Aliens"},{"genre":"Drama","movieID":663,"title":"Slaves of New York"},{"genre":"Horror","movieID":664,"title":"Laid To Rest"},{"genre":"Documentary","movieID":665,"title":"DiG!"},{"genre":"Drama|Horror","movieID":666,"title":"Cronos"},{"genre":"Thriller","movieID":667,"title":"Il fiore dai petali d'acciaio"},{"genre":"Crime|Mystery","movieID":668,"title":"Death on the Nile"},{"genre":"Action|Crime|Thriller","movieID":669,"title":"Restless (Uro)"},{"genre":"Drama","movieID":670,"title":"Ordinary People"},{"genre":"Action|Drama","movieID":671,"title":"Mixed Blood"},{"genre":"Drama","movieID":672,"title":"A Night for Dying Tigers"},{"genre":"Adventure|Comedy|Sci-Fi","movieID":673,"title":"Bill & Ted's Excellent Adventure"},{"genre":"War","movieID":674,"title":"Ghetto (Vilniaus Getas)"},{"genre":"Documentary","movieID":675,"title":"Captain Mike Across America (Slacker Uprising)"},{"genre":"Comedy|Crime","movieID":676,"title":"Duplex"},{"genre":"Action|Adventure|Drama|War","movieID":677,"title":"1911 (Xinhai geming)"},{"genre":"Drama","movieID":678,"title":"Yi Yi"},{"genre":"Drama","movieID":679,"title":"Above Us Only Sky"},{"genre":"Action|Drama|Sci-Fi|Thriller","movieID":680,"title":"Core, The"},{"genre":"Action|Comedy|Crime","movieID":681,"title":"White Chicks"},{"genre":"Drama","movieID":682,"title":"Beginners"},{"genre":"(no genres listed)","movieID":683,"title":"The Private Life of a Cat"},{"genre":"Crime|Mystery|Thriller","movieID":684,"title":"Mirror Crack'd, The"},{"genre":"Drama","movieID":685,"title":"Stolen Life, A"},{"genre":"Horror|Mystery|Thriller","movieID":686,"title":"Unborn, The"},{"genre":"Action|Adventure|Sci-Fi","movieID":687,"title":"Mad Max Beyond Thunderdome"},{"genre":"Drama|Musical","movieID":688,"title":"Cadillac Records"},{"genre":"Comedy","movieID":689,"title":"Trainer on the Beach 2"},{"genre":"Action|Crime|Thriller","movieID":690,"title":"Un Poliziotto Scomodo"},{"genre":"Drama","movieID":691,"title":"Margaret's Museum"},{"genre":"Documentary","movieID":692,"title":"Sins of My Father"},{"genre":"Comedy|Drama|Romance","movieID":693,"title":"Desperately Seeking Susan"},{"genre":"Comedy|Horror","movieID":694,"title":"Elvira, Mistress of the Dark"},{"genre":"Animation|Children|Fantasy","movieID":695,"title":"Hobbit, The"},{"genre":"Comedy|Drama|Romance","movieID":696,"title":"Garbage Prince"},{"genre":"Drama","movieID":697,"title":"Mala Noche"},{"genre":"Drama","movieID":698,"title":"Traveler, The (Mossafer)"},{"genre":"Drama","movieID":699,"title":"Shine of Rainbows, A"},{"genre":"Drama","movieID":700,"title":"Cotton Mary"},{"genre":"Drama","movieID":701,"title":"Autumn Sonata (Höstsonaten)"},{"genre":"Comedy","movieID":702,"title":"Farsan"},{"genre":"Drama|War","movieID":703,"title":"Mysterious X, The (Sealed Orders) (Det hemmelighedsfulde X)"},{"genre":"Drama","movieID":704,"title":"Doctor, The"},{"genre":"Documentary","movieID":705,"title":"Being Elmo: A Puppeteer's Journey"},{"genre":"Documentary","movieID":706,"title":"GLOW: The Story of the Gorgeous Ladies of Wrestling"},{"genre":"Drama","movieID":707,"title":"I Am Taraneh, I Am Fifteen Years Old (Man, taraneh, panzdah sal daram)"},{"genre":"Drama","movieID":708,"title":"Black Balloon, The"},{"genre":"Comedy","movieID":709,"title":"Nadine"},{"genre":"Crime|Drama|Thriller","movieID":710,"title":"Best of Times, The (Mei li shi guang)"},{"genre":"Comedy|Romance","movieID":711,"title":"Finding Bliss"},{"genre":"Adventure|Drama","movieID":712,"title":"High Wind in Jamaica, A"},{"genre":"Comedy|Romance","movieID":713,"title":"Manual of Love 2 (Manuale d'amore (capitoli successivi))"},{"genre":"Drama|Romance","movieID":714,"title":"Paris, Texas"},{"genre":"Action","movieID":715,"title":"American Ninja 4: The Annihilation"},{"genre":"Drama","movieID":716,"title":"Home of Dark Butterflies, The (Tummien perhosten koti)"},{"genre":"Drama","movieID":717,"title":"Private Romeo"},{"genre":"Crime|Drama|Thriller","movieID":718,"title":"Just Another Love Story (Kærlighed på film)"},{"genre":"Documentary","movieID":719,"title":"The Disappeared"},{"genre":"Horror|Thriller","movieID":720,"title":"Elfie Hopkins: Cannibal Hunter"},{"genre":"Comedy|Drama|Romance","movieID":721,"title":"Importance of Being Earnest, The"},{"genre":"Documentary","movieID":722,"title":"Silent World, The (Le monde du silence)"},{"genre":"Crime|Drama|Romance","movieID":723,"title":"Gretchen the Greenhorn"},{"genre":"Drama","movieID":724,"title":"Melbourne"},{"genre":"Documentary","movieID":725,"title":"Shock Doctrine, The"},{"genre":"Documentary","movieID":726,"title":"Human Behavior Experiments, The"},{"genre":"Documentary|Musical","movieID":727,"title":"Stones in Exile"},{"genre":"Action|Drama","movieID":728,"title":"Billy Jack"},{"genre":"Children|Comedy","movieID":729,"title":"Down and Derby"},{"genre":"Drama","movieID":730,"title":"Callejón de los milagros, El"},{"genre":"Horror|Thriller","movieID":731,"title":"New Daughter, The"},{"genre":"Children|Musical|Romance","movieID":732,"title":"Curly Top"},{"genre":"Comedy|Drama","movieID":733,"title":"Pleasures of the Flesh (Etsuraku)"},{"genre":"Crime|Drama|Horror","movieID":734,"title":"Guilty of Romance (Koi no tsumi) "},{"genre":"Comedy|Drama","movieID":735,"title":"Solitary Man"},{"genre":"Action|Adventure|Sci-Fi","movieID":736,"title":"Rocketeer, The"},{"genre":"Drama","movieID":737,"title":"Lawn Dogs"},{"genre":"Drama|Romance","movieID":738,"title":"Carrie"},{"genre":"Comedy|Drama","movieID":739,"title":"Only When I Laugh"},{"genre":"Sci-Fi","movieID":740,"title":"Earth vs. the Flying Saucers"},{"genre":"Comedy","movieID":741,"title":"Fatal Instinct"},{"genre":"Documentary","movieID":742,"title":"Better Living Through Circuitry"},{"genre":"Documentary","movieID":743,"title":"Punk's Not Dead"},{"genre":"Drama|Romance","movieID":744,"title":"Playboys, The"},{"genre":"Adventure|Animation|Children|Comedy|Fantasy","movieID":745,"title":"Asterix and the Vikings (Astérix et les Vikings)"},{"genre":"Action|Crime|Drama","movieID":746,"title":"Rich and Famous (Gong woo ching)"},{"genre":"Action|Adventure|Fantasy","movieID":747,"title":"7th Voyage of Sinbad, The"},{"genre":"Horror|Sci-Fi","movieID":748,"title":"Invisible Man, The"},{"genre":"Children","movieID":749,"title":"Quatsch und die Nasenbärbande"},{"genre":"Crime|Thriller","movieID":750,"title":"John Doe: Vigilante"},{"genre":"Animation","movieID":751,"title":"Merry Madagascar"},{"genre":"Drama","movieID":752,"title":"Beast at Bay, A"},{"genre":"Drama","movieID":753,"title":"Rendez-vous"},{"genre":"Drama|Thriller","movieID":754,"title":"Fail Safe"},{"genre":"Drama|Romance","movieID":755,"title":"Employees' Entrance"},{"genre":"Drama","movieID":756,"title":"Against the Current"},{"genre":"Horror|Thriller","movieID":757,"title":"They"},{"genre":"Drama|Musical|Romance","movieID":758,"title":"Moulin Rouge"},{"genre":"Drama","movieID":759,"title":"Last Letter, The (La dernière lettre)"},{"genre":"Drama|Romance|War","movieID":760,"title":"Shopworn Angel, The"},{"genre":"Drama","movieID":761,"title":"Sugar Cane Alley (Rue cases nègres)"},{"genre":"Drama","movieID":762,"title":"Jim Thorpe -- All-American"},{"genre":"Comedy","movieID":763,"title":"Mistress"},{"genre":"Comedy|Drama","movieID":764,"title":"Lucky Numbers"},{"genre":"Adventure|Sci-Fi","movieID":765,"title":"Land That Time Forgot, The"},{"genre":"Comedy|Sci-Fi","movieID":766,"title":"Way... Way Out"},{"genre":"Comedy|Horror|Sci-Fi","movieID":767,"title":"Critters 4"},{"genre":"Drama","movieID":768,"title":"Chariots of Fire"},{"genre":"Drama","movieID":769,"title":"Small Town, The (a.k.a. The Town) (Kasaba)"},{"genre":"Drama|Horror","movieID":770,"title":"London After Midnight"},{"genre":"Drama","movieID":771,"title":"Everybody's Got Somebody... Not Me"},{"genre":"Comedy","movieID":772,"title":"Vice Versa"},{"genre":"Action|Adventure|Comedy|Sci-Fi","movieID":773,"title":"Space Cowboys"},{"genre":"Horror","movieID":774,"title":"The Face of Marble"},{"genre":"Documentary","movieID":775,"title":"Citizen Koch"},{"genre":"Children|Drama|Sci-Fi","movieID":776,"title":"Advantageous"},{"genre":"Comedy","movieID":777,"title":"Ernest Scared Stupid"},{"genre":"Drama","movieID":778,"title":"Al otro lado"},{"genre":"Western","movieID":779,"title":"Cowboy"},{"genre":"Children|Horror","movieID":780,"title":"The Boy Who Cried Werewolf"},{"genre":"Comedy|Drama","movieID":781,"title":"Last Call, The (Tercera Llamada)"},{"genre":"Children|Comedy|Drama","movieID":782,"title":"Feast at Midnight, A"},{"genre":"Comedy","movieID":783,"title":"Pootie Tang"},{"genre":"Drama","movieID":784,"title":"Riding Alone for Thousands of Miles (Qian li zou dan qi)"},{"genre":"Comedy|Drama|Romance","movieID":785,"title":"In Therapy (Divã)"},{"genre":"Comedy|Drama|Romance","movieID":786,"title":"King of Comedy (Hei kek ji wong)"},{"genre":"Action|Comedy|Fantasy","movieID":787,"title":"Vampire Academy"},{"genre":"Drama|Thriller","movieID":788,"title":"Life Before Her Eyes, The"},{"genre":"Comedy|Drama","movieID":789,"title":"Volver"},{"genre":"Comedy|Drama|Romance|Western","movieID":790,"title":"Cowboy and the Lady, The"},{"genre":"Comedy","movieID":791,"title":"Babysitting"},{"genre":"Comedy|Fantasy|Horror","movieID":792,"title":"Demonic Toys"},{"genre":"Comedy|Drama|Romance","movieID":793,"title":"Italian for Beginners (Italiensk for begyndere)"},{"genre":"Drama|Romance","movieID":794,"title":"Bird of the Air, A (Loop, The)"},{"genre":"Comedy|Romance","movieID":795,"title":"Arthur 2: On the Rocks"},{"genre":"Action|Crime|Mystery|Sci-Fi|Thriller","movieID":796,"title":"Ticking Clock"},{"genre":"Action|Drama|War","movieID":797,"title":"Battle of the Warriors"},{"genre":"Comedy|Drama","movieID":798,"title":"Vicious Kind, The"},{"genre":"Horror","movieID":799,"title":"Don't Go in the House"},{"genre":"Comedy|Romance","movieID":800,"title":"She's the One"},{"genre":"Crime|Thriller","movieID":801,"title":"Pusher"},{"genre":"Documentary","movieID":802,"title":"Human Planet"},{"genre":"Comedy","movieID":803,"title":"Tammy"},{"genre":"Drama","movieID":804,"title":"Pushing Hands (Tui shou)"},{"genre":"Action|Crime","movieID":805,"title":"New Wave, A"},{"genre":"Comedy|Drama|Mystery|Thriller","movieID":806,"title":"Ditirambo"},{"genre":"Drama","movieID":807,"title":"Puerta de Hierro, el exilio de Perón"},{"genre":"Adventure|Children|Comedy|Drama","movieID":808,"title":"Wizard, The"},{"genre":"Crime|Mystery|Thriller","movieID":809,"title":"St. Ives"},{"genre":"Crime|Drama|Mystery|Thriller","movieID":810,"title":"Mr. Moto in Danger Island"},{"genre":"Comedy|Romance","movieID":811,"title":"Bar Girls"},{"genre":"Action|Adventure|Children|Comedy|Sci-Fi","movieID":812,"title":"Spy Kids: All the Time in the World in 4D"},{"genre":"Comedy","movieID":813,"title":"Holiday (Jour de fête)"},{"genre":"Horror|Mystery|Thriller","movieID":814,"title":"Mirrors"},{"genre":"Documentary","movieID":815,"title":"Bowling for Columbine"},{"genre":"Action|Drama|War","movieID":816,"title":"The Eagle and the Hawk"},{"genre":"Horror|Thriller","movieID":817,"title":"He Knows You're Alone (a.k.a. Blood Wedding)"},{"genre":"Documentary","movieID":818,"title":"Shadows of Liberty "},{"genre":"Drama","movieID":819,"title":"Gorgeous Hussy, The"},{"genre":"Adventure|Children|Comedy|Musical|Sci-Fi","movieID":820,"title":"Captain EO"},{"genre":"Horror","movieID":821,"title":"The Oblong Box"},{"genre":"Comedy|Drama|Musical","movieID":822,"title":"Bandslam"},{"genre":"Action|Comedy|Crime|Thriller","movieID":823,"title":"Remo Williams: The Adventure Begins"},{"genre":"Documentary","movieID":824,"title":"Modify "},{"genre":"Comedy","movieID":825,"title":"Blue State"},{"genre":"Comedy|Documentary|Romance","movieID":826,"title":"Vermont Is For Lovers"},{"genre":"Comedy","movieID":827,"title":"100 Men and a Girl (One Hundred Men and a Girl)"},{"genre":"Comedy","movieID":828,"title":"Jonah Who Will Be 25 in the Year 2000 (Jonas qui aura 25 ans en l'an 2000)"},{"genre":"Drama|Romance","movieID":829,"title":"Secrets, The (Sodot, Ha-)"},{"genre":"Crime|Drama","movieID":830,"title":"Night of the Following Day, The"},{"genre":"Drama|Musical|Thriller","movieID":831,"title":"Psych-Out"},{"genre":"Crime|Drama","movieID":832,"title":"Blues Harp"},{"genre":"Drama|War","movieID":833,"title":"Bell for Adano, A (John Hersey's A Bell for Adano)"},{"genre":"Drama","movieID":834,"title":"Wild Side"},{"genre":"Action|Crime|Drama|Sci-Fi|Thriller","movieID":835,"title":"RoboCop"},{"genre":"Comedy","movieID":836,"title":"Little Voice"},{"genre":"Comedy","movieID":837,"title":"Les Tuche"},{"genre":"Documentary","movieID":838,"title":"Backyard, The"},{"genre":"Comedy|Thriller","movieID":839,"title":"Bad Eggs"},{"genre":"Horror|Thriller","movieID":840,"title":"Surgeon, The"},{"genre":"Thriller","movieID":841,"title":"Entitled, The"},{"genre":"Action|Sci-Fi|Thriller","movieID":842,"title":"Godzilla Against MechaGodzilla (Gojira tai Mekagojira)"},{"genre":"Drama|Romance","movieID":843,"title":"Dog Tags"},{"genre":"Comedy|Drama","movieID":844,"title":"How About You..."},{"genre":"Drama","movieID":845,"title":"Todos eran culpables"},{"genre":"Comedy","movieID":846,"title":"Goat, The"},{"genre":"Action|Crime|Drama|Thriller","movieID":847,"title":"Line, The (La linea)"},{"genre":"Adventure|Children","movieID":848,"title":"My Side of the Mountain"},{"genre":"Comedy|Musical|Romance","movieID":849,"title":"I'll Be There"},{"genre":"Action|Adventure|Thriller|War","movieID":850,"title":"Marksman, The"},{"genre":"Comedy|Drama|Romance","movieID":851,"title":"Margaret"},{"genre":"Drama|Horror|Sci-Fi","movieID":852,"title":"Frankenstein"},{"genre":"Action|Comedy","movieID":853,"title":"Simon Sez"},{"genre":"Animation|Comedy","movieID":854,"title":"The Madagascar Penguins in a Christmas Caper"},{"genre":"Comedy","movieID":855,"title":"Trading Places"},{"genre":"Crime|Mystery|Thriller","movieID":856,"title":"Reservoir Dogs"},{"genre":"Drama","movieID":857,"title":"Wilson"},{"genre":"Drama","movieID":858,"title":"Majesteit"},{"genre":"Drama","movieID":859,"title":"Hell Without Limits (Lugar sin límites, El)"},{"genre":"Drama|Horror|Mystery|Thriller","movieID":860,"title":"Tale of Two Sisters, A (Janghwa, Hongryeon)"},{"genre":"Comedy|Drama","movieID":861,"title":"American Loser (Trainwreck: My Life as an Idiot)"},{"genre":"Comedy|Drama|Romance","movieID":862,"title":"Rain or Shine"},{"genre":"Action|Crime|Horror|Sci-Fi","movieID":863,"title":"The Brides of Fu Manchu"},{"genre":"Horror","movieID":864,"title":"Day of the Dead"},{"genre":"Drama|Mystery|Western","movieID":865,"title":"Dead Man"},{"genre":"Documentary","movieID":866,"title":"Out of the Clear Blue Sky"},{"genre":"Comedy|Romance","movieID":867,"title":"Wimbledon"},{"genre":"Comedy|Drama|Fantasy","movieID":868,"title":"Girl Walks Into a Bar"},{"genre":"Adventure|Children|Comedy","movieID":869,"title":"Antboy"},{"genre":"Comedy","movieID":870,"title":"Jungle Book of Regulations, A (Nie Ma Rozy Bez Ognia)"},{"genre":"Drama|War","movieID":871,"title":"Boy in the Striped Pajamas, The (Boy in the Striped Pyjamas, The)"},{"genre":"Drama","movieID":872,"title":"Lost and Delirious"},{"genre":"Comedy","movieID":873,"title":"Do Not Disturb"},{"genre":"Comedy|Drama","movieID":874,"title":"Very Social Secretary, A"},{"genre":"Documentary","movieID":875,"title":"Rocky Saga: Going the Distance, The"},{"genre":"Action|Comedy|Crime","movieID":876,"title":"Rent-A-Cop"},{"genre":"Action|Comedy|Horror","movieID":877,"title":"Dead Snow 2: Red vs. Dead "},{"genre":"Drama","movieID":878,"title":"Cold Weather"},{"genre":"Drama","movieID":879,"title":"Day and Night (Le jour et la nuit)"},{"genre":"Drama|War","movieID":880,"title":"Sergeant York"},{"genre":"Comedy|Musical|Romance","movieID":881,"title":"What a Way to Go!"},{"genre":"Action|Drama|Thriller","movieID":882,"title":"JCVD"},{"genre":"Comedy|Drama","movieID":883,"title":"Watermelon Man"},{"genre":"Drama","movieID":884,"title":"Admissions"},{"genre":"Drama|Thriller","movieID":885,"title":"Michael"},{"genre":"Action|Sci-Fi","movieID":886,"title":"Highlander II: The Quickening"},{"genre":"Documentary","movieID":887,"title":"Good Copy Bad Copy"},{"genre":"Action|Drama|Thriller|War","movieID":888,"title":"Rambo (Rambo 4)"},{"genre":"Action|Comedy|Romance","movieID":889,"title":"Chinese Odyssey 2002 (Tian xia wu shuang)"},{"genre":"Crime|Drama|Thriller","movieID":890,"title":"Carlos"},{"genre":"(no genres listed)","movieID":891,"title":"Lilla Jönssonligan på styva linan"},{"genre":"Drama","movieID":892,"title":"Game of Their Lives, The"},{"genre":"Comedy|Drama","movieID":893,"title":"The Merry Widow"},{"genre":"Comedy|War|Western","movieID":894,"title":"Two Mules for Sister Sara"},{"genre":"Adventure|Animation|Children|Comedy","movieID":895,"title":"Penguins of Madagascar"},{"genre":"Drama","movieID":896,"title":"Street Scene"},{"genre":"Drama","movieID":897,"title":"Make Way for Tomorrow"},{"genre":"Comedy|Horror","movieID":898,"title":"Innocent Blood"},{"genre":"Comedy|Drama|Romance","movieID":899,"title":"Irony of Fate, or Enjoy Your Bath! (Ironiya sudby, ili S legkim parom!)"},{"genre":"Action|Crime|Thriller","movieID":900,"title":"S.W.A.T.: Firefight"},{"genre":"Comedy","movieID":901,"title":"Smashing Time"},{"genre":"Drama|War","movieID":902,"title":"Safe Conduct (Laissez-Passer)"},{"genre":"Documentary","movieID":903,"title":"Year Zero: The Silent Death of Cambodia"},{"genre":"Adventure|Comedy","movieID":904,"title":"Mr. Robinson Crusoe"},{"genre":"Comedy|Drama","movieID":905,"title":"Doctor Bull"},{"genre":"Drama|Sci-Fi","movieID":906,"title":"Marooned"},{"genre":"Comedy","movieID":907,"title":"Rock-a-Bye Baby"},{"genre":"Action|Adventure|Comedy","movieID":908,"title":"Rundown, The"},{"genre":"Crime|Thriller","movieID":909,"title":"4.3.2.1"},{"genre":"Action|Crime|Drama","movieID":910,"title":"Shottas"},{"genre":"Documentary","movieID":911,"title":"Commune"},{"genre":"Comedy","movieID":912,"title":"Monty Python's And Now for Something Completely Different"},{"genre":"Action|Adventure|Sci-Fi","movieID":913,"title":"Flash Gordon"},{"genre":"Comedy|Crime","movieID":914,"title":"Great Diamond Robbery, The"},{"genre":"Adventure|Comedy","movieID":915,"title":"Around the World in 80 Days"},{"genre":"(no genres listed)","movieID":916,"title":"Always for Pleasure"},{"genre":"Action|Adventure|Drama|Sci-Fi|Thriller","movieID":917,"title":"Children of Men"},{"genre":"(no genres listed)","movieID":918,"title":"Lucrèce Borgia"},{"genre":"Drama|Thriller","movieID":919,"title":"Murk (Mørke)"},{"genre":"Documentary","movieID":920,"title":"Curse of the Hedgehog, The (Blestemul ariciului)"},{"genre":"Drama|Romance","movieID":921,"title":"My Summer of Love"},{"genre":"Drama|Romance","movieID":922,"title":"The Chatterley Affair"},{"genre":"Crime|Drama|Mystery","movieID":923,"title":"A Fugitive from the Past"},{"genre":"Drama|War","movieID":924,"title":"Under the Bombs"},{"genre":"Drama|War","movieID":925,"title":"PT 109"},{"genre":"Horror","movieID":926,"title":"Nightmare on Elm Street 2: Freddy's Revenge, A"},{"genre":"Drama","movieID":927,"title":"Klimt"},{"genre":"Horror|Thriller","movieID":928,"title":"Blind Date"},{"genre":"Comedy|Drama|Romance","movieID":929,"title":"Sundome"},{"genre":"Comedy|Drama|Romance","movieID":930,"title":"Love on the Run (Amour en fuite, L')"},{"genre":"Crime|Drama|Thriller","movieID":931,"title":"Cassandra's Dream"},{"genre":"Drama","movieID":932,"title":"Thurgood"},{"genre":"Comedy|Drama","movieID":933,"title":"Crane World (Mundo grúa)"},{"genre":"Comedy|Drama|Romance","movieID":934,"title":"Good Marriage, A (Beau mariage, Le)"},{"genre":"Comedy|Drama","movieID":935,"title":"Brothers, The"},{"genre":"Action|Film-Noir|Sci-Fi","movieID":936,"title":"Crime Zone"},{"genre":"Children|Comedy|Romance","movieID":937,"title":"Golden Christmas, A"},{"genre":"Comedy|Drama","movieID":938,"title":"As Cool As I Am"},{"genre":"Film-Noir|Thriller","movieID":939,"title":"No habrá paz para los malvados"},{"genre":"Drama","movieID":940,"title":"Firm, The"},{"genre":"Drama|Romance|War","movieID":941,"title":"Red Angel (Akai tenshi)"},{"genre":"Action|Adventure|Sci-Fi","movieID":942,"title":"Power/Rangers"},{"genre":"Drama|Mystery|Romance|Thriller","movieID":943,"title":"Vertigo"},{"genre":"Drama","movieID":944,"title":"Knight of Cups"},{"genre":"Comedy","movieID":945,"title":"Trojan War"},{"genre":"Action|Animation|Drama|Sci-Fi","movieID":946,"title":"Gunbuster (Top wo Narae)"},{"genre":"Comedy|Drama|Romance","movieID":947,"title":"Majestic, The"},{"genre":"Action|Comedy|Drama|Horror|Romance","movieID":948,"title":"Maniacts"},{"genre":"Drama","movieID":949,"title":"Manon of the Spring (Manon des sources)"},{"genre":"Comedy|Drama","movieID":950,"title":"Little Help, A"},{"genre":"Drama","movieID":951,"title":"Swindle, The (Bidone, Il)"},{"genre":"Drama","movieID":952,"title":"Stone Angel, The"},{"genre":"Drama","movieID":953,"title":"William Vincent (Shadows and Lies)"},{"genre":"Drama","movieID":954,"title":"Noose, The (Petla)"},{"genre":"Drama|Romance","movieID":955,"title":"Jane Austen Book Club, The"},{"genre":"Comedy|Romance","movieID":956,"title":"Dream Wife"},{"genre":"Animation","movieID":957,"title":"Your Friend the Rat"},{"genre":"Drama|Fantasy|Romance|Sci-Fi","movieID":958,"title":"These Are the Damned (a.k.a. The Damned)"},{"genre":"Drama","movieID":959,"title":"House of Tolerance"},{"genre":"Action|Adventure","movieID":960,"title":"Azumi 2: Death or Love"},{"genre":"Horror|Thriller","movieID":961,"title":"Cabin Fever 2: Spring Fever"},{"genre":"Comedy|Drama","movieID":962,"title":"Sum of Us, The"},{"genre":"Action|Animation|Drama|Sci-Fi","movieID":963,"title":"Gunbuster (Top wo Narae)"},{"genre":"Comedy|Thriller","movieID":964,"title":"Family Plot"},{"genre":"Drama","movieID":965,"title":"Scarlet Letter, The"},{"genre":"Drama|Horror|Romance|Thriller","movieID":966,"title":"Cat People"},{"genre":"Action|Adventure|Drama|War","movieID":967,"title":"King Arthur"},{"genre":"Comedy|Romance","movieID":968,"title":"FC Venus"},{"genre":"Adventure|Animation|Fantasy|IMAX","movieID":969,"title":"Legend of the Guardians: The Owls of Ga'Hoole"},{"genre":"Sci-Fi|Thriller","movieID":970,"title":"Machine, The"},{"genre":"Drama|Romance","movieID":971,"title":"Competition, The"},{"genre":"Horror","movieID":972,"title":"Grave Encounters 2"},{"genre":"Drama|Thriller","movieID":973,"title":"Holcroft Covenant, The"},{"genre":"Drama","movieID":974,"title":"Letters to Father Jacob (Postia pappi Jaakobille)"},{"genre":"Comedy|Drama","movieID":975,"title":"Wise Guys, The (Les grandes gueules)"},{"genre":"Documentary","movieID":976,"title":"Lesson Plan "},{"genre":"Documentary|Musical","movieID":977,"title":"All Tomorrow's Parties"},{"genre":"(no genres listed)","movieID":978,"title":"Somewhere Under the Broad Sky"},{"genre":"Comedy|Romance","movieID":979,"title":"Truth About Cats & Dogs, The"},{"genre":"Action|Adventure|Animation","movieID":980,"title":"How to Train Your Dragon 2"},{"genre":"Drama","movieID":981,"title":"Babymother"},{"genre":"Mystery","movieID":982,"title":"Charlie Chan's Chance"},{"genre":"Drama|Horror|Mystery","movieID":983,"title":"Blame (6 Films to Keep You Awake) (Películas para no dormir: La culpa)"},{"genre":"Action|Adventure|Fantasy","movieID":984,"title":"Ator, the Fighting Eagle (Ator l'invincibile)"},{"genre":"Musical","movieID":985,"title":"Silk Stockings"},{"genre":"Crime|Documentary|War","movieID":986,"title":"Standard Operating Procedure"},{"genre":"Drama","movieID":987,"title":"Glass Menagerie, The"},{"genre":"Drama","movieID":988,"title":"Hawk Is Dying, The"},{"genre":"Comedy|Western","movieID":989,"title":"The Seven Males"},{"genre":"Comedy|Drama","movieID":990,"title":"Chill Out! (Descongélate!)"},{"genre":"Drama|Musical|Romance","movieID":991,"title":"As it is in Heaven (Så som i himmelen)"},{"genre":"Documentary","movieID":992,"title":"Capturing the Friedmans"},{"genre":"Drama|Thriller","movieID":993,"title":"German Doctor, The (Wakolda)"},{"genre":"Drama","movieID":994,"title":"Stupid Boy (Garçon stupide)"},{"genre":"Adventure|Comedy|Fantasy","movieID":995,"title":"Nim's Island"},{"genre":"Drama","movieID":996,"title":"Tale of Zatoichi, The (Zatôichi monogatari) (Zatôichi 1)"},{"genre":"Comedy","movieID":997,"title":"Illuminata"},{"genre":"Crime|Drama|Mystery|Thriller","movieID":998,"title":"Think Fast, Mr. Moto"},{"genre":"Comedy","movieID":999,"title":"Uncle Marin, the Billionaire (Nea Marin miliardar) (Uncle Martin, the Multimillionaire)"},{"genre":"Action|Fantasy|Sci-Fi","movieID":1000,"title":"Gamera vs. Jiger"}]>
	at greatTest.testUrl(greatTest.java:48)

