<?xml version="1.0" encoding="UTF-8"?>
<testsuite xmlns:xsi="http://www.w3.org/2001/XMLSchema-instance" xsi:schemaLocation="https://maven.apache.org/surefire/maven-surefire-plugin/xsd/surefire-test-report.xsd" name="greatTest" time="201.142" tests="6" errors="0" skipped="0" failures="1">
  <properties>
[...]
</properties>
  <testcase name="testCountGenre on testCountGenre(greatTest)" classname="greatTest" time="0.025"/>
  <testcase name="testCreateTables on testCreateTables(greatTest)" classname="greatTest" time="0.425"/>
  <testcase name="testUrl on testUrl(greatTest)" classname="greatTest" time="2.685">
    <failure message="expected:&lt;null&gt; but was:&lt;[{&quot;genre&quot;:&quot;Crime|Drama&quot;,&quot;movieID&quot;:1,&quot;title&quot;:&quot;Alpha Dog&quot;},{&quot;genre&quot;:&quot;Comedy|Drama|Horror&quot;,&quot;movieID&quot;:2,&quot;title&quot;:&quot;Taxidermia&quot;},{&quot;genre&quot;:&quot;Comedy|Crime|Drama&quot;,&quot;movieID&quot;:3,&quot;title&quot;:&quot;Double Dhamaal&quot;},{&quot;genre&quot;:&quot;Adventure|Drama|Romance&quot;,&quot;movieID&quot;:4,&quot;title&quot;:&quot;Mutiny on the Bounty&quot;},{&quot;genre&quot;:&quot;Action|Thriller&quot;,&quot;movieID&quot;:5,&quot;title&quot;:&quot;Extreme Justice&quot;},{&quot;genre&quot;:&quot;Documentary&quot;,&quot;movieID&quot;:6,&quot;title&quot;:&quot;Man on Wire&quot;},{&quot;genre&quot;:&quot;Action|Adventure|Sci-Fi&quot;,&quot;movieID&quot;:7,&quot;title&quot;:&quot;Journey to the Center of the Earth&quot;},{&quot;genre&quot;:&quot;Comedy|Drama|Romance&quot;,&quot;movieID&quot;:8,&quot;title&quot;:&quot;Chaos Theory&quot;},{&quot;genre&quot;:&quot;Drama|Musical&quot;,&quot;movieID&quot;:9,&quot;title&quot;:&quot;Cremaster 5&quot;},{&quot;genre&quot;:&quot;Action|Comedy|Drama&quot;,&quot;movieID&quot;:10,&quot;title&quot;:&quot;Cannonball&quot;},{&quot;genre&quot;:&quot;Drama|Thriller&quot;,&quot;movieID&quot;:11,&quot;title&quot;:&quot;Restraint&quot;},{&quot;genre&quot;:&quot;Comedy&quot;,&quot;movieID&quot;:12,&quot;title&quot;:&quot;Wheelmen&quot;},{&quot;genre&quot;:&quot;Comedy&quot;,&quot;movieID&quot;:13,&quot;title&quot;:&quot;I Got the Hook Up&quot;},{&quot;genre&quot;:&quot;Horror&quot;,&quot;movieID&quot;:14,&quot;title&quot;:&quot;Smiley&quot;},{&quot;genre&quot;:&quot;Action|Adventure|Thriller&quot;,&quot;movieID&quot;:15,&quot;title&quot;:&quot;Shadow Warriors 2 (Assault on Devil&apos;s Island)&quot;},{&quot;genre&quot;:&quot;Drama&quot;,&quot;movieID&quot;:16,&quot;title&quot;:&quot;Miral&quot;},{&quot;genre&quot;:&quot;Comedy|Drama|Romance&quot;,&quot;movieID&quot;:17,&quot;title&quot;:&quot;Agata and the Storm (Agata e la tempesta)&quot;},{&quot;genre&quot;:&quot;Crime|Romance|Thriller&quot;,&quot;movieID&quot;:18,&quot;title&quot;:&quot;Jagged Edge&quot;},{&quot;genre&quot;:&quot;Drama|Romance&quot;,&quot;movieID&quot;:19,&quot;title&quot;:&quot;Enchanted April&quot;},{&quot;genre&quot;:&quot;Horror|Mystery|Thriller&quot;,&quot;movieID&quot;:20,&quot;title&quot;:&quot;Lizard in a Woman&apos;s Skin, A (Lucertola con la pelle di donna, Una)&quot;},{&quot;genre&quot;:&quot;Drama|Thriller&quot;,&quot;movieID&quot;:21,&quot;title&quot;:&quot;Michael&quot;},{&quot;genre&quot;:&quot;Drama&quot;,&quot;movieID&quot;:22,&quot;title&quot;:&quot;On the Beach&quot;},{&quot;genre&quot;:&quot;Drama|War&quot;,&quot;movieID&quot;:23,&quot;title&quot;:&quot;Generation War&quot;},{&quot;genre&quot;:&quot;Action|Adventure&quot;,&quot;movieID&quot;:24,&quot;title&quot;:&quot;Long John Silver&quot;},{&quot;genre&quot;:&quot;Documentary&quot;,&quot;movieID&quot;:25,&quot;title&quot;:&quot;Girl Next Door, The&quot;},{&quot;genre&quot;:&quot;Action|Drama&quot;,&quot;movieID&quot;:26,&quot;title&quot;:&quot;Rocky Balboa&quot;},{&quot;genre&quot;:&quot;Action|Adventure|Sci-Fi&quot;,&quot;movieID&quot;:27,&quot;title&quot;:&quot;Road Warrior, The (Mad Max 2)&quot;},{&quot;genre&quot;:&quot;Comedy&quot;,&quot;movieID&quot;:28,&quot;title&quot;:&quot;Mille bolle blu&quot;},{&quot;genre&quot;:&quot;Drama&quot;,&quot;movieID&quot;:29,&quot;title&quot;:&quot;Alice&quot;},{&quot;genre&quot;:&quot;Horror|Sci-Fi|Thriller&quot;,&quot;movieID&quot;:30,&quot;title&quot;:&quot;Night of the Lepus&quot;},{&quot;genre&quot;:&quot;Drama&quot;,&quot;movieID&quot;:31,&quot;title&quot;:&quot;If....&quot;},{&quot;genre&quot;:&quot;Drama|War&quot;,&quot;movieID&quot;:32,&quot;title&quot;:&quot;Battle of the Rails, The (La bataille du rail)&quot;},{&quot;genre&quot;:&quot;Horror|Thriller&quot;,&quot;movieID&quot;:33,&quot;title&quot;:&quot;Believers, The&quot;},{&quot;genre&quot;:&quot;Documentary&quot;,&quot;movieID&quot;:34,&quot;title&quot;:&quot;Soviet Story, The&quot;},{&quot;genre&quot;:&quot;Action|Sci-Fi&quot;,&quot;movieID&quot;:35,&quot;title&quot;:&quot;Thunderbird Six&quot;},{&quot;genre&quot;:&quot;Animation|Children|Fantasy|Musical&quot;,&quot;movieID&quot;:36,&quot;title&quot;:&quot;Beauty and the Beast: The Enchanted Christmas&quot;},{&quot;genre&quot;:&quot;Drama&quot;,&quot;movieID&quot;:37,&quot;title&quot;:&quot;Life of Oharu, The (Saikaku ichidai onna)&quot;},{&quot;genre&quot;:&quot;Comedy|Drama&quot;,&quot;movieID&quot;:38,&quot;title&quot;:&quot;12:08 East of Bucharest (A fost sau n-a fost?)&quot;},{&quot;genre&quot;:&quot;Sci-Fi&quot;,&quot;movieID&quot;:39,&quot;title&quot;:&quot;Things to Come&quot;},{&quot;genre&quot;:&quot;Drama&quot;,&quot;movieID&quot;:40,&quot;title&quot;:&quot;Attack, The&quot;},{&quot;genre&quot;:&quot;Documentary&quot;,&quot;movieID&quot;:41,&quot;title&quot;:&quot;Bastards&quot;},{&quot;genre&quot;:&quot;Action&quot;,&quot;movieID&quot;:42,&quot;title&quot;:&quot;Bounty Hunters (Bail Enforcers)&quot;},{&quot;genre&quot;:&quot;Documentary&quot;,&quot;movieID&quot;:43,&quot;title&quot;:&quot;Bully&quot;},{&quot;genre&quot;:&quot;Crime|Drama|Film-Noir&quot;,&quot;movieID&quot;:44,&quot;title&quot;:&quot;The Amazing Dr. Clitterhouse&quot;},{&quot;genre&quot;:&quot;Horror|Thriller&quot;,&quot;movieID&quot;:45,&quot;title&quot;:&quot;Train&quot;},{&quot;genre&quot;:&quot;Drama&quot;,&quot;movieID&quot;:46,&quot;title&quot;:&quot;Holly&quot;},{&quot;genre&quot;:&quot;Drama|Thriller&quot;,&quot;movieID&quot;:47,&quot;title&quot;:&quot;Ape, The (Apan)&quot;},{&quot;genre&quot;:&quot;Comedy&quot;,&quot;movieID&quot;:48,&quot;title&quot;:&quot;Ninette&quot;},{&quot;genre&quot;:&quot;Comedy|Drama|Romance&quot;,&quot;movieID&quot;:49,&quot;title&quot;:&quot;Last Time, The&quot;},{&quot;genre&quot;:&quot;Drama&quot;,&quot;movieID&quot;:50,&quot;title&quot;:&quot;Hawaiians, The&quot;},{&quot;genre&quot;:&quot;Comedy&quot;,&quot;movieID&quot;:51,&quot;title&quot;:&quot;Nickelodeon&quot;},{&quot;genre&quot;:&quot;Drama|War&quot;,&quot;movieID&quot;:52,&quot;title&quot;:&quot;Gardens of Stone&quot;},{&quot;genre&quot;:&quot;Crime|Horror|Mystery|Sci-Fi&quot;,&quot;movieID&quot;:53,&quot;title&quot;:&quot;Idle Mist (Vana Espuma)&quot;},{&quot;genre&quot;:&quot;Drama&quot;,&quot;movieID&quot;:54,&quot;title&quot;:&quot;Guter Junge&quot;},{&quot;genre&quot;:&quot;Crime|Romance|Thriller&quot;,&quot;movieID&quot;:55,&quot;title&quot;:&quot;Rx&quot;},{&quot;genre&quot;:&quot;Children|Drama&quot;,&quot;movieID&quot;:56,&quot;title&quot;:&quot;Now and Then&quot;},{&quot;genre&quot;:&quot;Comedy|Fantasy&quot;,&quot;movieID&quot;:57,&quot;title&quot;:&quot;Gods Must Be Crazy III, The (a.k.a. Crazy Safari) (Fei zhou he shang)&quot;},{&quot;genre&quot;:&quot;Drama&quot;,&quot;movieID&quot;:58,&quot;title&quot;:&quot;Other Woman, The&quot;},{&quot;genre&quot;:&quot;Sci-Fi&quot;,&quot;movieID&quot;:59,&quot;title&quot;:&quot;Parallels&quot;},{&quot;genre&quot;:&quot;Drama|Mystery|Thriller&quot;,&quot;movieID&quot;:60,&quot;title&quot;:&quot;Stoker&quot;},{&quot;genre&quot;:&quot;Drama|Thriller&quot;,&quot;movieID&quot;:61,&quot;title&quot;:&quot;Crave&quot;},{&quot;genre&quot;:&quot;Crime|Drama|Film-Noir|Thriller&quot;,&quot;movieID&quot;:62,&quot;title&quot;:&quot;Murder by Contract&quot;},{&quot;genre&quot;:&quot;Comedy&quot;,&quot;movieID&quot;:63,&quot;title&quot;:&quot;W.W. and the Dixie Dancekings&quot;},{&quot;genre&quot;:&quot;Drama&quot;,&quot;movieID&quot;:64,&quot;title&quot;:&quot;LUV&quot;},{&quot;genre&quot;:&quot;Drama&quot;,&quot;movieID&quot;:65,&quot;title&quot;:&quot;Preacher&apos;s Wife, The&quot;},{&quot;genre&quot;:&quot;Drama|Romance&quot;,&quot;movieID&quot;:66,&quot;title&quot;:&quot;Theory of Everything, The&quot;},{&quot;genre&quot;:&quot;Drama|Romance&quot;,&quot;movieID&quot;:67,&quot;title&quot;:&quot;Cruel Romance, A (Zhestokij Romans)&quot;},{&quot;genre&quot;:&quot;Action|Thriller&quot;,&quot;movieID&quot;:68,&quot;title&quot;:&quot;Enemy of the State&quot;},{&quot;genre&quot;:&quot;Drama&quot;,&quot;movieID&quot;:69,&quot;title&quot;:&quot;Levity&quot;},{&quot;genre&quot;:&quot;Action|Children&quot;,&quot;movieID&quot;:70,&quot;title&quot;:&quot;Stormbreaker (Alex Rider: Operation Stormbreaker)&quot;},{&quot;genre&quot;:&quot;Drama&quot;,&quot;movieID&quot;:71,&quot;title&quot;:&quot;Diving Bell and the Butterfly, The (Scaphandre et le papillon, Le)&quot;},{&quot;genre&quot;:&quot;Comedy|Drama|Romance&quot;,&quot;movieID&quot;:72,&quot;title&quot;:&quot;Don Juan DeMarco&quot;},{&quot;genre&quot;:&quot;Drama|Romance&quot;,&quot;movieID&quot;:73,&quot;title&quot;:&quot;W.E.&quot;},{&quot;genre&quot;:&quot;Documentary&quot;,&quot;movieID&quot;:74,&quot;title&quot;:&quot;Steal This Film&quot;},{&quot;genre&quot;:&quot;Comedy|Crime&quot;,&quot;movieID&quot;:75,&quot;title&quot;:&quot;Stand Up Guys&quot;},{&quot;genre&quot;:&quot;Comedy|Drama|Musical&quot;,&quot;movieID&quot;:76,&quot;title&quot;:&quot;Reefer Madness: The Movie Musical&quot;},{&quot;genre&quot;:&quot;Drama&quot;,&quot;movieID&quot;:77,&quot;title&quot;:&quot;Woman&apos;s Tale, A&quot;},{&quot;genre&quot;:&quot;Action|Crime|Drama&quot;,&quot;movieID&quot;:78,&quot;title&quot;:&quot;Harley Davidson and the Marlboro Man&quot;},{&quot;genre&quot;:&quot;Action|Crime|Thriller&quot;,&quot;movieID&quot;:79,&quot;title&quot;:&quot;S.W.A.T.: Firefight&quot;},{&quot;genre&quot;:&quot;Crime|Drama|Thriller|Western&quot;,&quot;movieID&quot;:80,&quot;title&quot;:&quot;Killer Inside Me, The&quot;},{&quot;genre&quot;:&quot;Crime|Drama&quot;,&quot;movieID&quot;:81,&quot;title&quot;:&quot;St. Valentine&apos;s Day Massacre, The&quot;},{&quot;genre&quot;:&quot;Action|Adventure|Thriller&quot;,&quot;movieID&quot;:82,&quot;title&quot;:&quot;12 Rounds 2: Reloaded&quot;},{&quot;genre&quot;:&quot;Drama|Horror|Thriller&quot;,&quot;movieID&quot;:83,&quot;title&quot;:&quot;1408&quot;},{&quot;genre&quot;:&quot;Crime|Drama|Romance&quot;,&quot;movieID&quot;:84,&quot;title&quot;:&quot;First Name: Carmen (Prénom Carmen)&quot;},{&quot;genre&quot;:&quot;Drama|Romance|Sci-Fi&quot;,&quot;movieID&quot;:85,&quot;title&quot;:&quot;Eternal Sunshine of the Spotless Mind&quot;},{&quot;genre&quot;:&quot;Animation|Comedy|Sci-Fi&quot;,&quot;movieID&quot;:86,&quot;title&quot;:&quot;Monsters vs Aliens: Mutant Pumpkins from Outer Space&quot;},{&quot;genre&quot;:&quot;Drama&quot;,&quot;movieID&quot;:87,&quot;title&quot;:&quot;Hannah Arendt&quot;},{&quot;genre&quot;:&quot;Drama&quot;,&quot;movieID&quot;:88,&quot;title&quot;:&quot;Ice Bound&quot;},{&quot;genre&quot;:&quot;Drama&quot;,&quot;movieID&quot;:89,&quot;title&quot;:&quot;Feel the Noise&quot;},{&quot;genre&quot;:&quot;Comedy|Western&quot;,&quot;movieID&quot;:90,&quot;title&quot;:&quot;There Was a Crooked Man...&quot;},{&quot;genre&quot;:&quot;Action&quot;,&quot;movieID&quot;:91,&quot;title&quot;:&quot;Good Guys Wear Black&quot;},{&quot;genre&quot;:&quot;Adventure&quot;,&quot;movieID&quot;:92,&quot;title&quot;:&quot;White Water Summer&quot;},{&quot;genre&quot;:&quot;Comedy|Drama&quot;,&quot;movieID&quot;:93,&quot;title&quot;:&quot;Let it Rain (Parlez-moi de la pluie)&quot;},{&quot;genre&quot;:&quot;Adventure|Children|Comedy|Fantasy|Mystery&quot;,&quot;movieID&quot;:94,&quot;title&quot;:&quot;Scooby-Doo&quot;},{&quot;genre&quot;:&quot;Drama&quot;,&quot;movieID&quot;:95,&quot;title&quot;:&quot;Moment of Truth, The (Il momento della verità)&quot;},{&quot;genre&quot;:&quot;Horror|Thriller&quot;,&quot;movieID&quot;:96,&quot;title&quot;:&quot;House at the End of the Street&quot;},{&quot;genre&quot;:&quot;Documentary&quot;,&quot;movieID&quot;:97,&quot;title&quot;:&quot;Let the Fire Burn&quot;},{&quot;genre&quot;:&quot;Documentary&quot;,&quot;movieID&quot;:98,&quot;title&quot;:&quot;Lightning in a Bottle&quot;},{&quot;genre&quot;:&quot;Sci-Fi&quot;,&quot;movieID&quot;:99,&quot;title&quot;:&quot;Alien Nation: Body and Soul&quot;},{&quot;genre&quot;:&quot;Comedy|Drama&quot;,&quot;movieID&quot;:100,&quot;title&quot;:&quot;Only When I Laugh&quot;},{&quot;genre&quot;:&quot;Documentary&quot;,&quot;movieID&quot;:101,&quot;title&quot;:&quot;When the Levees Broke: A Requiem in Four Acts&quot;},{&quot;genre&quot;:&quot;(no genres listed)&quot;,&quot;movieID&quot;:102,&quot;title&quot;:&quot;Lucrèce Borgia&quot;},{&quot;genre&quot;:&quot;Comedy|Drama&quot;,&quot;movieID&quot;:103,&quot;title&quot;:&quot;Rules of the Game, The (La règle du jeu)&quot;},{&quot;genre&quot;:&quot;Adventure|Drama|Fantasy&quot;,&quot;movieID&quot;:104,&quot;title&quot;:&quot;Valerie and Her Week of Wonders (Valerie a týden divu)&quot;},{&quot;genre&quot;:&quot;Adventure|Children|Drama&quot;,&quot;movieID&quot;:105,&quot;title&quot;:&quot;Running Free&quot;},{&quot;genre&quot;:&quot;Action|Crime|Drama|Thriller&quot;,&quot;movieID&quot;:106,&quot;title&quot;:&quot;Colt 38 Special Squad&quot;},{&quot;genre&quot;:&quot;Action|Drama|War&quot;,&quot;movieID&quot;:107,&quot;title&quot;:&quot;Cockleshell Heroes, The&quot;},{&quot;genre&quot;:&quot;Comedy&quot;,&quot;movieID&quot;:108,&quot;title&quot;:&quot;Cabin Boy&quot;},{&quot;genre&quot;:&quot;Documentary&quot;,&quot;movieID&quot;:109,&quot;title&quot;:&quot;Conan O&apos;Brien Can&apos;t Stop&quot;},{&quot;genre&quot;:&quot;Comedy|Drama|Romance&quot;,&quot;movieID&quot;:110,&quot;title&quot;:&quot;Hobson&apos;s Choice&quot;},{&quot;genre&quot;:&quot;Animation|Drama|Romance|War&quot;,&quot;movieID&quot;:111,&quot;title&quot;:&quot;Corto Maltese: Under the Sign of Capricorn (Sous le signe du capricorne)&quot;},{&quot;genre&quot;:&quot;Drama&quot;,&quot;movieID&quot;:112,&quot;title&quot;:&quot;Diary of a Nymphomaniac (Diario de una Ninfómana)&quot;},{&quot;genre&quot;:&quot;Drama&quot;,&quot;movieID&quot;:113,&quot;title&quot;:&quot;Chameleon, The &quot;},{&quot;genre&quot;:&quot;Horror|Sci-Fi&quot;,&quot;movieID&quot;:114,&quot;title&quot;:&quot;X from Outer Space, The (Uchû daikaijû Girara)&quot;},{&quot;genre&quot;:&quot;Adventure|Comedy|Fantasy|Horror&quot;,&quot;movieID&quot;:115,&quot;title&quot;:&quot;Night of the Living Dead 3D&quot;},{&quot;genre&quot;:&quot;Action|Adventure|Children|Comedy|Crime&quot;,&quot;movieID&quot;:116,&quot;title&quot;:&quot;Catch That Kid&quot;},{&quot;genre&quot;:&quot;Crime|Drama&quot;,&quot;movieID&quot;:117,&quot;title&quot;:&quot;G Men&quot;},{&quot;genre&quot;:&quot;Children|Drama&quot;,&quot;movieID&quot;:118,&quot;title&quot;:&quot;The Encounter&quot;},{&quot;genre&quot;:&quot;Drama&quot;,&quot;movieID&quot;:119,&quot;title&quot;:&quot;We Don&apos;t Live Here Anymore&quot;},{&quot;genre&quot;:&quot;Crime|Documentary&quot;,&quot;movieID&quot;:120,&quot;title&quot;:&quot;Condemned, The&quot;},{&quot;genre&quot;:&quot;Animation|Children|Fantasy&quot;,&quot;movieID&quot;:121,&quot;title&quot;:&quot;Momo&quot;},{&quot;genre&quot;:&quot;Drama|Romance&quot;,&quot;movieID&quot;:122,&quot;title&quot;:&quot;Mustalaishurmaaja&quot;},{&quot;genre&quot;:&quot;Comedy|Romance&quot;,&quot;movieID&quot;:123,&quot;title&quot;:&quot;Fitzwilly&quot;},{&quot;genre&quot;:&quot;Western&quot;,&quot;movieID&quot;:124,&quot;title&quot;:&quot;Big Jake&quot;},{&quot;genre&quot;:&quot;Drama&quot;,&quot;movieID&quot;:125,&quot;title&quot;:&quot;They Drive by Night&quot;},{&quot;genre&quot;:&quot;Crime|Thriller&quot;,&quot;movieID&quot;:126,&quot;title&quot;:&quot;Hunters, The (Jägarna)&quot;},{&quot;genre&quot;:&quot;Drama|Romance&quot;,&quot;movieID&quot;:127,&quot;title&quot;:&quot;All the Mornings of the World (Tous les matins du monde)&quot;},{&quot;genre&quot;:&quot;Action|Adventure|Fantasy|Sci-Fi&quot;,&quot;movieID&quot;:128,&quot;title&quot;:&quot;Mysterious Island&quot;},{&quot;genre&quot;:&quot;Action|Drama&quot;,&quot;movieID&quot;:129,&quot;title&quot;:&quot;Bending the Rules&quot;},{&quot;genre&quot;:&quot;Horror&quot;,&quot;movieID&quot;:130,&quot;title&quot;:&quot;Kiss of the Vampire, The&quot;},{&quot;genre&quot;:&quot;Comedy|Crime&quot;,&quot;movieID&quot;:131,&quot;title&quot;:&quot;School for Scoundrels&quot;},{&quot;genre&quot;:&quot;Drama|Romance&quot;,&quot;movieID&quot;:132,&quot;title&quot;:&quot;Visitor, The&quot;},{&quot;genre&quot;:&quot;Horror|Mystery&quot;,&quot;movieID&quot;:133,&quot;title&quot;:&quot;Toolbox Murders&quot;},{&quot;genre&quot;:&quot;Comedy|Drama|Romance|War&quot;,&quot;movieID&quot;:134,&quot;title&quot;:&quot;Music Within&quot;},{&quot;genre&quot;:&quot;Comedy|Fantasy&quot;,&quot;movieID&quot;:135,&quot;title&quot;:&quot;Witching and Bitching (Brujas de Zugarramurdi, Las)&quot;},{&quot;genre&quot;:&quot;Comedy|Drama&quot;,&quot;movieID&quot;:136,&quot;title&quot;:&quot;Prick Up Your Ears&quot;},{&quot;genre&quot;:&quot;Drama|Romance&quot;,&quot;movieID&quot;:137,&quot;title&quot;:&quot;Stay as You Are&quot;},{&quot;genre&quot;:&quot;Adventure|Thriller|Western&quot;,&quot;movieID&quot;:138,&quot;title&quot;:&quot;Missing, The&quot;},{&quot;genre&quot;:&quot;Comedy|Horror&quot;,&quot;movieID&quot;:139,&quot;title&quot;:&quot;Bloody Bloody Bible Camp&quot;},{&quot;genre&quot;:&quot;Drama&quot;,&quot;movieID&quot;:140,&quot;title&quot;:&quot;Julien Donkey-Boy&quot;},{&quot;genre&quot;:&quot;Action|Crime|Thriller&quot;,&quot;movieID&quot;:141,&quot;title&quot;:&quot;Likeable Mister R, The (Simpaticul domn R)&quot;},{&quot;genre&quot;:&quot;Drama|Musical|Romance&quot;,&quot;movieID&quot;:142,&quot;title&quot;:&quot;Show Boat&quot;},{&quot;genre&quot;:&quot;Action|Fantasy|Horror|Thriller&quot;,&quot;movieID&quot;:143,&quot;title&quot;:&quot;Underworld: Rise of the Lycans&quot;},{&quot;genre&quot;:&quot;Thriller&quot;,&quot;movieID&quot;:144,&quot;title&quot;:&quot;The Mark of the Angels - Miserere&quot;},{&quot;genre&quot;:&quot;Comedy&quot;,&quot;movieID&quot;:145,&quot;title&quot;:&quot;Tim and Eric&apos;s Billion Dollar Movie&quot;},{&quot;genre&quot;:&quot;Comedy&quot;,&quot;movieID&quot;:146,&quot;title&quot;:&quot;Down and Out in Beverly Hills&quot;},{&quot;genre&quot;:&quot;Crime|Horror|Mystery|Thriller&quot;,&quot;movieID&quot;:147,&quot;title&quot;:&quot;Tell Me Something (Telmisseomding)&quot;},{&quot;genre&quot;:&quot;Fantasy|Horror|Mystery|Thriller&quot;,&quot;movieID&quot;:148,&quot;title&quot;:&quot;Dagon&quot;},{&quot;genre&quot;:&quot;Documentary&quot;,&quot;movieID&quot;:149,&quot;title&quot;:&quot;Decline of Western Civilization Part II: The Metal Years, The&quot;},{&quot;genre&quot;:&quot;Comedy&quot;,&quot;movieID&quot;:150,&quot;title&quot;:&quot;Day&apos;s Pleasure, A (Ford Story, A)&quot;},{&quot;genre&quot;:&quot;Musical&quot;,&quot;movieID&quot;:151,&quot;title&quot;:&quot;High School Musical 3: Senior Year&quot;},{&quot;genre&quot;:&quot;Drama&quot;,&quot;movieID&quot;:152,&quot;title&quot;:&quot;Love &amp; Pop&quot;},{&quot;genre&quot;:&quot;Comedy|Romance&quot;,&quot;movieID&quot;:153,&quot;title&quot;:&quot;Carnival in Flanders (La kermesse héroïque)&quot;},{&quot;genre&quot;:&quot;Documentary&quot;,&quot;movieID&quot;:154,&quot;title&quot;:&quot;Triumph of the Will (Triumph des Willens)&quot;},{&quot;genre&quot;:&quot;Adventure|Sci-Fi&quot;,&quot;movieID&quot;:155,&quot;title&quot;:&quot;At the Earth&apos;s Core&quot;},{&quot;genre&quot;:&quot;Comedy|Romance&quot;,&quot;movieID&quot;:156,&quot;title&quot;:&quot;Steamboat Bill, Jr.&quot;},{&quot;genre&quot;:&quot;Documentary&quot;,&quot;movieID&quot;:157,&quot;title&quot;:&quot;Joan Rivers: A Piece of Work&quot;},{&quot;genre&quot;:&quot;Comedy|Musical|Romance&quot;,&quot;movieID&quot;:158,&quot;title&quot;:&quot;Let&apos;s Make Love&quot;},{&quot;genre&quot;:&quot;Drama&quot;,&quot;movieID&quot;:159,&quot;title&quot;:&quot;Story Written with Water, A (Mizu de kakareta monogatari)&quot;},{&quot;genre&quot;:&quot;Animation|Fantasy&quot;,&quot;movieID&quot;:160,&quot;title&quot;:&quot;Snow Queen&quot;},{&quot;genre&quot;:&quot;Comedy|Musical&quot;,&quot;movieID&quot;:161,&quot;title&quot;:&quot;Very Potter Sequel, A&quot;},{&quot;genre&quot;:&quot;Drama&quot;,&quot;movieID&quot;:162,&quot;title&quot;:&quot;I, the Worst of All (Yo, la peor de todas)&quot;},{&quot;genre&quot;:&quot;Comedy|Drama&quot;,&quot;movieID&quot;:163,&quot;title&quot;:&quot;Everybody&apos;s Fine (Stanno tutti bene)&quot;},{&quot;genre&quot;:&quot;Drama|Romance&quot;,&quot;movieID&quot;:164,&quot;title&quot;:&quot;Children of Paradise (Les enfants du paradis)&quot;},{&quot;genre&quot;:&quot;Action|Crime&quot;,&quot;movieID&quot;:165,&quot;title&quot;:&quot;Italian Job, The&quot;},{&quot;genre&quot;:&quot;Drama&quot;,&quot;movieID&quot;:166,&quot;title&quot;:&quot;Lost Christmas&quot;},{&quot;genre&quot;:&quot;Action|Sci-Fi&quot;,&quot;movieID&quot;:167,&quot;title&quot;:&quot;Conquest of the Planet of the Apes&quot;},{&quot;genre&quot;:&quot;Comedy|Drama&quot;,&quot;movieID&quot;:168,&quot;title&quot;:&quot;Idiots, The (Idioterne)&quot;},{&quot;genre&quot;:&quot;Horror&quot;,&quot;movieID&quot;:169,&quot;title&quot;:&quot;Vampire Lovers, The&quot;},{&quot;genre&quot;:&quot;Drama|Thriller&quot;,&quot;movieID&quot;:170,&quot;title&quot;:&quot;Derailed&quot;},{&quot;genre&quot;:&quot;Documentary&quot;,&quot;movieID&quot;:171,&quot;title&quot;:&quot;Benji &quot;},{&quot;genre&quot;:&quot;Drama&quot;,&quot;movieID&quot;:172,&quot;title&quot;:&quot;This Sporting Life&quot;},{&quot;genre&quot;:&quot;Action|Adventure|Fantasy&quot;,&quot;movieID&quot;:173,&quot;title&quot;:&quot;Conan the Barbarian&quot;},{&quot;genre&quot;:&quot;Thriller&quot;,&quot;movieID&quot;:174,&quot;title&quot;:&quot;Escapist, The&quot;},{&quot;genre&quot;:&quot;Drama|Fantasy|Romance&quot;,&quot;movieID&quot;:175,&quot;title&quot;:&quot;Matter of Life and Death, A (Stairway to Heaven)&quot;},{&quot;genre&quot;:&quot;Comedy|Horror&quot;,&quot;movieID&quot;:176,&quot;title&quot;:&quot;Frankenhooker&quot;},{&quot;genre&quot;:&quot;Drama&quot;,&quot;movieID&quot;:177,&quot;title&quot;:&quot;Like It Is&quot;},{&quot;genre&quot;:&quot;Action|Adventure&quot;,&quot;movieID&quot;:178,&quot;title&quot;:&quot;Good Man in Africa, A&quot;},{&quot;genre&quot;:&quot;Documentary&quot;,&quot;movieID&quot;:179,&quot;title&quot;:&quot;Recruiter, The&quot;},{&quot;genre&quot;:&quot;Drama|Romance&quot;,&quot;movieID&quot;:180,&quot;title&quot;:&quot;Days of Being Wild (A Fei jingjyuhn)&quot;},{&quot;genre&quot;:&quot;Documentary&quot;,&quot;movieID&quot;:181,&quot;title&quot;:&quot;Steam of Life (Miesten vuoro)&quot;},{&quot;genre&quot;:&quot;Drama&quot;,&quot;movieID&quot;:182,&quot;title&quot;:&quot;On a Clear Day&quot;},{&quot;genre&quot;:&quot;Drama&quot;,&quot;movieID&quot;:183,&quot;title&quot;:&quot;Ice Castles&quot;},{&quot;genre&quot;:&quot;Comedy|Drama&quot;,&quot;movieID&quot;:184,&quot;title&quot;:&quot;Biloxi Blues&quot;},{&quot;genre&quot;:&quot;Comedy&quot;,&quot;movieID&quot;:185,&quot;title&quot;:&quot;Jesus Henry Christ&quot;},{&quot;genre&quot;:&quot;Drama&quot;,&quot;movieID&quot;:186,&quot;title&quot;:&quot;Bloodbrothers&quot;},{&quot;genre&quot;:&quot;Comedy|Mystery&quot;,&quot;movieID&quot;:187,&quot;title&quot;:&quot;Manhattan Murder Mystery&quot;},{&quot;genre&quot;:&quot;Drama|Thriller&quot;,&quot;movieID&quot;:188,&quot;title&quot;:&quot;Blindness&quot;},{&quot;genre&quot;:&quot;Crime|Drama|War&quot;,&quot;movieID&quot;:189,&quot;title&quot;:&quot;Salvatore Giuliano&quot;},{&quot;genre&quot;:&quot;Drama&quot;,&quot;movieID&quot;:190,&quot;title&quot;:&quot;Vitus&quot;},{&quot;genre&quot;:&quot;Drama|War&quot;,&quot;movieID&quot;:191,&quot;title&quot;:&quot;Hangmen Also Die&quot;},{&quot;genre&quot;:&quot;Drama&quot;,&quot;movieID&quot;:192,&quot;title&quot;:&quot;Zero&quot;},{&quot;genre&quot;:&quot;Drama|Thriller&quot;,&quot;movieID&quot;:193,&quot;title&quot;:&quot;Cold Light of Day, The&quot;},{&quot;genre&quot;:&quot;Action|Adventure|Comedy|Romance&quot;,&quot;movieID&quot;:194,&quot;title&quot;:&quot;Jewel of the Nile, The&quot;},{&quot;genre&quot;:&quot;Comedy&quot;,&quot;movieID&quot;:195,&quot;title&quot;:&quot;Finger, The (Dedo, El)&quot;},{&quot;genre&quot;:&quot;Comedy|Drama|Romance&quot;,&quot;movieID&quot;:196,&quot;title&quot;:&quot;No Rest for the Brave (Pas de repos pour les braves)&quot;},{&quot;genre&quot;:&quot;Crime|Drama&quot;,&quot;movieID&quot;:197,&quot;title&quot;:&quot;Bells, The&quot;},{&quot;genre&quot;:&quot;Documentary&quot;,&quot;movieID&quot;:198,&quot;title&quot;:&quot;Knuckle &quot;},{&quot;genre&quot;:&quot;Comedy|Drama|Romance&quot;,&quot;movieID&quot;:199,&quot;title&quot;:&quot;Idiot Returns, The (Návrat idiota)&quot;},{&quot;genre&quot;:&quot;Action|Comedy&quot;,&quot;movieID&quot;:200,&quot;title&quot;:&quot;Drunken Tai Chi (Siu taai gik)&quot;},{&quot;genre&quot;:&quot;Adventure|Fantasy&quot;,&quot;movieID&quot;:201,&quot;title&quot;:&quot;Inkheart&quot;},{&quot;genre&quot;:&quot;Comedy&quot;,&quot;movieID&quot;:202,&quot;title&quot;:&quot;Dinner Guest, The (L&apos;invité)&quot;},{&quot;genre&quot;:&quot;Drama|Thriller&quot;,&quot;movieID&quot;:203,&quot;title&quot;:&quot;Blackwoods&quot;},{&quot;genre&quot;:&quot;Horror&quot;,&quot;movieID&quot;:204,&quot;title&quot;:&quot;Curse of Frankenstein, The&quot;},{&quot;genre&quot;:&quot;Adventure|Comedy|Romance&quot;,&quot;movieID&quot;:205,&quot;title&quot;:&quot;Sullivan&apos;s Travels&quot;},{&quot;genre&quot;:&quot;Fantasy|Horror&quot;,&quot;movieID&quot;:206,&quot;title&quot;:&quot;Company of Wolves, The&quot;},{&quot;genre&quot;:&quot;Drama&quot;,&quot;movieID&quot;:207,&quot;title&quot;:&quot;Hell (L&apos;enfer)&quot;},{&quot;genre&quot;:&quot;Drama&quot;,&quot;movieID&quot;:208,&quot;title&quot;:&quot;Game of Their Lives, The&quot;},{&quot;genre&quot;:&quot;Drama&quot;,&quot;movieID&quot;:209,&quot;title&quot;:&quot;One on One&quot;},{&quot;genre&quot;:&quot;Comedy|Drama&quot;,&quot;movieID&quot;:210,&quot;title&quot;:&quot;Good Luck. And Take Care of Each Other&quot;},{&quot;genre&quot;:&quot;Horror|Mystery|Thriller&quot;,&quot;movieID&quot;:211,&quot;title&quot;:&quot;People Under the Stairs, The&quot;},{&quot;genre&quot;:&quot;Drama&quot;,&quot;movieID&quot;:212,&quot;title&quot;:&quot;One Night with the King&quot;},{&quot;genre&quot;:&quot;Drama&quot;,&quot;movieID&quot;:213,&quot;title&quot;:&quot;Dirties, The&quot;},{&quot;genre&quot;:&quot;Adventure|Romance&quot;,&quot;movieID&quot;:214,&quot;title&quot;:&quot;Medicine Man&quot;},{&quot;genre&quot;:&quot;Action&quot;,&quot;movieID&quot;:215,&quot;title&quot;:&quot;Tournament, The&quot;},{&quot;genre&quot;:&quot;Action|Comedy|Crime&quot;,&quot;movieID&quot;:216,&quot;title&quot;:&quot;Sunburn&quot;},{&quot;genre&quot;:&quot;Crime|Drama&quot;,&quot;movieID&quot;:217,&quot;title&quot;:&quot;Wild Bill&quot;},{&quot;genre&quot;:&quot;Drama|Romance|Thriller&quot;,&quot;movieID&quot;:218,&quot;title&quot;:&quot;Far North&quot;},{&quot;genre&quot;:&quot;Action|Drama|Thriller|War&quot;,&quot;movieID&quot;:219,&quot;title&quot;:&quot;&apos;71&quot;},{&quot;genre&quot;:&quot;Mystery|Western&quot;,&quot;movieID&quot;:220,&quot;title&quot;:&quot;Five Card Stud (a.k.a. 5 Card Stud)&quot;},{&quot;genre&quot;:&quot;Adventure|Comedy&quot;,&quot;movieID&quot;:221,&quot;title&quot;:&quot;Mystery on Monster Island&quot;},{&quot;genre&quot;:&quot;Comedy&quot;,&quot;movieID&quot;:222,&quot;title&quot;:&quot;The Swedish Moment&quot;},{&quot;genre&quot;:&quot;Documentary&quot;,&quot;movieID&quot;:223,&quot;title&quot;:&quot;Raw Deal: A Question of Consent&quot;},{&quot;genre&quot;:&quot;Children|Comedy&quot;,&quot;movieID&quot;:224,&quot;title&quot;:&quot;Harriet the Spy&quot;},{&quot;genre&quot;:&quot;Drama&quot;,&quot;movieID&quot;:225,&quot;title&quot;:&quot;That Day, on the Beach (Hai tan de yi tian)&quot;},{&quot;genre&quot;:&quot;Comedy&quot;,&quot;movieID&quot;:226,&quot;title&quot;:&quot;How to Be a Player&quot;},{&quot;genre&quot;:&quot;War&quot;,&quot;movieID&quot;:227,&quot;title&quot;:&quot;Lion of the Desert&quot;},{&quot;genre&quot;:&quot;Documentary&quot;,&quot;movieID&quot;:228,&quot;title&quot;:&quot;WikiRebels: The Documentary&quot;},{&quot;genre&quot;:&quot;Drama&quot;,&quot;movieID&quot;:229,&quot;title&quot;:&quot;Shadow of Angels (Schatten der Engel)&quot;},{&quot;genre&quot;:&quot;Crime|Romance&quot;,&quot;movieID&quot;:230,&quot;title&quot;:&quot;You and Me&quot;},{&quot;genre&quot;:&quot;Comedy|Romance&quot;,&quot;movieID&quot;:231,&quot;title&quot;:&quot;Sixteen Candles&quot;},{&quot;genre&quot;:&quot;Comedy|Western&quot;,&quot;movieID&quot;:232,&quot;title&quot;:&quot;The Seven Males&quot;},{&quot;genre&quot;:&quot;Drama&quot;,&quot;movieID&quot;:233,&quot;title&quot;:&quot;Running on Empty&quot;},{&quot;genre&quot;:&quot;Comedy|Romance|Western&quot;,&quot;movieID&quot;:234,&quot;title&quot;:&quot;Many Rivers to Cross&quot;},{&quot;genre&quot;:&quot;Drama|War&quot;,&quot;movieID&quot;:235,&quot;title&quot;:&quot;Red Badge of Courage, The&quot;},{&quot;genre&quot;:&quot;Action|Drama|War&quot;,&quot;movieID&quot;:236,&quot;title&quot;:&quot;Into the White (Cross of Honour)&quot;},{&quot;genre&quot;:&quot;Action|Adventure|Animation|Children|Sci-Fi&quot;,&quot;movieID&quot;:237,&quot;title&quot;:&quot;Kaena: The Prophecy (Kaena: La prophétie)&quot;},{&quot;genre&quot;:&quot;Comedy|Fantasy|Horror|Sci-Fi|Thriller&quot;,&quot;movieID&quot;:238,&quot;title&quot;:&quot;Puppet Master vs. Demonic Toys (Puppet Master 9)&quot;},{&quot;genre&quot;:&quot;Drama&quot;,&quot;movieID&quot;:239,&quot;title&quot;:&quot;Change of Habit&quot;},{&quot;genre&quot;:&quot;Comedy&quot;,&quot;movieID&quot;:240,&quot;title&quot;:&quot;That&apos;s My Boy&quot;},{&quot;genre&quot;:&quot;Action|Drama|Thriller&quot;,&quot;movieID&quot;:241,&quot;title&quot;:&quot;Bullies&quot;},{&quot;genre&quot;:&quot;Thriller&quot;,&quot;movieID&quot;:242,&quot;title&quot;:&quot;Borgman&quot;},{&quot;genre&quot;:&quot;Documentary&quot;,&quot;movieID&quot;:243,&quot;title&quot;:&quot;Hybrid&quot;},{&quot;genre&quot;:&quot;Drama|Horror|Thriller&quot;,&quot;movieID&quot;:244,&quot;title&quot;:&quot;Backcountry&quot;},{&quot;genre&quot;:&quot;Comedy|Drama&quot;,&quot;movieID&quot;:245,&quot;title&quot;:&quot;Some Kind of Hero&quot;},{&quot;genre&quot;:&quot;Action|Fantasy|Horror|Thriller&quot;,&quot;movieID&quot;:246,&quot;title&quot;:&quot;Day Watch (Dnevnoy dozor)&quot;},{&quot;genre&quot;:&quot;Crime|Drama&quot;,&quot;movieID&quot;:247,&quot;title&quot;:&quot;Storm Warning&quot;},{&quot;genre&quot;:&quot;Documentary&quot;,&quot;movieID&quot;:248,&quot;title&quot;:&quot;Filth and the Fury, The&quot;},{&quot;genre&quot;:&quot;Sci-Fi|Thriller&quot;,&quot;movieID&quot;:249,&quot;title&quot;:&quot;Return, The&quot;},{&quot;genre&quot;:&quot;Documentary&quot;,&quot;movieID&quot;:250,&quot;title&quot;:&quot;Bobby Fischer Against the World&quot;},{&quot;genre&quot;:&quot;Drama|Romance&quot;,&quot;movieID&quot;:251,&quot;title&quot;:&quot;Blue Swallow (Cheong yeon)&quot;},{&quot;genre&quot;:&quot;Drama|Romance&quot;,&quot;movieID&quot;:252,&quot;title&quot;:&quot;Girl with a Pearl Earring&quot;},{&quot;genre&quot;:&quot;Action|Adventure|Comedy|Romance&quot;,&quot;movieID&quot;:253,&quot;title&quot;:&quot;Three Musketeers, The&quot;},{&quot;genre&quot;:&quot;Documentary|War&quot;,&quot;movieID&quot;:254,&quot;title&quot;:&quot;The Hornet&apos;s Nest&quot;},{&quot;genre&quot;:&quot;(no genres listed)&quot;,&quot;movieID&quot;:255,&quot;title&quot;:&quot;Glitterbug&quot;},{&quot;genre&quot;:&quot;Comedy|Drama|Romance&quot;,&quot;movieID&quot;:256,&quot;title&quot;:&quot;Meet Monica Velour&quot;},{&quot;genre&quot;:&quot;Thriller&quot;,&quot;movieID&quot;:257,&quot;title&quot;:&quot;Aks&quot;},{&quot;genre&quot;:&quot;Crime|Drama|Film-Noir|Thriller&quot;,&quot;movieID&quot;:258,&quot;title&quot;:&quot;Key Largo&quot;},{&quot;genre&quot;:&quot;Action|Adventure|Sci-Fi&quot;,&quot;movieID&quot;:259,&quot;title&quot;:&quot;Hulk&quot;},{&quot;genre&quot;:&quot;Action|Comedy|Crime&quot;,&quot;movieID&quot;:260,&quot;title&quot;:&quot;Cop Out&quot;},{&quot;genre&quot;:&quot;Action|Comedy&quot;,&quot;movieID&quot;:261,&quot;title&quot;:&quot;Project A (&apos;A&apos; gai waak)&quot;},{&quot;genre&quot;:&quot;Action|Drama|Romance&quot;,&quot;movieID&quot;:262,&quot;title&quot;:&quot;Bullfighter and the Lady&quot;},{&quot;genre&quot;:&quot;Crime|Drama|Romance&quot;,&quot;movieID&quot;:263,&quot;title&quot;:&quot;Havoc&quot;},{&quot;genre&quot;:&quot;Comedy&quot;,&quot;movieID&quot;:264,&quot;title&quot;:&quot;College&quot;},{&quot;genre&quot;:&quot;Drama&quot;,&quot;movieID&quot;:265,&quot;title&quot;:&quot;Swades: We, the People (Our Country)&quot;},{&quot;genre&quot;:&quot;Comedy|Drama|Romance&quot;,&quot;movieID&quot;:266,&quot;title&quot;:&quot;Elena and Her Men (Paris Does Strange Things) (Elena et les hommes)&quot;},{&quot;genre&quot;:&quot;Comedy|Drama|Romance&quot;,&quot;movieID&quot;:267,&quot;title&quot;:&quot;God&apos;s Little Acre&quot;},{&quot;genre&quot;:&quot;Action|Crime|Thriller&quot;,&quot;movieID&quot;:268,&quot;title&quot;:&quot;Hitman&quot;},{&quot;genre&quot;:&quot;Drama&quot;,&quot;movieID&quot;:269,&quot;title&quot;:&quot;Hangtime - Kein leichtes Spiel&quot;},{&quot;genre&quot;:&quot;Drama|Mystery&quot;,&quot;movieID&quot;:270,&quot;title&quot;:&quot;Girl with Hyacinths&quot;},{&quot;genre&quot;:&quot;Action|Crime|Drama|Thriller&quot;,&quot;movieID&quot;:271,&quot;title&quot;:&quot;Memory of a Killer, The (Zaak Alzheimer, De)&quot;},{&quot;genre&quot;:&quot;Drama&quot;,&quot;movieID&quot;:272,&quot;title&quot;:&quot;Butterfly&quot;},{&quot;genre&quot;:&quot;Crime|Drama&quot;,&quot;movieID&quot;:273,&quot;title&quot;:&quot;Doorway to Hell, The&quot;},{&quot;genre&quot;:&quot;Documentary&quot;,&quot;movieID&quot;:274,&quot;title&quot;:&quot;Confessions of a Superhero&quot;},{&quot;genre&quot;:&quot;Horror|Thriller&quot;,&quot;movieID&quot;:275,&quot;title&quot;:&quot;Black Rock&quot;},{&quot;genre&quot;:&quot;Children|Comedy|Drama&quot;,&quot;movieID&quot;:276,&quot;title&quot;:&quot;Tru Confessions&quot;},{&quot;genre&quot;:&quot;Drama&quot;,&quot;movieID&quot;:277,&quot;title&quot;:&quot;Stoplight Society, The (La Sociedad del Semáforo)&quot;},{&quot;genre&quot;:&quot;Action|Drama|Thriller&quot;,&quot;movieID&quot;:278,&quot;title&quot;:&quot;Wicked Blood&quot;},{&quot;genre&quot;:&quot;Drama|War&quot;,&quot;movieID&quot;:279,&quot;title&quot;:&quot;Gung Ho! (Gung Ho!: The Story of Carlson&apos;s Makin Island Raiders)&quot;},{&quot;genre&quot;:&quot;Action|Comedy|Crime|Fantasy|Thriller|IMAX&quot;,&quot;movieID&quot;:280,&quot;title&quot;:&quot;Green Hornet, The&quot;},{&quot;genre&quot;:&quot;Drama&quot;,&quot;movieID&quot;:281,&quot;title&quot;:&quot;Cazuza - O Tempo Não Pára&quot;},{&quot;genre&quot;:&quot;Drama&quot;,&quot;movieID&quot;:282,&quot;title&quot;:&quot;Pascali&apos;s Island&quot;},{&quot;genre&quot;:&quot;Drama|Horror&quot;,&quot;movieID&quot;:283,&quot;title&quot;:&quot;Dorian Gray&quot;},{&quot;genre&quot;:&quot;Comedy|Horror|Romance&quot;,&quot;movieID&quot;:284,&quot;title&quot;:&quot;Vampire in Brooklyn&quot;},{&quot;genre&quot;:&quot;Drama|War&quot;,&quot;movieID&quot;:285,&quot;title&quot;:&quot;World War II: When Lions Roared&quot;},{&quot;genre&quot;:&quot;Comedy|Romance&quot;,&quot;movieID&quot;:286,&quot;title&quot;:&quot;Date Movie&quot;},{&quot;genre&quot;:&quot;Drama|Horror&quot;,&quot;movieID&quot;:287,&quot;title&quot;:&quot;Battery, The&quot;},{&quot;genre&quot;:&quot;Comedy|Crime|Mystery|Thriller&quot;,&quot;movieID&quot;:288,&quot;title&quot;:&quot;Charlie Chan in The Chinese Cat&quot;},{&quot;genre&quot;:&quot;Drama|Thriller&quot;,&quot;movieID&quot;:289,&quot;title&quot;:&quot;Jill the Ripper (Jill Rips)&quot;},{&quot;genre&quot;:&quot;Animation|Comedy&quot;,&quot;movieID&quot;:290,&quot;title&quot;:&quot;Seven Brothers (Seitsemän veljestä)&quot;},{&quot;genre&quot;:&quot;Drama&quot;,&quot;movieID&quot;:291,&quot;title&quot;:&quot;Margaret&apos;s Museum&quot;},{&quot;genre&quot;:&quot;Documentary&quot;,&quot;movieID&quot;:292,&quot;title&quot;:&quot;Somm&quot;},{&quot;genre&quot;:&quot;Comedy|Musical&quot;,&quot;movieID&quot;:293,&quot;title&quot;:&quot;Thank God It&apos;s Friday&quot;},{&quot;genre&quot;:&quot;Comedy|Fantasy|Romance|Sci-Fi&quot;,&quot;movieID&quot;:294,&quot;title&quot;:&quot;Nutty Professor, The&quot;},{&quot;genre&quot;:&quot;Drama|Musical&quot;,&quot;movieID&quot;:295,&quot;title&quot;:&quot;Stomp the Yard&quot;},{&quot;genre&quot;:&quot;Crime|Drama&quot;,&quot;movieID&quot;:296,&quot;title&quot;:&quot;Busting&quot;},{&quot;genre&quot;:&quot;Drama&quot;,&quot;movieID&quot;:297,&quot;title&quot;:&quot;Freedom&quot;},{&quot;genre&quot;:&quot;Horror|Mystery|Sci-Fi|Thriller&quot;,&quot;movieID&quot;:298,&quot;title&quot;:&quot;The Whisperer in Darkness&quot;},{&quot;genre&quot;:&quot;Drama&quot;,&quot;movieID&quot;:299,&quot;title&quot;:&quot;End of Love, The&quot;},{&quot;genre&quot;:&quot;Horror|Sci-Fi&quot;,&quot;movieID&quot;:300,&quot;title&quot;:&quot;Shadowzone&quot;},{&quot;genre&quot;:&quot;Sci-Fi&quot;,&quot;movieID&quot;:301,&quot;title&quot;:&quot;Alien from L.A.&quot;},{&quot;genre&quot;:&quot;Children|Comedy|Fantasy&quot;,&quot;movieID&quot;:302,&quot;title&quot;:&quot;Gordy&quot;},{&quot;genre&quot;:&quot;Crime|Drama|Thriller&quot;,&quot;movieID&quot;:303,&quot;title&quot;:&quot;Poker Club, The&quot;},{&quot;genre&quot;:&quot;Action|Adventure&quot;,&quot;movieID&quot;:304,&quot;title&quot;:&quot;Back in Business&quot;},{&quot;genre&quot;:&quot;Drama&quot;,&quot;movieID&quot;:305,&quot;title&quot;:&quot;Susannah of the Mounties&quot;},{&quot;genre&quot;:&quot;(no genres listed)&quot;,&quot;movieID&quot;:306,&quot;title&quot;:&quot;The Distance&quot;},{&quot;genre&quot;:&quot;Musical&quot;,&quot;movieID&quot;:307,&quot;title&quot;:&quot;\&quot;Great Performances\&quot; Cats&quot;},{&quot;genre&quot;:&quot;Romance|Western&quot;,&quot;movieID&quot;:308,&quot;title&quot;:&quot;Long Ride Home, The&quot;},{&quot;genre&quot;:&quot;Comedy|Drama|Romance&quot;,&quot;movieID&quot;:309,&quot;title&quot;:&quot;Mermaids&quot;},{&quot;genre&quot;:&quot;Children|Drama&quot;,&quot;movieID&quot;:310,&quot;title&quot;:&quot;Dolphin Tale&quot;},{&quot;genre&quot;:&quot;Comedy&quot;,&quot;movieID&quot;:311,&quot;title&quot;:&quot;Vice Versa&quot;},{&quot;genre&quot;:&quot;Comedy|Drama&quot;,&quot;movieID&quot;:312,&quot;title&quot;:&quot;Molly&quot;},{&quot;genre&quot;:&quot;Comedy|Drama&quot;,&quot;movieID&quot;:313,&quot;title&quot;:&quot;Adam&apos;s Apples (Adams æbler)&quot;},{&quot;genre&quot;:&quot;Adventure|Animation|Children|Comedy&quot;,&quot;movieID&quot;:314,&quot;title&quot;:&quot;Open Season 2&quot;},{&quot;genre&quot;:&quot;Drama&quot;,&quot;movieID&quot;:315,&quot;title&quot;:&quot;So Evil, So Young&quot;},{&quot;genre&quot;:&quot;Drama|Sci-Fi&quot;,&quot;movieID&quot;:316,&quot;title&quot;:&quot;Killings at Outpost Zeta, The&quot;},{&quot;genre&quot;:&quot;Action|Romance|Western&quot;,&quot;movieID&quot;:317,&quot;title&quot;:&quot;Desperado&quot;},{&quot;genre&quot;:&quot;Comedy|Drama|Romance&quot;,&quot;movieID&quot;:318,&quot;title&quot;:&quot;Raising Helen&quot;},{&quot;genre&quot;:&quot;Drama&quot;,&quot;movieID&quot;:319,&quot;title&quot;:&quot;Time to Leave&quot;},{&quot;genre&quot;:&quot;Adventure|Animation|Drama&quot;,&quot;movieID&quot;:320,&quot;title&quot;:&quot;Tokyo Godfathers&quot;},{&quot;genre&quot;:&quot;Comedy|Horror|Sci-Fi|Thriller&quot;,&quot;movieID&quot;:321,&quot;title&quot;:&quot;Sand Sharks&quot;},{&quot;genre&quot;:&quot;Drama&quot;,&quot;movieID&quot;:322,&quot;title&quot;:&quot;¡Qué hacer!&quot;},{&quot;genre&quot;:&quot;Comedy|Drama&quot;,&quot;movieID&quot;:323,&quot;title&quot;:&quot;Vizontele&quot;},{&quot;genre&quot;:&quot;Action|Adventure|Drama|War&quot;,&quot;movieID&quot;:324,&quot;title&quot;:&quot;Inglorious Bastards (Quel maledetto treno blindato)&quot;},{&quot;genre&quot;:&quot;Comedy|Drama&quot;,&quot;movieID&quot;:325,&quot;title&quot;:&quot;Hotel Very Welcome&quot;},{&quot;genre&quot;:&quot;Crime|Horror|Thriller&quot;,&quot;movieID&quot;:326,&quot;title&quot;:&quot;Hostel: Part II&quot;},{&quot;genre&quot;:&quot;Romance&quot;,&quot;movieID&quot;:327,&quot;title&quot;:&quot;Once Upon a Time (Der var engang)&quot;},{&quot;genre&quot;:&quot;Animation|Sci-Fi&quot;,&quot;movieID&quot;:328,&quot;title&quot;:&quot;Congress, The&quot;},{&quot;genre&quot;:&quot;Horror|Mystery&quot;,&quot;movieID&quot;:329,&quot;title&quot;:&quot;Messengers 2: The Scarecrow&quot;},{&quot;genre&quot;:&quot;Children|Comedy|Musical&quot;,&quot;movieID&quot;:330,&quot;title&quot;:&quot;Muppet Musicians of Bremen, The&quot;},{&quot;genre&quot;:&quot;Action|Animation|Comedy&quot;,&quot;movieID&quot;:331,&quot;title&quot;:&quot;Killer Bean 2: The Party&quot;},{&quot;genre&quot;:&quot;Comedy|Musical&quot;,&quot;movieID&quot;:332,&quot;title&quot;:&quot;Panama Hattie&quot;},{&quot;genre&quot;:&quot;Drama&quot;,&quot;movieID&quot;:333,&quot;title&quot;:&quot;Summer in Berlin (Sommer vorm Balkon)&quot;},{&quot;genre&quot;:&quot;Drama&quot;,&quot;movieID&quot;:334,&quot;title&quot;:&quot;Kid With a Bike, The (Le gamin au vélo)&quot;},{&quot;genre&quot;:&quot;Action|Animation&quot;,&quot;movieID&quot;:335,&quot;title&quot;:&quot;G.I. Joe: A Real American Hero (G.I. Joe: The MASS Device)&quot;},{&quot;genre&quot;:&quot;Drama&quot;,&quot;movieID&quot;:336,&quot;title&quot;:&quot;8 Mile&quot;},{&quot;genre&quot;:&quot;Comedy|Sci-Fi&quot;,&quot;movieID&quot;:337,&quot;title&quot;:&quot;Space Milkshake&quot;},{&quot;genre&quot;:&quot;Drama|Romance&quot;,&quot;movieID&quot;:338,&quot;title&quot;:&quot;Yves Saint Laurent&quot;},{&quot;genre&quot;:&quot;Comedy|Mystery&quot;,&quot;movieID&quot;:339,&quot;title&quot;:&quot;Once Upon a Crime...&quot;},{&quot;genre&quot;:&quot;Horror|Thriller&quot;,&quot;movieID&quot;:340,&quot;title&quot;:&quot;Eye 2, The (Gin gwai 2)&quot;},{&quot;genre&quot;:&quot;Action|Adventure|Drama|Fantasy|Horror|Romance|Sci-Fi&quot;,&quot;movieID&quot;:341,&quot;title&quot;:&quot;She&quot;},{&quot;genre&quot;:&quot;Crime&quot;,&quot;movieID&quot;:342,&quot;title&quot;:&quot;Across 110th Street&quot;},{&quot;genre&quot;:&quot;Drama&quot;,&quot;movieID&quot;:343,&quot;title&quot;:&quot;Valley of the Dolls&quot;},{&quot;genre&quot;:&quot;Drama&quot;,&quot;movieID&quot;:344,&quot;title&quot;:&quot;Deep, The (Djúpið)&quot;},{&quot;genre&quot;:&quot;Drama&quot;,&quot;movieID&quot;:345,&quot;title&quot;:&quot;Dangerous Game&quot;},{&quot;genre&quot;:&quot;Adventure|Romance&quot;,&quot;movieID&quot;:346,&quot;title&quot;:&quot;Boy on a Dolphin&quot;},{&quot;genre&quot;:&quot;Drama&quot;,&quot;movieID&quot;:347,&quot;title&quot;:&quot;Spitfire Grill, The&quot;},{&quot;genre&quot;:&quot;Documentary&quot;,&quot;movieID&quot;:348,&quot;title&quot;:&quot;Armstrong Lie, The&quot;},{&quot;genre&quot;:&quot;Comedy&quot;,&quot;movieID&quot;:349,&quot;title&quot;:&quot;Impure Thoughts&quot;},{&quot;genre&quot;:&quot;Action|Crime|Drama&quot;,&quot;movieID&quot;:350,&quot;title&quot;:&quot;Bad Ass&quot;},{&quot;genre&quot;:&quot;Drama&quot;,&quot;movieID&quot;:351,&quot;title&quot;:&quot;Fitzgerald Family Christmas, The&quot;},{&quot;genre&quot;:&quot;Crime|Thriller&quot;,&quot;movieID&quot;:352,&quot;title&quot;:&quot;Border Run (Mule, The)&quot;},{&quot;genre&quot;:&quot;Drama|War&quot;,&quot;movieID&quot;:353,&quot;title&quot;:&quot;Four Sons&quot;},{&quot;genre&quot;:&quot;Horror|Sci-Fi&quot;,&quot;movieID&quot;:354,&quot;title&quot;:&quot;Parasite&quot;},{&quot;genre&quot;:&quot;Drama|Thriller&quot;,&quot;movieID&quot;:355,&quot;title&quot;:&quot;Dangerous Method, A&quot;},{&quot;genre&quot;:&quot;Drama|Romance&quot;,&quot;movieID&quot;:356,&quot;title&quot;:&quot;Voices&quot;},{&quot;genre&quot;:&quot;Drama|Film-Noir|Romance&quot;,&quot;movieID&quot;:357,&quot;title&quot;:&quot;Woman on the Beach, The&quot;},{&quot;genre&quot;:&quot;Drama|Mystery&quot;,&quot;movieID&quot;:358,&quot;title&quot;:&quot;The Island&quot;},{&quot;genre&quot;:&quot;Drama&quot;,&quot;movieID&quot;:359,&quot;title&quot;:&quot;Brave, The&quot;},{&quot;genre&quot;:&quot;Documentary&quot;,&quot;movieID&quot;:360,&quot;title&quot;:&quot;Magnetic Man, The (Magneettimies)&quot;},{&quot;genre&quot;:&quot;Comedy|Drama&quot;,&quot;movieID&quot;:361,&quot;title&quot;:&quot;In the Soup&quot;},{&quot;genre&quot;:&quot;Drama|Romance&quot;,&quot;movieID&quot;:362,&quot;title&quot;:&quot;Jane Austen Book Club, The&quot;},{&quot;genre&quot;:&quot;Comedy|Crime&quot;,&quot;movieID&quot;:363,&quot;title&quot;:&quot;Great Bank Hoax, The&quot;},{&quot;genre&quot;:&quot;Comedy&quot;,&quot;movieID&quot;:364,&quot;title&quot;:&quot;Happy End&quot;},{&quot;genre&quot;:&quot;Comedy&quot;,&quot;movieID&quot;:365,&quot;title&quot;:&quot;Siete minutos (Seven Minutes)&quot;},{&quot;genre&quot;:&quot;Comedy|Drama&quot;,&quot;movieID&quot;:366,&quot;title&quot;:&quot;I Don&apos;t Want to Sleep Alone (Hei yan quan)&quot;},{&quot;genre&quot;:&quot;Drama&quot;,&quot;movieID&quot;:367,&quot;title&quot;:&quot;Memories of Underdevelopment (Memorias del subdesarrollo)&quot;},{&quot;genre&quot;:&quot;Documentary&quot;,&quot;movieID&quot;:368,&quot;title&quot;:&quot;Boy Interrupted&quot;},{&quot;genre&quot;:&quot;Drama&quot;,&quot;movieID&quot;:369,&quot;title&quot;:&quot;Fill the Void (Lemale et ha&apos;halal)&quot;},{&quot;genre&quot;:&quot;Drama|Romance&quot;,&quot;movieID&quot;:370,&quot;title&quot;:&quot;Jane Eyre&quot;},{&quot;genre&quot;:&quot;Comedy&quot;,&quot;movieID&quot;:371,&quot;title&quot;:&quot;If a Man Answers&quot;},{&quot;genre&quot;:&quot;Comedy|Drama&quot;,&quot;movieID&quot;:372,&quot;title&quot;:&quot;Visions of Europe&quot;},{&quot;genre&quot;:&quot;Documentary&quot;,&quot;movieID&quot;:373,&quot;title&quot;:&quot;Oath, The&quot;},{&quot;genre&quot;:&quot;Crime|Drama|Thriller&quot;,&quot;movieID&quot;:374,&quot;title&quot;:&quot;Brothers: The Return&quot;},{&quot;genre&quot;:&quot;Thriller&quot;,&quot;movieID&quot;:375,&quot;title&quot;:&quot;Police Python 357&quot;},{&quot;genre&quot;:&quot;Comedy&quot;,&quot;movieID&quot;:376,&quot;title&quot;:&quot;Kariera Nikosia Dyzmy&quot;},{&quot;genre&quot;:&quot;Crime|Drama&quot;,&quot;movieID&quot;:377,&quot;title&quot;:&quot;Good Thief, The&quot;},{&quot;genre&quot;:&quot;Horror|Sci-Fi|Thriller&quot;,&quot;movieID&quot;:378,&quot;title&quot;:&quot;Hollow Man&quot;},{&quot;genre&quot;:&quot;Crime|Drama|Fantasy&quot;,&quot;movieID&quot;:379,&quot;title&quot;:&quot;Pitfall (Otoshiana)&quot;},{&quot;genre&quot;:&quot;Horror&quot;,&quot;movieID&quot;:380,&quot;title&quot;:&quot;Corruption (a.k.a. Carnage)&quot;},{&quot;genre&quot;:&quot;Comedy|Musical|Western&quot;,&quot;movieID&quot;:381,&quot;title&quot;:&quot;Red Garters&quot;},{&quot;genre&quot;:&quot;Musical|Western&quot;,&quot;movieID&quot;:382,&quot;title&quot;:&quot;Can&apos;t Help Singing&quot;},{&quot;genre&quot;:&quot;Drama&quot;,&quot;movieID&quot;:383,&quot;title&quot;:&quot;Nobody Wants the Night&quot;},{&quot;genre&quot;:&quot;Drama|Romance&quot;,&quot;movieID&quot;:384,&quot;title&quot;:&quot;Bounce&quot;},{&quot;genre&quot;:&quot;Drama&quot;,&quot;movieID&quot;:385,&quot;title&quot;:&quot;Still Life&quot;},{&quot;genre&quot;:&quot;Comedy|Crime|Drama&quot;,&quot;movieID&quot;:386,&quot;title&quot;:&quot;Drogówka&quot;},{&quot;genre&quot;:&quot;Action|Drama|Romance&quot;,&quot;movieID&quot;:387,&quot;title&quot;:&quot;First Knight&quot;},{&quot;genre&quot;:&quot;Crime|Drama|Thriller&quot;,&quot;movieID&quot;:388,&quot;title&quot;:&quot;Karla&quot;},{&quot;genre&quot;:&quot;Horror&quot;,&quot;movieID&quot;:389,&quot;title&quot;:&quot;Jeepers Creepers&quot;},{&quot;genre&quot;:&quot;Drama|Horror|Mystery&quot;,&quot;movieID&quot;:390,&quot;title&quot;:&quot;Other, The&quot;},{&quot;genre&quot;:&quot;Comedy|Drama|Romance&quot;,&quot;movieID&quot;:391,&quot;title&quot;:&quot;Yes Or No&quot;},{&quot;genre&quot;:&quot;Comedy|Romance&quot;,&quot;movieID&quot;:392,&quot;title&quot;:&quot;Shall We Dance?&quot;},{&quot;genre&quot;:&quot;Drama|Thriller&quot;,&quot;movieID&quot;:393,&quot;title&quot;:&quot;Cat&apos;s Meow, The&quot;},{&quot;genre&quot;:&quot;Action|Adventure|Drama&quot;,&quot;movieID&quot;:394,&quot;title&quot;:&quot;Back In Action&quot;},{&quot;genre&quot;:&quot;Drama|War&quot;,&quot;movieID&quot;:395,&quot;title&quot;:&quot;Lancelot of the Lake (Lancelot du Lac)&quot;},{&quot;genre&quot;:&quot;Comedy|Musical|Romance&quot;,&quot;movieID&quot;:396,&quot;title&quot;:&quot;Presenting Lily Mars&quot;},{&quot;genre&quot;:&quot;Comedy|Musical|Romance&quot;,&quot;movieID&quot;:397,&quot;title&quot;:&quot;Royal Wedding&quot;},{&quot;genre&quot;:&quot;Action|Fantasy&quot;,&quot;movieID&quot;:398,&quot;title&quot;:&quot;BloodRayne&quot;},{&quot;genre&quot;:&quot;Documentary|Drama&quot;,&quot;movieID&quot;:399,&quot;title&quot;:&quot;Marihuana&quot;},{&quot;genre&quot;:&quot;Comedy|Crime|Romance&quot;,&quot;movieID&quot;:400,&quot;title&quot;:&quot;Cure for Love, A (Lekarstwo na milosc)&quot;},{&quot;genre&quot;:&quot;Comedy|Romance&quot;,&quot;movieID&quot;:401,&quot;title&quot;:&quot;Expecting Love (Mala wielka milosc)&quot;},{&quot;genre&quot;:&quot;Action|Adventure|Comedy&quot;,&quot;movieID&quot;:402,&quot;title&quot;:&quot;Armour of God (Long xiong hu di)&quot;},{&quot;genre&quot;:&quot;Drama|Romance&quot;,&quot;movieID&quot;:403,&quot;title&quot;:&quot;Vanity Fair&quot;},{&quot;genre&quot;:&quot;Action|Adventure|Animation&quot;,&quot;movieID&quot;:404,&quot;title&quot;:&quot;Dragon Ball Z: Bio-Broly (Doragon bôru Z 11: Sûpâ senshi gekiha! Katsu no wa ore da)&quot;},{&quot;genre&quot;:&quot;Crime|Drama|Film-Noir|Thriller&quot;,&quot;movieID&quot;:405,&quot;title&quot;:&quot;Hickey and Boggs&quot;},{&quot;genre&quot;:&quot;(no genres listed)&quot;,&quot;movieID&quot;:406,&quot;title&quot;:&quot;The Shoe&quot;},{&quot;genre&quot;:&quot;Action|Adventure|Fantasy|Sci-Fi&quot;,&quot;movieID&quot;:407,&quot;title&quot;:&quot;Trip to the Moon, A (Voyage dans la lune, Le)&quot;},{&quot;genre&quot;:&quot;Documentary&quot;,&quot;movieID&quot;:408,&quot;title&quot;:&quot;For the Love of Movies&quot;},{&quot;genre&quot;:&quot;Drama|Romance&quot;,&quot;movieID&quot;:409,&quot;title&quot;:&quot;Dog Tags&quot;},{&quot;genre&quot;:&quot;Crime|Drama|Thriller&quot;,&quot;movieID&quot;:410,&quot;title&quot;:&quot;The Gambler&quot;},{&quot;genre&quot;:&quot;Crime|Drama|Mystery|Thriller&quot;,&quot;movieID&quot;:411,&quot;title&quot;:&quot;After Alice (Eye of the Killer)&quot;},{&quot;genre&quot;:&quot;Drama&quot;,&quot;movieID&quot;:412,&quot;title&quot;:&quot;Stalin&quot;},{&quot;genre&quot;:&quot;Comedy&quot;,&quot;movieID&quot;:413,&quot;title&quot;:&quot;Lollilove&quot;},{&quot;genre&quot;:&quot;Drama|Romance&quot;,&quot;movieID&quot;:414,&quot;title&quot;:&quot;Hoosiers (a.k.a. Best Shot)&quot;},{&quot;genre&quot;:&quot;Drama|Romance&quot;,&quot;movieID&quot;:415,&quot;title&quot;:&quot;Makioka Sisters, The (Sasame-yuki)&quot;},{&quot;genre&quot;:&quot;Crime|Drama|Romance&quot;,&quot;movieID&quot;:416,&quot;title&quot;:&quot;Death in Buenos Aires (Muerte en Buenos Aires)&quot;},{&quot;genre&quot;:&quot;Drama|Romance&quot;,&quot;movieID&quot;:417,&quot;title&quot;:&quot;Our Daily Bread&quot;},{&quot;genre&quot;:&quot;Drama&quot;,&quot;movieID&quot;:418,&quot;title&quot;:&quot;Black Butterflies&quot;},{&quot;genre&quot;:&quot;Drama&quot;,&quot;movieID&quot;:419,&quot;title&quot;:&quot;Tales of Ordinary Madness (Storie di Ordinaria Follia)&quot;},{&quot;genre&quot;:&quot;Horror|Mystery|Thriller&quot;,&quot;movieID&quot;:420,&quot;title&quot;:&quot;Rose Red&quot;},{&quot;genre&quot;:&quot;Horror|Mystery|Sci-Fi|Thriller&quot;,&quot;movieID&quot;:421,&quot;title&quot;:&quot;The Whisperer in Darkness&quot;},{&quot;genre&quot;:&quot;Comedy&quot;,&quot;movieID&quot;:422,&quot;title&quot;:&quot;Den enskilde medborgaren&quot;},{&quot;genre&quot;:&quot;Thriller&quot;,&quot;movieID&quot;:423,&quot;title&quot;:&quot;Messenger of Death&quot;},{&quot;genre&quot;:&quot;Documentary&quot;,&quot;movieID&quot;:424,&quot;title&quot;:&quot;Holy Wars&quot;},{&quot;genre&quot;:&quot;Documentary&quot;,&quot;movieID&quot;:425,&quot;title&quot;:&quot;La Rabbia&quot;},{&quot;genre&quot;:&quot;Drama&quot;,&quot;movieID&quot;:426,&quot;title&quot;:&quot;Daughter of the Nile (Ni luo he nu er)&quot;},{&quot;genre&quot;:&quot;Horror|Mystery|Thriller&quot;,&quot;movieID&quot;:427,&quot;title&quot;:&quot;Breathing Room&quot;},{&quot;genre&quot;:&quot;Drama|Musical|Romance&quot;,&quot;movieID&quot;:428,&quot;title&quot;:&quot;Goodbye, Mr. Chips&quot;},{&quot;genre&quot;:&quot;Comedy&quot;,&quot;movieID&quot;:429,&quot;title&quot;:&quot;Wirey Spindell&quot;},{&quot;genre&quot;:&quot;Drama&quot;,&quot;movieID&quot;:430,&quot;title&quot;:&quot;Elles&quot;},{&quot;genre&quot;:&quot;Action|Drama|Sci-Fi|Thriller&quot;,&quot;movieID&quot;:431,&quot;title&quot;:&quot;Star Trek: Nemesis&quot;},{&quot;genre&quot;:&quot;Drama|Film-Noir|Romance&quot;,&quot;movieID&quot;:432,&quot;title&quot;:&quot;Woman on the Beach, The&quot;},{&quot;genre&quot;:&quot;Action|Drama&quot;,&quot;movieID&quot;:433,&quot;title&quot;:&quot;True Legend (Su Qi-Er)&quot;},{&quot;genre&quot;:&quot;Drama&quot;,&quot;movieID&quot;:434,&quot;title&quot;:&quot;Jamaica Inn&quot;},{&quot;genre&quot;:&quot;Action&quot;,&quot;movieID&quot;:435,&quot;title&quot;:&quot;First Target&quot;},{&quot;genre&quot;:&quot;Comedy&quot;,&quot;movieID&quot;:436,&quot;title&quot;:&quot;Boeing, Boeing&quot;},{&quot;genre&quot;:&quot;Horror&quot;,&quot;movieID&quot;:437,&quot;title&quot;:&quot;The Oblong Box&quot;},{&quot;genre&quot;:&quot;Comedy|Horror&quot;,&quot;movieID&quot;:438,&quot;title&quot;:&quot;Sleeping Car, The&quot;},{&quot;genre&quot;:&quot;Drama&quot;,&quot;movieID&quot;:439,&quot;title&quot;:&quot;Go Now&quot;},{&quot;genre&quot;:&quot;Drama&quot;,&quot;movieID&quot;:440,&quot;title&quot;:&quot;Morgen&quot;},{&quot;genre&quot;:&quot;Action|Adventure|Drama&quot;,&quot;movieID&quot;:441,&quot;title&quot;:&quot;Scott of the Antarctic&quot;},{&quot;genre&quot;:&quot;Comedy|Romance&quot;,&quot;movieID&quot;:442,&quot;title&quot;:&quot;Vicky Donor&quot;},{&quot;genre&quot;:&quot;Documentary&quot;,&quot;movieID&quot;:443,&quot;title&quot;:&quot;Vinyl&quot;},{&quot;genre&quot;:&quot;Horror|Mystery|Thriller&quot;,&quot;movieID&quot;:444,&quot;title&quot;:&quot;Strange Circus (Kimyô na sâkasu)&quot;},{&quot;genre&quot;:&quot;Horror&quot;,&quot;movieID&quot;:445,&quot;title&quot;:&quot;Greystone Park&quot;},{&quot;genre&quot;:&quot;Adventure|Comedy|Horror|Romance&quot;,&quot;movieID&quot;:446,&quot;title&quot;:&quot;Dr. Phibes Rises Again&quot;},{&quot;genre&quot;:&quot;Drama|Romance&quot;,&quot;movieID&quot;:447,&quot;title&quot;:&quot;Quiet Man, The&quot;},{&quot;genre&quot;:&quot;Documentary&quot;,&quot;movieID&quot;:448,&quot;title&quot;:&quot;My First War&quot;},{&quot;genre&quot;:&quot;Drama|Romance&quot;,&quot;movieID&quot;:449,&quot;title&quot;:&quot;Vivere&quot;},{&quot;genre&quot;:&quot;Documentary&quot;,&quot;movieID&quot;:450,&quot;title&quot;:&quot;Cheshire Murders, The&quot;},{&quot;genre&quot;:&quot;Drama|Romance&quot;,&quot;movieID&quot;:451,&quot;title&quot;:&quot;All Mine to Give&quot;},{&quot;genre&quot;:&quot;Musical|Romance|Western&quot;,&quot;movieID&quot;:452,&quot;title&quot;:&quot;Girl of the Golden West&quot;},{&quot;genre&quot;:&quot;Children|Comedy&quot;,&quot;movieID&quot;:453,&quot;title&quot;:&quot;I, Cesar (Moi César, 10 ans 1/2, 1m39)&quot;},{&quot;genre&quot;:&quot;Crime|Drama|Thriller&quot;,&quot;movieID&quot;:454,&quot;title&quot;:&quot;Three Way&quot;},{&quot;genre&quot;:&quot;Documentary&quot;,&quot;movieID&quot;:455,&quot;title&quot;:&quot;Man of Aran&quot;},{&quot;genre&quot;:&quot;Drama&quot;,&quot;movieID&quot;:456,&quot;title&quot;:&quot;Childhood of Maxim Gorky, The (Detstvo Gorkogo)&quot;},{&quot;genre&quot;:&quot;Drama&quot;,&quot;movieID&quot;:457,&quot;title&quot;:&quot;Mondays in the Sun (Lunes al sol, Los)&quot;},{&quot;genre&quot;:&quot;Drama&quot;,&quot;movieID&quot;:458,&quot;title&quot;:&quot;Burnt by the Sun (Utomlyonnye solntsem)&quot;},{&quot;genre&quot;:&quot;Adventure|Children|Fantasy|Western&quot;,&quot;movieID&quot;:459,&quot;title&quot;:&quot;Tall Tale&quot;},{&quot;genre&quot;:&quot;Drama&quot;,&quot;movieID&quot;:460,&quot;title&quot;:&quot;Man There Was, A (Terje Vigen)&quot;},{&quot;genre&quot;:&quot;Comedy|Crime|Drama|Romance&quot;,&quot;movieID&quot;:461,&quot;title&quot;:&quot;Green Butchers, The (Grønne slagtere, De)&quot;},{&quot;genre&quot;:&quot;Fantasy|Horror|Thriller&quot;,&quot;movieID&quot;:462,&quot;title&quot;:&quot;Silent Hill&quot;},{&quot;genre&quot;:&quot;Drama|Romance&quot;,&quot;movieID&quot;:463,&quot;title&quot;:&quot;Star for Two, A&quot;},{&quot;genre&quot;:&quot;Comedy|Romance&quot;,&quot;movieID&quot;:464,&quot;title&quot;:&quot;Millionaire for Christy, A (Golden Goose) (No Room for the Groom)&quot;},{&quot;genre&quot;:&quot;Action|Drama&quot;,&quot;movieID&quot;:465,&quot;title&quot;:&quot;Breed Apart, A&quot;},{&quot;genre&quot;:&quot;Comedy|Drama&quot;,&quot;movieID&quot;:466,&quot;title&quot;:&quot;Intervista&quot;},{&quot;genre&quot;:&quot;Comedy|Sci-Fi&quot;,&quot;movieID&quot;:467,&quot;title&quot;:&quot;Heartbeeps&quot;},{&quot;genre&quot;:&quot;Drama&quot;,&quot;movieID&quot;:468,&quot;title&quot;:&quot;Pastoral Hide and Seek (Den-en ni shisu)&quot;},{&quot;genre&quot;:&quot;Drama&quot;,&quot;movieID&quot;:469,&quot;title&quot;:&quot;From the Clouds to the Resistance (Dalla nube alla resistenza)&quot;},{&quot;genre&quot;:&quot;Documentary&quot;,&quot;movieID&quot;:470,&quot;title&quot;:&quot;Double Dare&quot;},{&quot;genre&quot;:&quot;Action|Horror|Thriller&quot;,&quot;movieID&quot;:471,&quot;title&quot;:&quot;Mulberry Street&quot;},{&quot;genre&quot;:&quot;Horror|Mystery|Thriller&quot;,&quot;movieID&quot;:472,&quot;title&quot;:&quot;Ringu (Ring)&quot;},{&quot;genre&quot;:&quot;Drama|Thriller&quot;,&quot;movieID&quot;:473,&quot;title&quot;:&quot;Beautiful&quot;},{&quot;genre&quot;:&quot;Comedy|Horror|Sci-Fi&quot;,&quot;movieID&quot;:474,&quot;title&quot;:&quot;Top of the Food Chain (a.k.a. Invasion!)&quot;},{&quot;genre&quot;:&quot;Documentary&quot;,&quot;movieID&quot;:475,&quot;title&quot;:&quot;Shanghai Ghetto&quot;},{&quot;genre&quot;:&quot;Drama|Romance&quot;,&quot;movieID&quot;:476,&quot;title&quot;:&quot;Day He Arrives, The (Book chon bang hyang)&quot;},{&quot;genre&quot;:&quot;Action|War&quot;,&quot;movieID&quot;:477,&quot;title&quot;:&quot;Dirty Dozen: Next Mission, The&quot;},{&quot;genre&quot;:&quot;Drama|War&quot;,&quot;movieID&quot;:478,&quot;title&quot;:&quot;Hell to Eternity&quot;},{&quot;genre&quot;:&quot;Drama|Romance&quot;,&quot;movieID&quot;:479,&quot;title&quot;:&quot;Pola X&quot;},{&quot;genre&quot;:&quot;Drama&quot;,&quot;movieID&quot;:480,&quot;title&quot;:&quot;In Praise of Love (Éloge de l&apos;amour)&quot;},{&quot;genre&quot;:&quot;Drama&quot;,&quot;movieID&quot;:481,&quot;title&quot;:&quot;British Intelligence&quot;},{&quot;genre&quot;:&quot;Comedy&quot;,&quot;movieID&quot;:482,&quot;title&quot;:&quot;AmeriQua&quot;},{&quot;genre&quot;:&quot;Action|Adventure&quot;,&quot;movieID&quot;:483,&quot;title&quot;:&quot;Three Musketeers, The&quot;},{&quot;genre&quot;:&quot;Drama|Fantasy|Mystery|Romance&quot;,&quot;movieID&quot;:484,&quot;title&quot;:&quot;Portrait of Jennie&quot;},{&quot;genre&quot;:&quot;Drama&quot;,&quot;movieID&quot;:485,&quot;title&quot;:&quot;Month in the Country, A&quot;},{&quot;genre&quot;:&quot;Action|Thriller&quot;,&quot;movieID&quot;:486,&quot;title&quot;:&quot;Daylight (Daglicht)&quot;},{&quot;genre&quot;:&quot;Drama|Romance&quot;,&quot;movieID&quot;:487,&quot;title&quot;:&quot;Divorcee, The&quot;},{&quot;genre&quot;:&quot;Comedy|Drama&quot;,&quot;movieID&quot;:488,&quot;title&quot;:&quot;Toughest Man in the World, The&quot;},{&quot;genre&quot;:&quot;Children|Comedy&quot;,&quot;movieID&quot;:489,&quot;title&quot;:&quot;Mystery, Alaska&quot;},{&quot;genre&quot;:&quot;Comedy|Drama|Fantasy|Musical&quot;,&quot;movieID&quot;:490,&quot;title&quot;:&quot;O Lucky Man!&quot;},{&quot;genre&quot;:&quot;Action|Adventure|Animation|Comedy|Thriller&quot;,&quot;movieID&quot;:491,&quot;title&quot;:&quot;Teenage Mutant Ninja Turtles: Turtles Forever&quot;},{&quot;genre&quot;:&quot;Drama&quot;,&quot;movieID&quot;:492,&quot;title&quot;:&quot;Don&apos;t Move (Non ti muovere)&quot;},{&quot;genre&quot;:&quot;Crime|Drama|Romance&quot;,&quot;movieID&quot;:493,&quot;title&quot;:&quot;Petrified Forest, The&quot;},{&quot;genre&quot;:&quot;Action|Adventure|Crime|Thriller&quot;,&quot;movieID&quot;:494,&quot;title&quot;:&quot;Hobo with a Shotgun&quot;},{&quot;genre&quot;:&quot;Comedy|Drama|Romance&quot;,&quot;movieID&quot;:495,&quot;title&quot;:&quot;Wedding Banquet, The (Xi yan)&quot;},{&quot;genre&quot;:&quot;Documentary|Drama&quot;,&quot;movieID&quot;:496,&quot;title&quot;:&quot;Is It Easy to be Young?&quot;},{&quot;genre&quot;:&quot;Western&quot;,&quot;movieID&quot;:497,&quot;title&quot;:&quot;Return of Django (Son of Django) (Figlio di Django, Il)&quot;},{&quot;genre&quot;:&quot;Comedy|Documentary&quot;,&quot;movieID&quot;:498,&quot;title&quot;:&quot;Exit Through the Gift Shop&quot;},{&quot;genre&quot;:&quot;Documentary&quot;,&quot;movieID&quot;:499,&quot;title&quot;:&quot;Such Hawks Such Hounds&quot;},{&quot;genre&quot;:&quot;Adventure&quot;,&quot;movieID&quot;:500,&quot;title&quot;:&quot;The Corsican Brothers&quot;},{&quot;genre&quot;:&quot;Drama|War&quot;,&quot;movieID&quot;:501,&quot;title&quot;:&quot;Poll Diaries, The (Poll)&quot;},{&quot;genre&quot;:&quot;Documentary&quot;,&quot;movieID&quot;:502,&quot;title&quot;:&quot;Erasing David&quot;},{&quot;genre&quot;:&quot;Adventure|Comedy&quot;,&quot;movieID&quot;:503,&quot;title&quot;:&quot;Dumb &amp; Dumber (Dumb and Dumber)&quot;},{&quot;genre&quot;:&quot;Drama|Romance&quot;,&quot;movieID&quot;:504,&quot;title&quot;:&quot;Three Degrees Colder (3° kälter)&quot;},{&quot;genre&quot;:&quot;Action|Crime|Drama|Romance|Thriller&quot;,&quot;movieID&quot;:505,&quot;title&quot;:&quot;Burnt Money (Plata Quemada)&quot;},{&quot;genre&quot;:&quot;Drama|Thriller&quot;,&quot;movieID&quot;:506,&quot;title&quot;:&quot;Devil&apos;s Pond&quot;},{&quot;genre&quot;:&quot;Comedy|Drama&quot;,&quot;movieID&quot;:507,&quot;title&quot;:&quot;August: Osage County&quot;},{&quot;genre&quot;:&quot;Drama|Thriller&quot;,&quot;movieID&quot;:508,&quot;title&quot;:&quot;Coriolanus&quot;},{&quot;genre&quot;:&quot;Drama|Romance&quot;,&quot;movieID&quot;:509,&quot;title&quot;:&quot;Honey&quot;},{&quot;genre&quot;:&quot;Thriller&quot;,&quot;movieID&quot;:510,&quot;title&quot;:&quot;I as in Icarus (I... comme Icare)&quot;},{&quot;genre&quot;:&quot;Drama&quot;,&quot;movieID&quot;:511,&quot;title&quot;:&quot;Sybil&quot;},{&quot;genre&quot;:&quot;Comedy|Crime|Drama|Thriller&quot;,&quot;movieID&quot;:512,&quot;title&quot;:&quot;Body Count&quot;},{&quot;genre&quot;:&quot;Drama|Romance&quot;,&quot;movieID&quot;:513,&quot;title&quot;:&quot;Mother Carey&apos;s Chickens&quot;},{&quot;genre&quot;:&quot;Drama&quot;,&quot;movieID&quot;:514,&quot;title&quot;:&quot;Street Without End (Kagirinaki hodo)&quot;},{&quot;genre&quot;:&quot;Thriller&quot;,&quot;movieID&quot;:515,&quot;title&quot;:&quot;Red Rock West&quot;},{&quot;genre&quot;:&quot;Western&quot;,&quot;movieID&quot;:516,&quot;title&quot;:&quot;Hombre&quot;},{&quot;genre&quot;:&quot;Comedy|Romance&quot;,&quot;movieID&quot;:517,&quot;title&quot;:&quot;Buying the Cow&quot;},{&quot;genre&quot;:&quot;Action|Comedy|Sci-Fi|IMAX&quot;,&quot;movieID&quot;:518,&quot;title&quot;:&quot;Men in Black III (M.III.B.) (M.I.B.³)&quot;},{&quot;genre&quot;:&quot;Action|Adventure&quot;,&quot;movieID&quot;:519,&quot;title&quot;:&quot;The Hunchback of Paris&quot;},{&quot;genre&quot;:&quot;Adventure|Children|Comedy|Fantasy|Romance&quot;,&quot;movieID&quot;:520,&quot;title&quot;:&quot;Kid in King Arthur&apos;s Court, A&quot;},{&quot;genre&quot;:&quot;Comedy|Drama&quot;,&quot;movieID&quot;:521,&quot;title&quot;:&quot;Schultze Gets the Blues&quot;},{&quot;genre&quot;:&quot;Drama|Horror|Thriller&quot;,&quot;movieID&quot;:522,&quot;title&quot;:&quot;House&quot;},{&quot;genre&quot;:&quot;Comedy&quot;,&quot;movieID&quot;:523,&quot;title&quot;:&quot;Bustin&apos; Loose&quot;},{&quot;genre&quot;:&quot;Drama&quot;,&quot;movieID&quot;:524,&quot;title&quot;:&quot;Fate Is the Hunter&quot;},{&quot;genre&quot;:&quot;Drama|Mystery|Thriller&quot;,&quot;movieID&quot;:525,&quot;title&quot;:&quot;Cold Trail (Köld slóð)&quot;},{&quot;genre&quot;:&quot;Drama&quot;,&quot;movieID&quot;:526,&quot;title&quot;:&quot;Eden&quot;},{&quot;genre&quot;:&quot;Crime|Drama|Mystery&quot;,&quot;movieID&quot;:527,&quot;title&quot;:&quot;The Missing&quot;},{&quot;genre&quot;:&quot;Drama&quot;,&quot;movieID&quot;:528,&quot;title&quot;:&quot;Miss Julie&quot;},{&quot;genre&quot;:&quot;Animation|Children|Fantasy|Musical&quot;,&quot;movieID&quot;:529,&quot;title&quot;:&quot;Pinocchio&quot;},{&quot;genre&quot;:&quot;Drama&quot;,&quot;movieID&quot;:530,&quot;title&quot;:&quot;Umberto D.&quot;},{&quot;genre&quot;:&quot;Drama|War&quot;,&quot;movieID&quot;:531,&quot;title&quot;:&quot;War Witch (Rebelle)&quot;},{&quot;genre&quot;:&quot;Drama&quot;,&quot;movieID&quot;:532,&quot;title&quot;:&quot;Salo, or The 120 Days of Sodom (Salò o le 120 giornate di Sodoma)&quot;},{&quot;genre&quot;:&quot;Drama&quot;,&quot;movieID&quot;:533,&quot;title&quot;:&quot;Quinceañera&quot;},{&quot;genre&quot;:&quot;Documentary|Musical&quot;,&quot;movieID&quot;:534,&quot;title&quot;:&quot;Cosmic Psychos: Blokes You Can Trust&quot;},{&quot;genre&quot;:&quot;Action&quot;,&quot;movieID&quot;:535,&quot;title&quot;:&quot;Tournament, The&quot;},{&quot;genre&quot;:&quot;Drama&quot;,&quot;movieID&quot;:536,&quot;title&quot;:&quot;Sunshine&quot;},{&quot;genre&quot;:&quot;Crime|Drama|Thriller&quot;,&quot;movieID&quot;:537,&quot;title&quot;:&quot;Karla&quot;},{&quot;genre&quot;:&quot;Drama&quot;,&quot;movieID&quot;:538,&quot;title&quot;:&quot;The Horseplayer&quot;},{&quot;genre&quot;:&quot;Western&quot;,&quot;movieID&quot;:539,&quot;title&quot;:&quot;Desert Trail, The&quot;},{&quot;genre&quot;:&quot;Adventure|Sci-Fi|Thriller&quot;,&quot;movieID&quot;:540,&quot;title&quot;:&quot;The Hunger Games: Mockingjay - Part 1&quot;},{&quot;genre&quot;:&quot;Comedy|Drama&quot;,&quot;movieID&quot;:541,&quot;title&quot;:&quot;Bonneville&quot;},{&quot;genre&quot;:&quot;Documentary|Musical&quot;,&quot;movieID&quot;:542,&quot;title&quot;:&quot;Punk in London&quot;},{&quot;genre&quot;:&quot;Action|Adventure|Comedy|Sci-Fi&quot;,&quot;movieID&quot;:543,&quot;title&quot;:&quot;Land of the Lost&quot;},{&quot;genre&quot;:&quot;Adventure|Drama&quot;,&quot;movieID&quot;:544,&quot;title&quot;:&quot;1492: Conquest of Paradise&quot;},{&quot;genre&quot;:&quot;Animation|Children|Comedy&quot;,&quot;movieID&quot;:545,&quot;title&quot;:&quot;Animals United&quot;},{&quot;genre&quot;:&quot;Comedy&quot;,&quot;movieID&quot;:546,&quot;title&quot;:&quot;Associate, The&quot;},{&quot;genre&quot;:&quot;Animation|Children|Comedy&quot;,&quot;movieID&quot;:547,&quot;title&quot;:&quot;Kung Fu Panda Holiday Special&quot;},{&quot;genre&quot;:&quot;Comedy|Romance&quot;,&quot;movieID&quot;:548,&quot;title&quot;:&quot;Bed &amp; Breakfast: Love is a Happy Accident (Bed &amp; Breakfast)&quot;},{&quot;genre&quot;:&quot;Comedy&quot;,&quot;movieID&quot;:549,&quot;title&quot;:&quot;Siegfried&quot;},{&quot;genre&quot;:&quot;Action|Adventure|Comedy|Fantasy|Horror|Thriller&quot;,&quot;movieID&quot;:550,&quot;title&quot;:&quot;Mummy, The&quot;},{&quot;genre&quot;:&quot;Documentary&quot;,&quot;movieID&quot;:551,&quot;title&quot;:&quot;Harvard Beats Yale 29-29&quot;},{&quot;genre&quot;:&quot;Comedy&quot;,&quot;movieID&quot;:552,&quot;title&quot;:&quot;Flight of the Conchords: A Texan Odyssey&quot;},{&quot;genre&quot;:&quot;Drama&quot;,&quot;movieID&quot;:553,&quot;title&quot;:&quot;Plenty&quot;},{&quot;genre&quot;:&quot;Comedy&quot;,&quot;movieID&quot;:554,&quot;title&quot;:&quot;Diminished Capacity&quot;},{&quot;genre&quot;:&quot;(no genres listed)&quot;,&quot;movieID&quot;:555,&quot;title&quot;:&quot;Slumber Party &apos;57&quot;},{&quot;genre&quot;:&quot;Comedy|Horror&quot;,&quot;movieID&quot;:556,&quot;title&quot;:&quot;WNUF Halloween Special&quot;},{&quot;genre&quot;:&quot;Comedy|Fantasy&quot;,&quot;movieID&quot;:557,&quot;title&quot;:&quot;High Test Girls&quot;},{&quot;genre&quot;:&quot;Horror&quot;,&quot;movieID&quot;:558,&quot;title&quot;:&quot;Survival of the Dead&quot;},{&quot;genre&quot;:&quot;Action|Adventure|Sci-Fi|Thriller&quot;,&quot;movieID&quot;:559,&quot;title&quot;:&quot;Escape from L.A.&quot;},{&quot;genre&quot;:&quot;Comedy&quot;,&quot;movieID&quot;:560,&quot;title&quot;:&quot;Christmas Party, The (Joulubileet)&quot;},{&quot;genre&quot;:&quot;Sci-Fi&quot;,&quot;movieID&quot;:561,&quot;title&quot;:&quot;Things to Come&quot;},{&quot;genre&quot;:&quot;Drama&quot;,&quot;movieID&quot;:562,&quot;title&quot;:&quot;SherryBaby&quot;},{&quot;genre&quot;:&quot;Crime|Film-Noir|Thriller&quot;,&quot;movieID&quot;:563,&quot;title&quot;:&quot;Night Court&quot;},{&quot;genre&quot;:&quot;Drama|Musical&quot;,&quot;movieID&quot;:564,&quot;title&quot;:&quot;Million Dollar Mermaid&quot;},{&quot;genre&quot;:&quot;Action|Drama&quot;,&quot;movieID&quot;:565,&quot;title&quot;:&quot;Mixed Blood&quot;},{&quot;genre&quot;:&quot;Documentary&quot;,&quot;movieID&quot;:566,&quot;title&quot;:&quot;Lunch Break&quot;},{&quot;genre&quot;:&quot;Drama|Romance&quot;,&quot;movieID&quot;:567,&quot;title&quot;:&quot;Weary River&quot;},{&quot;genre&quot;:&quot;Comedy|Horror&quot;,&quot;movieID&quot;:568,&quot;title&quot;:&quot;Transylvania 6-5000&quot;},{&quot;genre&quot;:&quot;Documentary&quot;,&quot;movieID&quot;:569,&quot;title&quot;:&quot;King Leopold&apos;s Ghost&quot;},{&quot;genre&quot;:&quot;Comedy|Drama|Fantasy&quot;,&quot;movieID&quot;:570,&quot;title&quot;:&quot;Being John Malkovich&quot;},{&quot;genre&quot;:&quot;Horror|Thriller&quot;,&quot;movieID&quot;:571,&quot;title&quot;:&quot;Dementia 13&quot;},{&quot;genre&quot;:&quot;Documentary&quot;,&quot;movieID&quot;:572,&quot;title&quot;:&quot;Boogie Man: The Lee Atwater Story&quot;},{&quot;genre&quot;:&quot;Drama&quot;,&quot;movieID&quot;:573,&quot;title&quot;:&quot;Pointe-Courte, La&quot;},{&quot;genre&quot;:&quot;Crime|Drama|Film-Noir|Thriller&quot;,&quot;movieID&quot;:574,&quot;title&quot;:&quot;High Sierra&quot;},{&quot;genre&quot;:&quot;Comedy&quot;,&quot;movieID&quot;:575,&quot;title&quot;:&quot;Delicate Art of Parking, The&quot;},{&quot;genre&quot;:&quot;Drama|Film-Noir|Romance&quot;,&quot;movieID&quot;:576,&quot;title&quot;:&quot;Champion&quot;},{&quot;genre&quot;:&quot;Comedy|Crime|Drama|Mystery&quot;,&quot;movieID&quot;:577,&quot;title&quot;:&quot;The Case of the Curious Bride&quot;},{&quot;genre&quot;:&quot;Comedy|Drama&quot;,&quot;movieID&quot;:578,&quot;title&quot;:&quot;Perfect Family, The&quot;},{&quot;genre&quot;:&quot;Drama|Romance|War&quot;,&quot;movieID&quot;:579,&quot;title&quot;:&quot;Pornography (Pornografia)&quot;},{&quot;genre&quot;:&quot;Comedy&quot;,&quot;movieID&quot;:580,&quot;title&quot;:&quot;All in a Night&apos;s Work&quot;},{&quot;genre&quot;:&quot;Action|Crime|Thriller&quot;,&quot;movieID&quot;:581,&quot;title&quot;:&quot;Judgment Night&quot;},{&quot;genre&quot;:&quot;Mystery|Thriller&quot;,&quot;movieID&quot;:582,&quot;title&quot;:&quot;Bat, The&quot;},{&quot;genre&quot;:&quot;Drama|Romance&quot;,&quot;movieID&quot;:583,&quot;title&quot;:&quot;Lady Chatterley&apos;s Lover&quot;},{&quot;genre&quot;:&quot;Drama|War&quot;,&quot;movieID&quot;:584,&quot;title&quot;:&quot;As Far As My Feet Will Carry Me (So weit die Füße tragen)&quot;},{&quot;genre&quot;:&quot;Comedy|Drama|Mystery&quot;,&quot;movieID&quot;:585,&quot;title&quot;:&quot;Frank&quot;},{&quot;genre&quot;:&quot;Drama|Sci-Fi&quot;,&quot;movieID&quot;:586,&quot;title&quot;:&quot;Enigma&quot;},{&quot;genre&quot;:&quot;Action|Comedy&quot;,&quot;movieID&quot;:587,&quot;title&quot;:&quot;Easy Wheels&quot;},{&quot;genre&quot;:&quot;Comedy|Horror|Mystery&quot;,&quot;movieID&quot;:588,&quot;title&quot;:&quot;One Body Too Many&quot;},{&quot;genre&quot;:&quot;Documentary&quot;,&quot;movieID&quot;:589,&quot;title&quot;:&quot;Vito&quot;},{&quot;genre&quot;:&quot;Documentary&quot;,&quot;movieID&quot;:590,&quot;title&quot;:&quot;My Brother the Terrorist&quot;},{&quot;genre&quot;:&quot;Crime|Drama|Romance&quot;,&quot;movieID&quot;:591,&quot;title&quot;:&quot;Brazilian Western (Faroeste Caboclo)&quot;},{&quot;genre&quot;:&quot;Comedy|Musical&quot;,&quot;movieID&quot;:592,&quot;title&quot;:&quot;Happiest Millionaire, The&quot;},{&quot;genre&quot;:&quot;Comedy|Drama&quot;,&quot;movieID&quot;:593,&quot;title&quot;:&quot;Change of Plans (Le code a changé)&quot;},{&quot;genre&quot;:&quot;Drama&quot;,&quot;movieID&quot;:594,&quot;title&quot;:&quot;Written on the Wind&quot;},{&quot;genre&quot;:&quot;Drama|Romance&quot;,&quot;movieID&quot;:595,&quot;title&quot;:&quot;Revolutionary Road&quot;},{&quot;genre&quot;:&quot;Drama&quot;,&quot;movieID&quot;:596,&quot;title&quot;:&quot;Three Comrades&quot;},{&quot;genre&quot;:&quot;Comedy&quot;,&quot;movieID&quot;:597,&quot;title&quot;:&quot;Bridesmaids&quot;},{&quot;genre&quot;:&quot;Documentary&quot;,&quot;movieID&quot;:598,&quot;title&quot;:&quot;Sound City&quot;},{&quot;genre&quot;:&quot;Comedy&quot;,&quot;movieID&quot;:599,&quot;title&quot;:&quot;Morsian yllättää&quot;},{&quot;genre&quot;:&quot;Horror&quot;,&quot;movieID&quot;:600,&quot;title&quot;:&quot;13/13/13&quot;},{&quot;genre&quot;:&quot;Documentary&quot;,&quot;movieID&quot;:601,&quot;title&quot;:&quot;Midnight Movies: From the Margin to the Mainstream&quot;},{&quot;genre&quot;:&quot;Crime|Drama|Mystery&quot;,&quot;movieID&quot;:602,&quot;title&quot;:&quot;Suspect X (Yôgisha X no kenshin)&quot;},{&quot;genre&quot;:&quot;Documentary&quot;,&quot;movieID&quot;:603,&quot;title&quot;:&quot;Four Seasons (Seasons, The) (Vremena goda)&quot;},{&quot;genre&quot;:&quot;Crime|Drama|Mystery|Thriller&quot;,&quot;movieID&quot;:604,&quot;title&quot;:&quot;Interview, The&quot;},{&quot;genre&quot;:&quot;Crime|Drama&quot;,&quot;movieID&quot;:605,&quot;title&quot;:&quot;Night of the Following Day, The&quot;},{&quot;genre&quot;:&quot;Comedy|Drama&quot;,&quot;movieID&quot;:606,&quot;title&quot;:&quot;Lightnin&apos;&quot;},{&quot;genre&quot;:&quot;Comedy|Drama|Romance&quot;,&quot;movieID&quot;:607,&quot;title&quot;:&quot;Secretary&quot;},{&quot;genre&quot;:&quot;Horror&quot;,&quot;movieID&quot;:608,&quot;title&quot;:&quot;Anatomy (Anatomie)&quot;},{&quot;genre&quot;:&quot;Drama|Mystery&quot;,&quot;movieID&quot;:609,&quot;title&quot;:&quot;In the Heat of the Night&quot;},{&quot;genre&quot;:&quot;Crime|Mystery&quot;,&quot;movieID&quot;:610,&quot;title&quot;:&quot;Appointment with Death&quot;},{&quot;genre&quot;:&quot;Children|Drama&quot;,&quot;movieID&quot;:611,&quot;title&quot;:&quot;Kim&quot;},{&quot;genre&quot;:&quot;Drama|Fantasy|Romance&quot;,&quot;movieID&quot;:612,&quot;title&quot;:&quot;Beastly&quot;},{&quot;genre&quot;:&quot;Drama|Fantasy|Musical&quot;,&quot;movieID&quot;:613,&quot;title&quot;:&quot;Scrooge&quot;},{&quot;genre&quot;:&quot;Comedy&quot;,&quot;movieID&quot;:614,&quot;title&quot;:&quot;Craig Ferguson: A Wee Bit o&apos; Revolution&quot;},{&quot;genre&quot;:&quot;Horror&quot;,&quot;movieID&quot;:615,&quot;title&quot;:&quot;Texas Chainsaw Massacre 2, The&quot;},{&quot;genre&quot;:&quot;Thriller&quot;,&quot;movieID&quot;:616,&quot;title&quot;:&quot;Borgman&quot;},{&quot;genre&quot;:&quot;Drama|Romance&quot;,&quot;movieID&quot;:617,&quot;title&quot;:&quot;Sound and the Fury, The&quot;},{&quot;genre&quot;:&quot;Horror&quot;,&quot;movieID&quot;:618,&quot;title&quot;:&quot;Chillers&quot;},{&quot;genre&quot;:&quot;Drama&quot;,&quot;movieID&quot;:619,&quot;title&quot;:&quot;Cold Weather&quot;},{&quot;genre&quot;:&quot;Documentary&quot;,&quot;movieID&quot;:620,&quot;title&quot;:&quot;Human Experience, The&quot;},{&quot;genre&quot;:&quot;Action|Crime|Drama&quot;,&quot;movieID&quot;:621,&quot;title&quot;:&quot;New Jack City&quot;},{&quot;genre&quot;:&quot;Comedy|Drama|Fantasy&quot;,&quot;movieID&quot;:622,&quot;title&quot;:&quot;Odd Life of Timothy Green, The&quot;},{&quot;genre&quot;:&quot;Comedy|Romance&quot;,&quot;movieID&quot;:623,&quot;title&quot;:&quot;When Harry Met Sally...&quot;},{&quot;genre&quot;:&quot;Drama&quot;,&quot;movieID&quot;:624,&quot;title&quot;:&quot;We and the I, The&quot;},{&quot;genre&quot;:&quot;Comedy|Musical&quot;,&quot;movieID&quot;:625,&quot;title&quot;:&quot;West Point Story, The&quot;},{&quot;genre&quot;:&quot;Drama|Romance&quot;,&quot;movieID&quot;:626,&quot;title&quot;:&quot;Sea Gull, The&quot;},{&quot;genre&quot;:&quot;Action|Adventure|War&quot;,&quot;movieID&quot;:627,&quot;title&quot;:&quot;Navy Seals&quot;},{&quot;genre&quot;:&quot;Crime|Drama&quot;,&quot;movieID&quot;:628,&quot;title&quot;:&quot;Someone Like You (Unnaipol Oruvan)&quot;},{&quot;genre&quot;:&quot;Drama|Thriller&quot;,&quot;movieID&quot;:629,&quot;title&quot;:&quot;Bottom of the Sea, The (El fondo del mar)&quot;},{&quot;genre&quot;:&quot;Animation&quot;,&quot;movieID&quot;:630,&quot;title&quot;:&quot;Bleach: Fade to Black (Bur&amp;#299;chi Fade to Black Kimi no Na o Yobu)&quot;},{&quot;genre&quot;:&quot;Drama|Romance&quot;,&quot;movieID&quot;:631,&quot;title&quot;:&quot;Save the Last Dance 2&quot;},{&quot;genre&quot;:&quot;Horror|Thriller&quot;,&quot;movieID&quot;:632,&quot;title&quot;:&quot;Incubus, The&quot;},{&quot;genre&quot;:&quot;Children|Comedy&quot;,&quot;movieID&quot;:633,&quot;title&quot;:&quot;Home Alone 3&quot;},{&quot;genre&quot;:&quot;Comedy|Crime&quot;,&quot;movieID&quot;:634,&quot;title&quot;:&quot;Seven Psychopaths&quot;},{&quot;genre&quot;:&quot;Comedy|Drama&quot;,&quot;movieID&quot;:635,&quot;title&quot;:&quot;Little Nicholas (Le petit Nicolas)&quot;},{&quot;genre&quot;:&quot;Documentary&quot;,&quot;movieID&quot;:636,&quot;title&quot;:&quot;Silent World, The (Le monde du silence)&quot;},{&quot;genre&quot;:&quot;Drama&quot;,&quot;movieID&quot;:637,&quot;title&quot;:&quot;Putty Hill&quot;},{&quot;genre&quot;:&quot;Action|Adventure|Animation|Children|Comedy&quot;,&quot;movieID&quot;:638,&quot;title&quot;:&quot;Bolt&quot;},{&quot;genre&quot;:&quot;Thriller&quot;,&quot;movieID&quot;:639,&quot;title&quot;:&quot;Canyon, The&quot;},{&quot;genre&quot;:&quot;Adventure|Children|Comedy|Fantasy&quot;,&quot;movieID&quot;:640,&quot;title&quot;:&quot;Shaggy Dog, The&quot;},{&quot;genre&quot;:&quot;Drama|Thriller&quot;,&quot;movieID&quot;:641,&quot;title&quot;:&quot;Zandalee&quot;},{&quot;genre&quot;:&quot;Comedy&quot;,&quot;movieID&quot;:642,&quot;title&quot;:&quot;Konopielka&quot;},{&quot;genre&quot;:&quot;Drama&quot;,&quot;movieID&quot;:643,&quot;title&quot;:&quot;Babbitt&quot;},{&quot;genre&quot;:&quot;Drama&quot;,&quot;movieID&quot;:644,&quot;title&quot;:&quot;Shop on Main Street, The (Obchod na korze)&quot;},{&quot;genre&quot;:&quot;Drama|Mystery|Thriller&quot;,&quot;movieID&quot;:645,&quot;title&quot;:&quot;Kissed by Winter (Vinterkyss)&quot;},{&quot;genre&quot;:&quot;Comedy|Drama&quot;,&quot;movieID&quot;:646,&quot;title&quot;:&quot;Deconstructing Harry&quot;},{&quot;genre&quot;:&quot;Comedy|Crime|Romance&quot;,&quot;movieID&quot;:647,&quot;title&quot;:&quot;Gigli&quot;},{&quot;genre
[...]
"Pleasures of the Flesh (Etsuraku)"},{"genre":"Crime|Drama|Horror","movieID":734,"title":"Guilty of Romance (Koi no tsumi) "},{"genre":"Comedy|Drama","movieID":735,"title":"Solitary Man"},{"genre":"Action|Adventure|Sci-Fi","movieID":736,"title":"Rocketeer, The"},{"genre":"Drama","movieID":737,"title":"Lawn Dogs"},{"genre":"Drama|Romance","movieID":738,"title":"Carrie"},{"genre":"Comedy|Drama","movieID":739,"title":"Only When I Laugh"},{"genre":"Sci-Fi","movieID":740,"title":"Earth vs. the Flying Saucers"},{"genre":"Comedy","movieID":741,"title":"Fatal Instinct"},{"genre":"Documentary","movieID":742,"title":"Better Living Through Circuitry"},{"genre":"Documentary","movieID":743,"title":"Punk's Not Dead"},{"genre":"Drama|Romance","movieID":744,"title":"Playboys, The"},{"genre":"Adventure|Animation|Children|Comedy|Fantasy","movieID":745,"title":"Asterix and the Vikings (Astérix et les Vikings)"},{"genre":"Action|Crime|Drama","movieID":746,"title":"Rich and Famous (Gong woo ching)"},{"genre":"Action|Adventure|Fantasy","movieID":747,"title":"7th Voyage of Sinbad, The"},{"genre":"Horror|Sci-Fi","movieID":748,"title":"Invisible Man, The"},{"genre":"Children","movieID":749,"title":"Quatsch und die Nasenbärbande"},{"genre":"Crime|Thriller","movieID":750,"title":"John Doe: Vigilante"},{"genre":"Animation","movieID":751,"title":"Merry Madagascar"},{"genre":"Drama","movieID":752,"title":"Beast at Bay, A"},{"genre":"Drama","movieID":753,"title":"Rendez-vous"},{"genre":"Drama|Thriller","movieID":754,"title":"Fail Safe"},{"genre":"Drama|Romance","movieID":755,"title":"Employees' Entrance"},{"genre":"Drama","movieID":756,"title":"Against the Current"},{"genre":"Horror|Thriller","movieID":757,"title":"They"},{"genre":"Drama|Musical|Romance","movieID":758,"title":"Moulin Rouge"},{"genre":"Drama","movieID":759,"title":"Last Letter, The (La dernière lettre)"},{"genre":"Drama|Romance|War","movieID":760,"title":"Shopworn Angel, The"},{"genre":"Drama","movieID":761,"title":"Sugar Cane Alley (Rue cases nègres)"},{"genre":"Drama","movieID":762,"title":"Jim Thorpe -- All-American"},{"genre":"Comedy","movieID":763,"title":"Mistress"},{"genre":"Comedy|Drama","movieID":764,"title":"Lucky Numbers"},{"genre":"Adventure|Sci-Fi","movieID":765,"title":"Land That Time Forgot, The"},{"genre":"Comedy|Sci-Fi","movieID":766,"title":"Way... Way Out"},{"genre":"Comedy|Horror|Sci-Fi","movieID":767,"title":"Critters 4"},{"genre":"Drama","movieID":768,"title":"Chariots of Fire"},{"genre":"Drama","movieID":769,"title":"Small Town, The (a.k.a. The Town) (Kasaba)"},{"genre":"Drama|Horror","movieID":770,"title":"London After Midnight"},{"genre":"Drama","movieID":771,"title":"Everybody's Got Somebody... Not Me"},{"genre":"Comedy","movieID":772,"title":"Vice Versa"},{"genre":"Action|Adventure|Comedy|Sci-Fi","movieID":773,"title":"Space Cowboys"},{"genre":"Horror","movieID":774,"title":"The Face of Marble"},{"genre":"Documentary","movieID":775,"title":"Citizen Koch"},{"genre":"Children|Drama|Sci-Fi","movieID":776,"title":"Advantageous"},{"genre":"Comedy","movieID":777,"title":"Ernest Scared Stupid"},{"genre":"Drama","movieID":778,"title":"Al otro lado"},{"genre":"Western","movieID":779,"title":"Cowboy"},{"genre":"Children|Horror","movieID":780,"title":"The Boy Who Cried Werewolf"},{"genre":"Comedy|Drama","movieID":781,"title":"Last Call, The (Tercera Llamada)"},{"genre":"Children|Comedy|Drama","movieID":782,"title":"Feast at Midnight, A"},{"genre":"Comedy","movieID":783,"title":"Pootie Tang"},{"genre":"Drama","movieID":784,"title":"Riding Alone for Thousands of Miles (Qian li zou dan qi)"},{"genre":"Comedy|Drama|Romance","movieID":785,"title":"In Therapy (Divã)"},{"genre":"Comedy|Drama|Romance","movieID":786,"title":"King of Comedy (Hei kek ji wong)"},{"genre":"Action|Comedy|Fantasy","movieID":787,"title":"Vampire Academy"},{"genre":"Drama|Thriller","movieID":788,"title":"Life Before Her Eyes, The"},{"genre":"Comedy|Drama","movieID":789,"title":"Volver"},{"genre":"Comedy|Drama|Romance|Western","movieID":790,"title":"Cowboy and the Lady, The"},{"genre":"Comedy","movieID":791,"title":"Babysitting"},{"genre":"Comedy|Fantasy|Horror","movieID":792,"title":"Demonic Toys"},{"genre":"Comedy|Drama|Romance","movieID":793,"title":"Italian for Beginners (Italiensk for begyndere)"},{"genre":"Drama|Romance","movieID":794,"title":"Bird of the Air, A (Loop, The)"},{"genre":"Comedy|Romance","movieID":795,"title":"Arthur 2: On the Rocks"},{"genre":"Action|Crime|Mystery|Sci-Fi|Thriller","movieID":796,"title":"Ticking Clock"},{"genre":"Action|Drama|War","movieID":797,"title":"Battle of the Warriors"},{"genre":"Comedy|Drama","movieID":798,"title":"Vicious Kind, The"},{"genre":"Horror","movieID":799,"title":"Don't Go in the House"},{"genre":"Comedy|Romance","movieID":800,"title":"She's the One"},{"genre":"Crime|Thriller","movieID":801,"title":"Pusher"},{"genre":"Documentary","movieID":802,"title":"Human Planet"},{"genre":"Comedy","movieID":803,"title":"Tammy"},{"genre":"Drama","movieID":804,"title":"Pushing Hands (Tui shou)"},{"genre":"Action|Crime","movieID":805,"title":"New Wave, A"},{"genre":"Comedy|Drama|Mystery|Thriller","movieID":806,"title":"Ditirambo"},{"genre":"Drama","movieID":807,"title":"Puerta de Hierro, el exilio de Perón"},{"genre":"Adventure|Children|Comedy|Drama","movieID":808,"title":"Wizard, The"},{"genre":"Crime|Mystery|Thriller","movieID":809,"title":"St. Ives"},{"genre":"Crime|Drama|Mystery|Thriller","movieID":810,"title":"Mr. Moto in Danger Island"},{"genre":"Comedy|Romance","movieID":811,"title":"Bar Girls"},{"genre":"Action|Adventure|Children|Comedy|Sci-Fi","movieID":812,"title":"Spy Kids: All the Time in the World in 4D"},{"genre":"Comedy","movieID":813,"title":"Holiday (Jour de fête)"},{"genre":"Horror|Mystery|Thriller","movieID":814,"title":"Mirrors"},{"genre":"Documentary","movieID":815,"title":"Bowling for Columbine"},{"genre":"Action|Drama|War","movieID":816,"title":"The Eagle and the Hawk"},{"genre":"Horror|Thriller","movieID":817,"title":"He Knows You're Alone (a.k.a. Blood Wedding)"},{"genre":"Documentary","movieID":818,"title":"Shadows of Liberty "},{"genre":"Drama","movieID":819,"title":"Gorgeous Hussy, The"},{"genre":"Adventure|Children|Comedy|Musical|Sci-Fi","movieID":820,"title":"Captain EO"},{"genre":"Horror","movieID":821,"title":"The Oblong Box"},{"genre":"Comedy|Drama|Musical","movieID":822,"title":"Bandslam"},{"genre":"Action|Comedy|Crime|Thriller","movieID":823,"title":"Remo Williams: The Adventure Begins"},{"genre":"Documentary","movieID":824,"title":"Modify "},{"genre":"Comedy","movieID":825,"title":"Blue State"},{"genre":"Comedy|Documentary|Romance","movieID":826,"title":"Vermont Is For Lovers"},{"genre":"Comedy","movieID":827,"title":"100 Men and a Girl (One Hundred Men and a Girl)"},{"genre":"Comedy","movieID":828,"title":"Jonah Who Will Be 25 in the Year 2000 (Jonas qui aura 25 ans en l'an 2000)"},{"genre":"Drama|Romance","movieID":829,"title":"Secrets, The (Sodot, Ha-)"},{"genre":"Crime|Drama","movieID":830,"title":"Night of the Following Day, The"},{"genre":"Drama|Musical|Thriller","movieID":831,"title":"Psych-Out"},{"genre":"Crime|Drama","movieID":832,"title":"Blues Harp"},{"genre":"Drama|War","movieID":833,"title":"Bell for Adano, A (John Hersey's A Bell for Adano)"},{"genre":"Drama","movieID":834,"title":"Wild Side"},{"genre":"Action|Crime|Drama|Sci-Fi|Thriller","movieID":835,"title":"RoboCop"},{"genre":"Comedy","movieID":836,"title":"Little Voice"},{"genre":"Comedy","movieID":837,"title":"Les Tuche"},{"genre":"Documentary","movieID":838,"title":"Backyard, The"},{"genre":"Comedy|Thriller","movieID":839,"title":"Bad Eggs"},{"genre":"Horror|Thriller","movieID":840,"title":"Surgeon, The"},{"genre":"Thriller","movieID":841,"title":"Entitled, The"},{"genre":"Action|Sci-Fi|Thriller","movieID":842,"title":"Godzilla Against MechaGodzilla (Gojira tai Mekagojira)"},{"genre":"Drama|Romance","movieID":843,"title":"Dog Tags"},{"genre":"Comedy|Drama","movieID":844,"title":"How About You..."},{"genre":"Drama","movieID":845,"title":"Todos eran culpables"},{"genre":"Comedy","movieID":846,"title":"Goat, The"},{"genre":"Action|Crime|Drama|Thriller","movieID":847,"title":"Line, The (La linea)"},{"genre":"Adventure|Children","movieID":848,"title":"My Side of the Mountain"},{"genre":"Comedy|Musical|Romance","movieID":849,"title":"I'll Be There"},{"genre":"Action|Adventure|Thriller|War","movieID":850,"title":"Marksman, The"},{"genre":"Comedy|Drama|Romance","movieID":851,"title":"Margaret"},{"genre":"Drama|Horror|Sci-Fi","movieID":852,"title":"Frankenstein"},{"genre":"Action|Comedy","movieID":853,"title":"Simon Sez"},{"genre":"Animation|Comedy","movieID":854,"title":"The Madagascar Penguins in a Christmas Caper"},{"genre":"Comedy","movieID":855,"title":"Trading Places"},{"genre":"Crime|Mystery|Thriller","movieID":856,"title":"Reservoir Dogs"},{"genre":"Drama","movieID":857,"title":"Wilson"},{"genre":"Drama","movieID":858,"title":"Majesteit"},{"genre":"Drama","movieID":859,"title":"Hell Without Limits (Lugar sin límites, El)"},{"genre":"Drama|Horror|Mystery|Thriller","movieID":860,"title":"Tale of Two Sisters, A (Janghwa, Hongryeon)"},{"genre":"Comedy|Drama","movieID":861,"title":"American Loser (Trainwreck: My Life as an Idiot)"},{"genre":"Comedy|Drama|Romance","movieID":862,"title":"Rain or Shine"},{"genre":"Action|Crime|Horror|Sci-Fi","movieID":863,"title":"The Brides of Fu Manchu"},{"genre":"Horror","movieID":864,"title":"Day of the Dead"},{"genre":"Drama|Mystery|Western","movieID":865,"title":"Dead Man"},{"genre":"Documentary","movieID":866,"title":"Out of the Clear Blue Sky"},{"genre":"Comedy|Romance","movieID":867,"title":"Wimbledon"},{"genre":"Comedy|Drama|Fantasy","movieID":868,"title":"Girl Walks Into a Bar"},{"genre":"Adventure|Children|Comedy","movieID":869,"title":"Antboy"},{"genre":"Comedy","movieID":870,"title":"Jungle Book of Regulations, A (Nie Ma Rozy Bez Ognia)"},{"genre":"Drama|War","movieID":871,"title":"Boy in the Striped Pajamas, The (Boy in the Striped Pyjamas, The)"},{"genre":"Drama","movieID":872,"title":"Lost and Delirious"},{"genre":"Comedy","movieID":873,"title":"Do Not Disturb"},{"genre":"Comedy|Drama","movieID":874,"title":"Very Social Secretary, A"},{"genre":"Documentary","movieID":875,"title":"Rocky Saga: Going the Distance, The"},{"genre":"Action|Comedy|Crime","movieID":876,"title":"Rent-A-Cop"},{"genre":"Action|Comedy|Horror","movieID":877,"title":"Dead Snow 2: Red vs. Dead "},{"genre":"Drama","movieID":878,"title":"Cold Weather"},{"genre":"Drama","movieID":879,"title":"Day and Night (Le jour et la nuit)"},{"genre":"Drama|War","movieID":880,"title":"Sergeant York"},{"genre":"Comedy|Musical|Romance","movieID":881,"title":"What a Way to Go!"},{"genre":"Action|Drama|Thriller","movieID":882,"title":"JCVD"},{"genre":"Comedy|Drama","movieID":883,"title":"Watermelon Man"},{"genre":"Drama","movieID":884,"title":"Admissions"},{"genre":"Drama|Thriller","movieID":885,"title":"Michael"},{"genre":"Action|Sci-Fi","movieID":886,"title":"Highlander II: The Quickening"},{"genre":"Documentary","movieID":887,"title":"Good Copy Bad Copy"},{"genre":"Action|Drama|Thriller|War","movieID":888,"title":"Rambo (Rambo 4)"},{"genre":"Action|Comedy|Romance","movieID":889,"title":"Chinese Odyssey 2002 (Tian xia wu shuang)"},{"genre":"Crime|Drama|Thriller","movieID":890,"title":"Carlos"},{"genre":"(no genres listed)","movieID":891,"title":"Lilla Jönssonligan på styva linan"},{"genre":"Drama","movieID":892,"title":"Game of Their Lives, The"},{"genre":"Comedy|Drama","movieID":893,"title":"The Merry Widow"},{"genre":"Comedy|War|Western","movieID":894,"title":"Two Mules for Sister Sara"},{"genre":"Adventure|Animation|Children|Comedy","movieID":895,"title":"Penguins of Madagascar"},{"genre":"Drama","movieID":896,"title":"Street Scene"},{"genre":"Drama","movieID":897,"title":"Make Way for Tomorrow"},{"genre":"Comedy|Horror","movieID":898,"title":"Innocent Blood"},{"genre":"Comedy|Drama|Romance","movieID":899,"title":"Irony of Fate, or Enjoy Your Bath! (Ironiya sudby, ili S legkim parom!)"},{"genre":"Action|Crime|Thriller","movieID":900,"title":"S.W.A.T.: Firefight"},{"genre":"Comedy","movieID":901,"title":"Smashing Time"},{"genre":"Drama|War","movieID":902,"title":"Safe Conduct (Laissez-Passer)"},{"genre":"Documentary","movieID":903,"title":"Year Zero: The Silent Death of Cambodia"},{"genre":"Adventure|Comedy","movieID":904,"title":"Mr. Robinson Crusoe"},{"genre":"Comedy|Drama","movieID":905,"title":"Doctor Bull"},{"genre":"Drama|Sci-Fi","movieID":906,"title":"Marooned"},{"genre":"Comedy","movieID":907,"title":"Rock-a-Bye Baby"},{"genre":"Action|Adventure|Comedy","movieID":908,"title":"Rundown, The"},{"genre":"Crime|Thriller","movieID":909,"title":"4.3.2.1"},{"genre":"Action|Crime|Drama","movieID":910,"title":"Shottas"},{"genre":"Documentary","movieID":911,"title":"Commune"},{"genre":"Comedy","movieID":912,"title":"Monty Python's And Now for Something Completely Different"},{"genre":"Action|Adventure|Sci-Fi","movieID":913,"title":"Flash Gordon"},{"genre":"Comedy|Crime","movieID":914,"title":"Great Diamond Robbery, The"},{"genre":"Adventure|Comedy","movieID":915,"title":"Around the World in 80 Days"},{"genre":"(no genres listed)","movieID":916,"title":"Always for Pleasure"},{"genre":"Action|Adventure|Drama|Sci-Fi|Thriller","movieID":917,"title":"Children of Men"},{"genre":"(no genres listed)","movieID":918,"title":"Lucrèce Borgia"},{"genre":"Drama|Thriller","movieID":919,"title":"Murk (Mørke)"},{"genre":"Documentary","movieID":920,"title":"Curse of the Hedgehog, The (Blestemul ariciului)"},{"genre":"Drama|Romance","movieID":921,"title":"My Summer of Love"},{"genre":"Drama|Romance","movieID":922,"title":"The Chatterley Affair"},{"genre":"Crime|Drama|Mystery","movieID":923,"title":"A Fugitive from the Past"},{"genre":"Drama|War","movieID":924,"title":"Under the Bombs"},{"genre":"Drama|War","movieID":925,"title":"PT 109"},{"genre":"Horror","movieID":926,"title":"Nightmare on Elm Street 2: Freddy's Revenge, A"},{"genre":"Drama","movieID":927,"title":"Klimt"},{"genre":"Horror|Thriller","movieID":928,"title":"Blind Date"},{"genre":"Comedy|Drama|Romance","movieID":929,"title":"Sundome"},{"genre":"Comedy|Drama|Romance","movieID":930,"title":"Love on the Run (Amour en fuite, L')"},{"genre":"Crime|Drama|Thriller","movieID":931,"title":"Cassandra's Dream"},{"genre":"Drama","movieID":932,"title":"Thurgood"},{"genre":"Comedy|Drama","movieID":933,"title":"Crane World (Mundo grúa)"},{"genre":"Comedy|Drama|Romance","movieID":934,"title":"Good Marriage, A (Beau mariage, Le)"},{"genre":"Comedy|Drama","movieID":935,"title":"Brothers, The"},{"genre":"Action|Film-Noir|Sci-Fi","movieID":936,"title":"Crime Zone"},{"genre":"Children|Comedy|Romance","movieID":937,"title":"Golden Christmas, A"},{"genre":"Comedy|Drama","movieID":938,"title":"As Cool As I Am"},{"genre":"Film-Noir|Thriller","movieID":939,"title":"No habrá paz para los malvados"},{"genre":"Drama","movieID":940,"title":"Firm, The"},{"genre":"Drama|Romance|War","movieID":941,"title":"Red Angel (Akai tenshi)"},{"genre":"Action|Adventure|Sci-Fi","movieID":942,"title":"Power/Rangers"},{"genre":"Drama|Mystery|Romance|Thriller","movieID":943,"title":"Vertigo"},{"genre":"Drama","movieID":944,"title":"Knight of Cups"},{"genre":"Comedy","movieID":945,"title":"Trojan War"},{"genre":"Action|Animation|Drama|Sci-Fi","movieID":946,"title":"Gunbuster (Top wo Narae)"},{"genre":"Comedy|Drama|Romance","movieID":947,"title":"Majestic, The"},{"genre":"Action|Comedy|Drama|Horror|Romance","movieID":948,"title":"Maniacts"},{"genre":"Drama","movieID":949,"title":"Manon of the Spring (Manon des sources)"},{"genre":"Comedy|Drama","movieID":950,"title":"Little Help, A"},{"genre":"Drama","movieID":951,"title":"Swindle, The (Bidone, Il)"},{"genre":"Drama","movieID":952,"title":"Stone Angel, The"},{"genre":"Drama","movieID":953,"title":"William Vincent (Shadows and Lies)"},{"genre":"Drama","movieID":954,"title":"Noose, The (Petla)"},{"genre":"Drama|Romance","movieID":955,"title":"Jane Austen Book Club, The"},{"genre":"Comedy|Romance","movieID":956,"title":"Dream Wife"},{"genre":"Animation","movieID":957,"title":"Your Friend the Rat"},{"genre":"Drama|Fantasy|Romance|Sci-Fi","movieID":958,"title":"These Are the Damned (a.k.a. The Damned)"},{"genre":"Drama","movieID":959,"title":"House of Tolerance"},{"genre":"Action|Adventure","movieID":960,"title":"Azumi 2: Death or Love"},{"genre":"Horror|Thriller","movieID":961,"title":"Cabin Fever 2: Spring Fever"},{"genre":"Comedy|Drama","movieID":962,"title":"Sum of Us, The"},{"genre":"Action|Animation|Drama|Sci-Fi","movieID":963,"title":"Gunbuster (Top wo Narae)"},{"genre":"Comedy|Thriller","movieID":964,"title":"Family Plot"},{"genre":"Drama","movieID":965,"title":"Scarlet Letter, The"},{"genre":"Drama|Horror|Romance|Thriller","movieID":966,"title":"Cat People"},{"genre":"Action|Adventure|Drama|War","movieID":967,"title":"King Arthur"},{"genre":"Comedy|Romance","movieID":968,"title":"FC Venus"},{"genre":"Adventure|Animation|Fantasy|IMAX","movieID":969,"title":"Legend of the Guardians: The Owls of Ga'Hoole"},{"genre":"Sci-Fi|Thriller","movieID":970,"title":"Machine, The"},{"genre":"Drama|Romance","movieID":971,"title":"Competition, The"},{"genre":"Horror","movieID":972,"title":"Grave Encounters 2"},{"genre":"Drama|Thriller","movieID":973,"title":"Holcroft Covenant, The"},{"genre":"Drama","movieID":974,"title":"Letters to Father Jacob (Postia pappi Jaakobille)"},{"genre":"Comedy|Drama","movieID":975,"title":"Wise Guys, The (Les grandes gueules)"},{"genre":"Documentary","movieID":976,"title":"Lesson Plan "},{"genre":"Documentary|Musical","movieID":977,"title":"All Tomorrow's Parties"},{"genre":"(no genres listed)","movieID":978,"title":"Somewhere Under the Broad Sky"},{"genre":"Comedy|Romance","movieID":979,"title":"Truth About Cats & Dogs, The"},{"genre":"Action|Adventure|Animation","movieID":980,"title":"How to Train Your Dragon 2"},{"genre":"Drama","movieID":981,"title":"Babymother"},{"genre":"Mystery","movieID":982,"title":"Charlie Chan's Chance"},{"genre":"Drama|Horror|Mystery","movieID":983,"title":"Blame (6 Films to Keep You Awake) (Películas para no dormir: La culpa)"},{"genre":"Action|Adventure|Fantasy","movieID":984,"title":"Ator, the Fighting Eagle (Ator l'invincibile)"},{"genre":"Musical","movieID":985,"title":"Silk Stockings"},{"genre":"Crime|Documentary|War","movieID":986,"title":"Standard Operating Procedure"},{"genre":"Drama","movieID":987,"title":"Glass Menagerie, The"},{"genre":"Drama","movieID":988,"title":"Hawk Is Dying, The"},{"genre":"Comedy|Western","movieID":989,"title":"The Seven Males"},{"genre":"Comedy|Drama","movieID":990,"title":"Chill Out! (Descongélate!)"},{"genre":"Drama|Musical|Romance","movieID":991,"title":"As it is in Heaven (Så som i himmelen)"},{"genre":"Documentary","movieID":992,"title":"Capturing the Friedmans"},{"genre":"Drama|Thriller","movieID":993,"title":"German Doctor, The (Wakolda)"},{"genre":"Drama","movieID":994,"title":"Stupid Boy (Garçon stupide)"},{"genre":"Adventure|Comedy|Fantasy","movieID":995,"title":"Nim's Island"},{"genre":"Drama","movieID":996,"title":"Tale of Zatoichi, The (Zatôichi monogatari) (Zatôichi 1)"},{"genre":"Comedy","movieID":997,"title":"Illuminata"},{"genre":"Crime|Drama|Mystery|Thriller","movieID":998,"title":"Think Fast, Mr. Moto"},{"genre":"Comedy","movieID":999,"title":"Uncle Marin, the Billionaire (Nea Marin miliardar) (Uncle Martin, the Multimillionaire)"},{"genre":"Action|Fantasy|Sci-Fi","movieID":1000,"title":"Gamera vs. Jiger"}]
..........................................
]]></system-out>
  </testcase>
  <testcase name="testInsertMoviesGenres on testInsertMoviesGenres(greatTest)" classname="greatTest" time="2.943"/>
  <testcase name="testInsertGenres on testInsertGenres(greatTest)" classname="greatTest" time="193.325"/>
  <testcase name="testInsertMovies on testInsertMovies(greatTest)" classname="greatTest" time="0.641"/>
</testsuite>