-------------------------------------------------------------------------------
Test set: TestSuite
-------------------------------------------------------------------------------
Tests run: 6, Failures: 1, Errors: 0, Skipped: 0, Time elapsed: 3.826 sec <<< FAILURE! - in TestSuite
testInsertMoviesGenres on testInsertMoviesGenres(com.evens.great.greatTest)(com.evens.great.greatTest)  Time elapsed: 0.497 sec  <<< FAILURE!
java.lang.NullPointerException
	at com.evens.great.greatTest.testInsertMoviesGenres(greatTest.java:115)

